Copyright 1986-2022 Xilinx, Inc. All Rights Reserved. Copyright 2022-2025 Advanced Micro Devices, Inc. All Rights Reserved.
---------------------------------------------------------------------------------------------------------------------------------------------
| Tool Version : Vivado v.2025.2 (lin64) Build 6299465 Fri Nov 14 12:34:56 MST 2025
| Date         : Thu Jun 25 05:09:17 2026
| Host         : WIN-DREFJD030RN running 64-bit Ubuntu 26.04 LTS
| Command      : report_timing_summary -file synth_out/real_board_top/timing_summary.rpt
| Design       : cnn_accel_board_top
| Device       : 7a35t-cpg236
| Speed File   : -1  PRODUCTION 1.23 2018-06-13
| Design State : Synthesized
---------------------------------------------------------------------------------------------------------------------------------------------

Timing Summary Report

------------------------------------------------------------------------------------------------
| Timer Settings
| --------------
------------------------------------------------------------------------------------------------

  Enable Multi Corner Analysis               :  Yes
  Enable Pessimism Removal                   :  Yes
  Pessimism Removal Resolution               :  Nearest Common Node
  Enable Input Delay Default Clock           :  No
  Enable Preset / Clear Arcs                 :  No
  Disable Flight Delays                      :  No
  Ignore I/O Paths                           :  No
  Timing Early Launch at Borrowing Latches   :  No
  Borrow Time for Max Delay Exceptions       :  Yes
  Merge Timing Exceptions                    :  Yes
  Inter-SLR Compensation                     :  Conservative

  Corner  Analyze    Analyze    
  Name    Max Paths  Min Paths  
  ------  ---------  ---------  
  Slow    Yes        Yes        
  Fast    Yes        Yes        


------------------------------------------------------------------------------------------------
| Report Methodology
| ------------------
------------------------------------------------------------------------------------------------

No report available as report_methodology has not been run prior. Run report_methodology on the current design for the summary of methodology violations.



check_timing report

Table of Contents
-----------------
1. checking no_clock (0)
2. checking constant_clock (0)
3. checking pulse_width_clock (0)
4. checking unconstrained_internal_endpoints (0)
5. checking no_input_delay (2)
6. checking no_output_delay (4)
7. checking multiple_clock (0)
8. checking generated_clocks (0)
9. checking loops (0)
10. checking partial_input_delay (0)
11. checking partial_output_delay (0)
12. checking latch_loops (0)

1. checking no_clock (0)
------------------------
 There are 0 register/latch pins with no clock.


2. checking constant_clock (0)
------------------------------
 There are 0 register/latch pins with constant_clock.


3. checking pulse_width_clock (0)
---------------------------------
 There are 0 register/latch pins which need pulse_width check


4. checking unconstrained_internal_endpoints (0)
------------------------------------------------
 There are 0 pins that are not constrained for maximum delay.

 There are 0 pins that are not constrained for maximum delay due to constant clock.


5. checking no_input_delay (2)
------------------------------
 There are 2 input ports with no input delay specified. (HIGH)

 There are 0 input ports with no input delay but user has a false path constraint.


6. checking no_output_delay (4)
-------------------------------
 There are 4 ports with no output delay specified. (HIGH)

 There are 0 ports with no output delay but user has a false path constraint

 There are 0 ports with no output delay but with a timing clock defined on it or propagating through it


7. checking multiple_clock (0)
------------------------------
 There are 0 register/latch pins with multiple clocks.


8. checking generated_clocks (0)
--------------------------------
 There are 0 generated clocks that are not connected to a clock source.


9. checking loops (0)
---------------------
 There are 0 combinational loops in the design.


10. checking partial_input_delay (0)
------------------------------------
 There are 0 input ports with partial input delay specified.


11. checking partial_output_delay (0)
-------------------------------------
 There are 0 ports with partial output delay specified.


12. checking latch_loops (0)
----------------------------
 There are 0 combinational latch loops in the design through latch input



------------------------------------------------------------------------------------------------
| Design Timing Summary
| ---------------------
------------------------------------------------------------------------------------------------

    WNS(ns)      TNS(ns)  TNS Failing Endpoints  TNS Total Endpoints      WHS(ns)      THS(ns)  THS Failing Endpoints  THS Total Endpoints     WPWS(ns)     TPWS(ns)  TPWS Failing Endpoints  TPWS Total Endpoints  
    -------      -------  ---------------------  -------------------      -------      -------  ---------------------  -------------------     --------     --------  ----------------------  --------------------  
      0.489        0.000                      0                12514        0.134        0.000                      0                12514        4.500        0.000                       0                  6258  


All user specified timing constraints are met.


------------------------------------------------------------------------------------------------
| Clock Summary
| -------------
------------------------------------------------------------------------------------------------

Clock  Waveform(ns)       Period(ns)      Frequency(MHz)
-----  ------------       ----------      --------------
clk    {0.000 5.000}      10.000          100.000         


------------------------------------------------------------------------------------------------
| Intra Clock Table
| -----------------
------------------------------------------------------------------------------------------------

Clock             WNS(ns)      TNS(ns)  TNS Failing Endpoints  TNS Total Endpoints      WHS(ns)      THS(ns)  THS Failing Endpoints  THS Total Endpoints     WPWS(ns)     TPWS(ns)  TPWS Failing Endpoints  TPWS Total Endpoints  
-----             -------      -------  ---------------------  -------------------      -------      -------  ---------------------  -------------------     --------     --------  ----------------------  --------------------  
clk                 0.489        0.000                      0                12514        0.134        0.000                      0                12514        4.500        0.000                       0                  6258  


------------------------------------------------------------------------------------------------
| Inter Clock Table
| -----------------
------------------------------------------------------------------------------------------------

From Clock    To Clock          WNS(ns)      TNS(ns)  TNS Failing Endpoints  TNS Total Endpoints      WHS(ns)      THS(ns)  THS Failing Endpoints  THS Total Endpoints  
----------    --------          -------      -------  ---------------------  -------------------      -------      -------  ---------------------  -------------------  


------------------------------------------------------------------------------------------------
| Other Path Groups Table
| -----------------------
------------------------------------------------------------------------------------------------

Path Group    From Clock    To Clock          WNS(ns)      TNS(ns)  TNS Failing Endpoints  TNS Total Endpoints      WHS(ns)      THS(ns)  THS Failing Endpoints  THS Total Endpoints  
----------    ----------    --------          -------      -------  ---------------------  -------------------      -------      -------  ---------------------  -------------------  


------------------------------------------------------------------------------------------------
| Timing Details
| --------------
------------------------------------------------------------------------------------------------


---------------------------------------------------------------------------------------------------
From Clock:  clk
  To Clock:  clk

Setup :            0  Failing Endpoints,  Worst Slack        0.489ns,  Total Violation        0.000ns
Hold  :            0  Failing Endpoints,  Worst Slack        0.134ns,  Total Violation        0.000ns
PW    :            0  Failing Endpoints,  Worst Slack        4.500ns,  Total Violation        0.000ns
---------------------------------------------------------------------------------------------------


Max Delay Paths
--------------------------------------------------------------------------------------
Slack (MET) :             0.489ns  (required time - arrival time)
  Source:                 u_system_core/u_streaming_core/u_conv_engine/acc_s3_reg[1]/C
                            (rising edge-triggered cell FDCE clocked by clk  {rise@0.000ns fall@5.000ns period=10.000ns})
  Destination:            u_system_core/u_streaming_core/u_conv_engine/out_data_reg[0]/D
                            (rising edge-triggered cell FDCE clocked by clk  {rise@0.000ns fall@5.000ns period=10.000ns})
  Path Group:             clk
  Path Type:              Setup (Max at Slow Process Corner)
  Requirement:            10.000ns  (clk rise@10.000ns - clk rise@0.000ns)
  Data Path Delay:        9.360ns  (logic 4.412ns (47.137%)  route 4.948ns (52.863%))
  Logic Levels:           18  (CARRY4=12 LUT3=1 LUT5=1 LUT6=4)
  Clock Path Skew:        -0.145ns (DCD - SCD + CPR)
    Destination Clock Delay (DCD):    2.079ns = ( 12.079 - 10.000 ) 
    Source Clock Delay      (SCD):    2.402ns
    Clock Pessimism Removal (CPR):    0.178ns
  Clock Uncertainty:      0.035ns  ((TSJ^2 + TIJ^2)^1/2 + DJ) / 2 + PE
    Total System Jitter     (TSJ):    0.071ns
    Total Input Jitter      (TIJ):    0.000ns
    Discrete Jitter          (DJ):    0.000ns
    Phase Error              (PE):    0.000ns

    Location             Delay type                Incr(ns)  Path(ns)    Netlist Resource(s)
  -------------------------------------------------------------------    -------------------
                         (clock clk rise edge)        0.000     0.000 r  
                                                      0.000     0.000 r  clk (IN)
                         net (fo=0)                   0.000     0.000    clk
                         IBUF (Prop_ibuf_I_O)         0.923     0.923 r  clk_IBUF_inst/O
                         net (fo=1, unplaced)         0.800     1.722    clk_IBUF
                         BUFG (Prop_bufg_I_O)         0.096     1.818 r  clk_IBUF_BUFG_inst/O
                         net (fo=6257, unplaced)      0.584     2.402    u_system_core/u_streaming_core/u_conv_engine/clk
                         FDCE                                         r  u_system_core/u_streaming_core/u_conv_engine/acc_s3_reg[1]/C
  -------------------------------------------------------------------    -------------------
                         FDCE (Prop_fdce_C_Q)         0.478     2.880 r  u_system_core/u_streaming_core/u_conv_engine/acc_s3_reg[1]/Q
                         net (fo=2, unplaced)         0.752     3.632    u_system_core/u_streaming_core/u_conv_engine/acc_s3[1]
                         LUT3 (Prop_lut3_I0_O)        0.295     3.927 r  u_system_core/u_streaming_core/u_conv_engine/out_data[3]_i_7/O
                         net (fo=1, unplaced)         0.000     3.927    u_system_core/u_streaming_core/u_conv_engine/out_data[3]_i_7_n_0
                         CARRY4 (Prop_carry4_S[1]_CO[3])
                                                      0.533     4.460 r  u_system_core/u_streaming_core/u_conv_engine/out_data_reg[3]_i_3/CO[3]
                         net (fo=1, unplaced)         0.009     4.469    u_system_core/u_streaming_core/u_conv_engine/out_data_reg[3]_i_3_n_0
                         CARRY4 (Prop_carry4_CI_CO[3])
                                                      0.117     4.586 r  u_system_core/u_streaming_core/u_conv_engine/out_data_reg[7]_i_3/CO[3]
                         net (fo=1, unplaced)         0.000     4.586    u_system_core/u_streaming_core/u_conv_engine/out_data_reg[7]_i_3_n_0
                         CARRY4 (Prop_carry4_CI_CO[3])
                                                      0.117     4.703 r  u_system_core/u_streaming_core/u_conv_engine/out_data_reg[7]_i_65/CO[3]
                         net (fo=1, unplaced)         0.000     4.703    u_system_core/u_streaming_core/u_conv_engine/out_data_reg[7]_i_65_n_0
                         CARRY4 (Prop_carry4_CI_CO[3])
                                                      0.117     4.820 r  u_system_core/u_streaming_core/u_conv_engine/out_data_reg[7]_i_63/CO[3]
                         net (fo=1, unplaced)         0.000     4.820    u_system_core/u_streaming_core/u_conv_engine/out_data_reg[7]_i_63_n_0
                         CARRY4 (Prop_carry4_CI_CO[3])
                                                      0.117     4.937 r  u_system_core/u_streaming_core/u_conv_engine/out_data_reg[7]_i_64/CO[3]
                         net (fo=1, unplaced)         0.000     4.937    u_system_core/u_streaming_core/u_conv_engine/out_data_reg[7]_i_64_n_0
                         CARRY4 (Prop_carry4_CI_CO[3])
                                                      0.117     5.054 r  u_system_core/u_streaming_core/u_conv_engine/out_data_reg[7]_i_62/CO[3]
                         net (fo=1, unplaced)         0.000     5.054    u_system_core/u_streaming_core/u_conv_engine/out_data_reg[7]_i_62_n_0
                         CARRY4 (Prop_carry4_CI_CO[3])
                                                      0.117     5.171 r  u_system_core/u_streaming_core/u_conv_engine/out_data_reg[7]_i_38/CO[3]
                         net (fo=1, unplaced)         0.000     5.171    u_system_core/u_streaming_core/u_conv_engine/out_data_reg[7]_i_38_n_0
                         CARRY4 (Prop_carry4_CI_O[3])
                                                      0.331     5.502 f  u_system_core/u_streaming_core/u_conv_engine/out_data_reg[7]_i_15/O[3]
                         net (fo=53, unplaced)        0.702     6.204    u_system_core/u_streaming_core/u_conv_engine/tmp_bias[31]
                         LUT5 (Prop_lut5_I3_O)        0.299     6.503 r  u_system_core/u_streaming_core/u_conv_engine/out_data[7]_i_23/O
                         net (fo=4, unplaced)         0.926     7.429    u_system_core/u_streaming_core/u_conv_engine/out_data[7]_i_23_n_0
                         LUT6 (Prop_lut6_I1_O)        0.124     7.553 r  u_system_core/u_streaming_core/u_conv_engine/out_data[7]_i_7/O
                         net (fo=5, unplaced)         0.930     8.483    u_system_core/u_streaming_core/u_conv_engine/out_data[7]_i_7_n_0
                         LUT6 (Prop_lut6_I1_O)        0.124     8.607 r  u_system_core/u_streaming_core/u_conv_engine/out_data[7]_i_153/O
                         net (fo=4, unplaced)         0.473     9.080    u_system_core/u_streaming_core/u_conv_engine/tmp_quant0[9]
                         LUT6 (Prop_lut6_I5_O)        0.124     9.204 r  u_system_core/u_streaming_core/u_conv_engine/out_data[7]_i_142/O
                         net (fo=1, unplaced)         0.639     9.843    u_system_core/u_streaming_core/u_conv_engine/out_data[7]_i_142_n_0
                         CARRY4 (Prop_carry4_DI[1]_CO[3])
                                                      0.520    10.363 r  u_system_core/u_streaming_core/u_conv_engine/out_data_reg[7]_i_89/CO[3]
                         net (fo=1, unplaced)         0.009    10.372    u_system_core/u_streaming_core/u_conv_engine/out_data_reg[7]_i_89_n_0
                         CARRY4 (Prop_carry4_CI_CO[3])
                                                      0.117    10.489 r  u_system_core/u_streaming_core/u_conv_engine/out_data_reg[7]_i_53/CO[3]
                         net (fo=1, unplaced)         0.000    10.489    u_system_core/u_streaming_core/u_conv_engine/out_data_reg[7]_i_53_n_0
                         CARRY4 (Prop_carry4_CI_CO[3])
                                                      0.117    10.606 r  u_system_core/u_streaming_core/u_conv_engine/out_data_reg[7]_i_19/CO[3]
                         net (fo=1, unplaced)         0.000    10.606    u_system_core/u_streaming_core/u_conv_engine/out_data_reg[7]_i_19_n_0
                         CARRY4 (Prop_carry4_CI_CO[0])
                                                      0.281    10.887 r  u_system_core/u_streaming_core/u_conv_engine/out_data_reg[7]_i_6/CO[0]
                         net (fo=8, unplaced)         0.508    11.395    u_system_core/u_streaming_core/u_conv_engine/saturate_to_out10_in
                         LUT6 (Prop_lut6_I0_O)        0.367    11.762 r  u_system_core/u_streaming_core/u_conv_engine/out_data[0]_i_1/O
                         net (fo=1, unplaced)         0.000    11.762    u_system_core/u_streaming_core/u_conv_engine/saturate_to_out_return[0]
                         FDCE                                         r  u_system_core/u_streaming_core/u_conv_engine/out_data_reg[0]/D
  -------------------------------------------------------------------    -------------------

                         (clock clk rise edge)       10.000    10.000 r  
                                                      0.000    10.000 r  clk (IN)
                         net (fo=0)                   0.000    10.000    clk
                         IBUF (Prop_ibuf_I_O)         0.789    10.789 r  clk_IBUF_inst/O
                         net (fo=1, unplaced)         0.760    11.549    clk_IBUF
                         BUFG (Prop_bufg_I_O)         0.091    11.640 r  clk_IBUF_BUFG_inst/O
                         net (fo=6257, unplaced)      0.439    12.079    u_system_core/u_streaming_core/u_conv_engine/clk
                         FDCE                                         r  u_system_core/u_streaming_core/u_conv_engine/out_data_reg[0]/C
                         clock pessimism              0.178    12.257    
                         clock uncertainty           -0.035    12.222    
                         FDCE (Setup_fdce_C_D)        0.029    12.251    u_system_core/u_streaming_core/u_conv_engine/out_data_reg[0]
  -------------------------------------------------------------------
                         required time                         12.251    
                         arrival time                         -11.762    
  -------------------------------------------------------------------
                         slack                                  0.489    





Min Delay Paths
--------------------------------------------------------------------------------------
Slack (MET) :             0.134ns  (arrival time - required time)
  Source:                 u_system_core/u_streaming_core/conv_last_s4_reg/C
                            (rising edge-triggered cell FDCE clocked by clk  {rise@0.000ns fall@5.000ns period=10.000ns})
  Destination:            u_system_core/u_streaming_core/out_fifo_last_reg[0]/D
                            (rising edge-triggered cell FDCE clocked by clk  {rise@0.000ns fall@5.000ns period=10.000ns})
  Path Group:             clk
  Path Type:              Hold (Min at Fast Process Corner)
  Requirement:            0.000ns  (clk rise@0.000ns - clk rise@0.000ns)
  Data Path Delay:        0.370ns  (logic 0.239ns (64.578%)  route 0.131ns (35.422%))
  Logic Levels:           1  (LUT2=1)
  Clock Path Skew:        0.145ns (DCD - SCD - CPR)
    Destination Clock Delay (DCD):    0.983ns
    Source Clock Delay      (SCD):    0.629ns
    Clock Pessimism Removal (CPR):    0.209ns

    Location             Delay type                Incr(ns)  Path(ns)    Netlist Resource(s)
  -------------------------------------------------------------------    -------------------
                         (clock clk rise edge)        0.000     0.000 r  
                                                      0.000     0.000 r  clk (IN)
                         net (fo=0)                   0.000     0.000    clk
                         IBUF (Prop_ibuf_I_O)         0.152     0.152 r  clk_IBUF_inst/O
                         net (fo=1, unplaced)         0.337     0.489    clk_IBUF
                         BUFG (Prop_bufg_I_O)         0.026     0.515 r  clk_IBUF_BUFG_inst/O
                         net (fo=6257, unplaced)      0.114     0.629    u_system_core/u_streaming_core/clk
                         FDCE                                         r  u_system_core/u_streaming_core/conv_last_s4_reg/C
  -------------------------------------------------------------------    -------------------
                         FDCE (Prop_fdce_C_Q)         0.141     0.770 r  u_system_core/u_streaming_core/conv_last_s4_reg/Q
                         net (fo=1, unplaced)         0.131     0.901    u_system_core/u_streaming_core/conv_last_s4_reg_n_0
                         LUT2 (Prop_lut2_I1_O)        0.098     0.999 r  u_system_core/u_streaming_core/out_fifo_last[0]_i_1/O
                         net (fo=32, unplaced)        0.000     0.999    u_system_core/u_streaming_core/out_fifo_last62_out
                         FDCE                                         r  u_system_core/u_streaming_core/out_fifo_last_reg[0]/D
  -------------------------------------------------------------------    -------------------

                         (clock clk rise edge)        0.000     0.000 r  
                                                      0.000     0.000 r  clk (IN)
                         net (fo=0)                   0.000     0.000    clk
                         IBUF (Prop_ibuf_I_O)         0.340     0.340 r  clk_IBUF_inst/O
                         net (fo=1, unplaced)         0.355     0.695    clk_IBUF
                         BUFG (Prop_bufg_I_O)         0.029     0.724 r  clk_IBUF_BUFG_inst/O
                         net (fo=6257, unplaced)      0.259     0.983    u_system_core/u_streaming_core/clk
                         FDCE                                         r  u_system_core/u_streaming_core/out_fifo_last_reg[0]/C
                         clock pessimism             -0.209     0.774    
                         FDCE (Hold_fdce_C_D)         0.091     0.865    u_system_core/u_streaming_core/out_fifo_last_reg[0]
  -------------------------------------------------------------------
                         required time                         -0.865    
                         arrival time                           0.999    
  -------------------------------------------------------------------
                         slack                                  0.134    





Pulse Width Checks
--------------------------------------------------------------------------------------
Clock Name:         clk
Waveform(ns):       { 0.000 5.000 }
Period(ns):         10.000
Sources:            { clk }

Check Type        Corner  Lib Pin             Reference Pin  Required(ns)  Actual(ns)  Slack(ns)  Location  Pin
Min Period        n/a     RAMB36E1/CLKARDCLK  n/a            2.944         10.000      7.056                u_system_core/u_result_buffer/ram_reg_0/CLKARDCLK
Low Pulse Width   Slow    FDCE/C              n/a            0.500         5.000       4.500                led_done_q_reg/C
High Pulse Width  Slow    FDCE/C              n/a            0.500         5.000       4.500                led_done_q_reg/C



