Copyright 1986-2022 Xilinx, Inc. All Rights Reserved. Copyright 2022-2025 Advanced Micro Devices, Inc. All Rights Reserved.
---------------------------------------------------------------------------------------------------------------------------------------------
| Tool Version : Vivado v.2025.2 (lin64) Build 6299465 Fri Nov 14 12:34:56 MST 2025
| Date         : Thu Jun 25 05:05:06 2026
| Host         : WIN-DREFJD030RN running 64-bit Ubuntu 26.04 LTS
| Command      : report_timing -max_paths 10 -sort_by slack -path_type full -file synth_out/real_board_top/worst_paths.rpt
| Design       : cnn_accel_board_top
| Device       : 7a35t-cpg236
| Speed File   : -1  PRODUCTION 1.23 2018-06-13
| Design State : Synthesized
---------------------------------------------------------------------------------------------------------------------------------------------

Timing Report

Slack (VIOLATED) :        -0.962ns  (required time - arrival time)
  Source:                 u_system_core/u_config_loader/image_width_reg[0]/C
                            (rising edge-triggered cell FDCE clocked by clk  {rise@0.000ns fall@5.000ns period=10.000ns})
  Destination:            u_system_core/u_streaming_core/total_windows_calc0/C[0]
                            (rising edge-triggered cell DSP48E1 clocked by clk  {rise@0.000ns fall@5.000ns period=10.000ns})
  Path Group:             clk
  Path Type:              Setup (Max at Slow Process Corner)
  Requirement:            10.000ns  (clk rise@10.000ns - clk rise@0.000ns)
  Data Path Delay:        9.081ns  (logic 5.979ns (65.840%)  route 3.102ns (34.160%))
  Logic Levels:           6  (CARRY4=4 DSP48E1=1 LUT2=1)
  Clock Path Skew:        -0.145ns (DCD - SCD + CPR)
    Destination Clock Delay (DCD):    2.079ns = ( 12.079 - 10.000 ) 
    Source Clock Delay      (SCD):    2.402ns
    Clock Pessimism Removal (CPR):    0.178ns
  Clock Uncertainty:      0.035ns  ((TSJ^2 + TIJ^2)^1/2 + DJ) / 2 + PE
    Total System Jitter     (TSJ):    0.071ns
    Total Input Jitter      (TIJ):    0.000ns
    Discrete Jitter          (DJ):    0.000ns
    Phase Error              (PE):    0.000ns

    Location             Delay type                Incr(ns)  Path(ns)    Netlist Resource(s)
  -------------------------------------------------------------------    -------------------
                         (clock clk rise edge)        0.000     0.000 r  
                         propagated clock network latency
                                                      2.402     2.402    
                         FDCE                         0.000     2.402 r  u_system_core/u_config_loader/image_width_reg[0]/C
                         FDCE (Prop_fdce_C_Q)         0.456     2.858 r  u_system_core/u_config_loader/image_width_reg[0]/Q
                         net (fo=5, unplaced)         0.694     3.552    u_system_core/u_streaming_core/image_width[0]
                         CARRY4 (Prop_carry4_S[0]_CO[3])
                                                      0.808     4.360 r  u_system_core/u_streaming_core/total_windows_calc1_i_8/CO[3]
                         net (fo=1, unplaced)         0.009     4.369    u_system_core/u_streaming_core/total_windows_calc1_i_8_n_0
                         CARRY4 (Prop_carry4_CI_CO[3])
                                                      0.117     4.486 r  u_system_core/u_streaming_core/total_windows_calc1_i_7/CO[3]
                         net (fo=1, unplaced)         0.000     4.486    u_system_core/u_streaming_core/total_windows_calc1_i_7_n_0
                         CARRY4 (Prop_carry4_CI_CO[3])
                                                      0.117     4.603 r  u_system_core/u_streaming_core/total_windows_calc1_i_6/CO[3]
                         net (fo=1, unplaced)         0.000     4.603    u_system_core/u_streaming_core/total_windows_calc1_i_6_n_0
                         CARRY4 (Prop_carry4_CI_O[1])
                                                      0.337     4.940 r  u_system_core/u_streaming_core/total_windows_calc1_i_5/O[1]
                         net (fo=1, unplaced)         0.800     5.740    u_system_core/u_streaming_core/A[13]
                         DSP48E1 (Prop_dsp48e1_A[13]_P[0])
                                                      4.020     9.760 r  u_system_core/u_streaming_core/total_windows_calc1/P[0]
                         net (fo=1, unplaced)         0.800    10.560    u_system_core/u_streaming_core/total_windows_calc1_n_105
                         LUT2 (Prop_lut2_I1_O)        0.124    10.684 r  u_system_core/u_streaming_core/total_windows_calc0_i_32/O
                         net (fo=1, unplaced)         0.800    11.483    u_system_core/u_streaming_core/total_windows_calc0_i_32_n_0
                         DSP48E1                                      r  u_system_core/u_streaming_core/total_windows_calc0/C[0]
  -------------------------------------------------------------------    -------------------

                         (clock clk rise edge)       10.000    10.000 r  
                         propagated clock network latency
                                                      2.079    12.079    
                         clock pessimism              0.178    12.257    
                         clock uncertainty           -0.035    12.222    
                         DSP48E1 (Setup_dsp48e1_CLK_C[0])
                                                     -1.701    10.521    u_system_core/u_streaming_core/total_windows_calc0
  -------------------------------------------------------------------
                         required time                         10.521    
                         arrival time                         -11.483    
  -------------------------------------------------------------------
                         slack                                 -0.962    

Slack (VIOLATED) :        -0.962ns  (required time - arrival time)
  Source:                 u_system_core/u_config_loader/image_width_reg[0]/C
                            (rising edge-triggered cell FDCE clocked by clk  {rise@0.000ns fall@5.000ns period=10.000ns})
  Destination:            u_system_core/u_streaming_core/total_windows_calc0/C[10]
                            (rising edge-triggered cell DSP48E1 clocked by clk  {rise@0.000ns fall@5.000ns period=10.000ns})
  Path Group:             clk
  Path Type:              Setup (Max at Slow Process Corner)
  Requirement:            10.000ns  (clk rise@10.000ns - clk rise@0.000ns)
  Data Path Delay:        9.081ns  (logic 5.979ns (65.840%)  route 3.102ns (34.160%))
  Logic Levels:           6  (CARRY4=4 DSP48E1=1 LUT2=1)
  Clock Path Skew:        -0.145ns (DCD - SCD + CPR)
    Destination Clock Delay (DCD):    2.079ns = ( 12.079 - 10.000 ) 
    Source Clock Delay      (SCD):    2.402ns
    Clock Pessimism Removal (CPR):    0.178ns
  Clock Uncertainty:      0.035ns  ((TSJ^2 + TIJ^2)^1/2 + DJ) / 2 + PE
    Total System Jitter     (TSJ):    0.071ns
    Total Input Jitter      (TIJ):    0.000ns
    Discrete Jitter          (DJ):    0.000ns
    Phase Error              (PE):    0.000ns

    Location             Delay type                Incr(ns)  Path(ns)    Netlist Resource(s)
  -------------------------------------------------------------------    -------------------
                         (clock clk rise edge)        0.000     0.000 r  
                         propagated clock network latency
                                                      2.402     2.402    
                         FDCE                         0.000     2.402 r  u_system_core/u_config_loader/image_width_reg[0]/C
                         FDCE (Prop_fdce_C_Q)         0.456     2.858 r  u_system_core/u_config_loader/image_width_reg[0]/Q
                         net (fo=5, unplaced)         0.694     3.552    u_system_core/u_streaming_core/image_width[0]
                         CARRY4 (Prop_carry4_S[0]_CO[3])
                                                      0.808     4.360 r  u_system_core/u_streaming_core/total_windows_calc1_i_8/CO[3]
                         net (fo=1, unplaced)         0.009     4.369    u_system_core/u_streaming_core/total_windows_calc1_i_8_n_0
                         CARRY4 (Prop_carry4_CI_CO[3])
                                                      0.117     4.486 r  u_system_core/u_streaming_core/total_windows_calc1_i_7/CO[3]
                         net (fo=1, unplaced)         0.000     4.486    u_system_core/u_streaming_core/total_windows_calc1_i_7_n_0
                         CARRY4 (Prop_carry4_CI_CO[3])
                                                      0.117     4.603 r  u_system_core/u_streaming_core/total_windows_calc1_i_6/CO[3]
                         net (fo=1, unplaced)         0.000     4.603    u_system_core/u_streaming_core/total_windows_calc1_i_6_n_0
                         CARRY4 (Prop_carry4_CI_O[1])
                                                      0.337     4.940 r  u_system_core/u_streaming_core/total_windows_calc1_i_5/O[1]
                         net (fo=1, unplaced)         0.800     5.740    u_system_core/u_streaming_core/A[13]
                         DSP48E1 (Prop_dsp48e1_A[13]_P[10])
                                                      4.020     9.760 r  u_system_core/u_streaming_core/total_windows_calc1/P[10]
                         net (fo=1, unplaced)         0.800    10.560    u_system_core/u_streaming_core/total_windows_calc1_n_95
                         LUT2 (Prop_lut2_I1_O)        0.124    10.684 r  u_system_core/u_streaming_core/total_windows_calc0_i_22/O
                         net (fo=1, unplaced)         0.800    11.483    u_system_core/u_streaming_core/total_windows_calc0_i_22_n_0
                         DSP48E1                                      r  u_system_core/u_streaming_core/total_windows_calc0/C[10]
  -------------------------------------------------------------------    -------------------

                         (clock clk rise edge)       10.000    10.000 r  
                         propagated clock network latency
                                                      2.079    12.079    
                         clock pessimism              0.178    12.257    
                         clock uncertainty           -0.035    12.222    
                         DSP48E1 (Setup_dsp48e1_CLK_C[10])
                                                     -1.701    10.521    u_system_core/u_streaming_core/total_windows_calc0
  -------------------------------------------------------------------
                         required time                         10.521    
                         arrival time                         -11.483    
  -------------------------------------------------------------------
                         slack                                 -0.962    

Slack (VIOLATED) :        -0.962ns  (required time - arrival time)
  Source:                 u_system_core/u_config_loader/image_width_reg[0]/C
                            (rising edge-triggered cell FDCE clocked by clk  {rise@0.000ns fall@5.000ns period=10.000ns})
  Destination:            u_system_core/u_streaming_core/total_windows_calc0/C[11]
                            (rising edge-triggered cell DSP48E1 clocked by clk  {rise@0.000ns fall@5.000ns period=10.000ns})
  Path Group:             clk
  Path Type:              Setup (Max at Slow Process Corner)
  Requirement:            10.000ns  (clk rise@10.000ns - clk rise@0.000ns)
  Data Path Delay:        9.081ns  (logic 5.979ns (65.840%)  route 3.102ns (34.160%))
  Logic Levels:           6  (CARRY4=4 DSP48E1=1 LUT2=1)
  Clock Path Skew:        -0.145ns (DCD - SCD + CPR)
    Destination Clock Delay (DCD):    2.079ns = ( 12.079 - 10.000 ) 
    Source Clock Delay      (SCD):    2.402ns
    Clock Pessimism Removal (CPR):    0.178ns
  Clock Uncertainty:      0.035ns  ((TSJ^2 + TIJ^2)^1/2 + DJ) / 2 + PE
    Total System Jitter     (TSJ):    0.071ns
    Total Input Jitter      (TIJ):    0.000ns
    Discrete Jitter          (DJ):    0.000ns
    Phase Error              (PE):    0.000ns

    Location             Delay type                Incr(ns)  Path(ns)    Netlist Resource(s)
  -------------------------------------------------------------------    -------------------
                         (clock clk rise edge)        0.000     0.000 r  
                         propagated clock network latency
                                                      2.402     2.402    
                         FDCE                         0.000     2.402 r  u_system_core/u_config_loader/image_width_reg[0]/C
                         FDCE (Prop_fdce_C_Q)         0.456     2.858 r  u_system_core/u_config_loader/image_width_reg[0]/Q
                         net (fo=5, unplaced)         0.694     3.552    u_system_core/u_streaming_core/image_width[0]
                         CARRY4 (Prop_carry4_S[0]_CO[3])
                                                      0.808     4.360 r  u_system_core/u_streaming_core/total_windows_calc1_i_8/CO[3]
                         net (fo=1, unplaced)         0.009     4.369    u_system_core/u_streaming_core/total_windows_calc1_i_8_n_0
                         CARRY4 (Prop_carry4_CI_CO[3])
                                                      0.117     4.486 r  u_system_core/u_streaming_core/total_windows_calc1_i_7/CO[3]
                         net (fo=1, unplaced)         0.000     4.486    u_system_core/u_streaming_core/total_windows_calc1_i_7_n_0
                         CARRY4 (Prop_carry4_CI_CO[3])
                                                      0.117     4.603 r  u_system_core/u_streaming_core/total_windows_calc1_i_6/CO[3]
                         net (fo=1, unplaced)         0.000     4.603    u_system_core/u_streaming_core/total_windows_calc1_i_6_n_0
                         CARRY4 (Prop_carry4_CI_O[1])
                                                      0.337     4.940 r  u_system_core/u_streaming_core/total_windows_calc1_i_5/O[1]
                         net (fo=1, unplaced)         0.800     5.740    u_system_core/u_streaming_core/A[13]
                         DSP48E1 (Prop_dsp48e1_A[13]_P[11])
                                                      4.020     9.760 r  u_system_core/u_streaming_core/total_windows_calc1/P[11]
                         net (fo=1, unplaced)         0.800    10.560    u_system_core/u_streaming_core/total_windows_calc1_n_94
                         LUT2 (Prop_lut2_I1_O)        0.124    10.684 r  u_system_core/u_streaming_core/total_windows_calc0_i_21/O
                         net (fo=1, unplaced)         0.800    11.483    u_system_core/u_streaming_core/total_windows_calc0_i_21_n_0
                         DSP48E1                                      r  u_system_core/u_streaming_core/total_windows_calc0/C[11]
  -------------------------------------------------------------------    -------------------

                         (clock clk rise edge)       10.000    10.000 r  
                         propagated clock network latency
                                                      2.079    12.079    
                         clock pessimism              0.178    12.257    
                         clock uncertainty           -0.035    12.222    
                         DSP48E1 (Setup_dsp48e1_CLK_C[11])
                                                     -1.701    10.521    u_system_core/u_streaming_core/total_windows_calc0
  -------------------------------------------------------------------
                         required time                         10.521    
                         arrival time                         -11.483    
  -------------------------------------------------------------------
                         slack                                 -0.962    

Slack (VIOLATED) :        -0.962ns  (required time - arrival time)
  Source:                 u_system_core/u_config_loader/image_width_reg[0]/C
                            (rising edge-triggered cell FDCE clocked by clk  {rise@0.000ns fall@5.000ns period=10.000ns})
  Destination:            u_system_core/u_streaming_core/total_windows_calc0/C[12]
                            (rising edge-triggered cell DSP48E1 clocked by clk  {rise@0.000ns fall@5.000ns period=10.000ns})
  Path Group:             clk
  Path Type:              Setup (Max at Slow Process Corner)
  Requirement:            10.000ns  (clk rise@10.000ns - clk rise@0.000ns)
  Data Path Delay:        9.081ns  (logic 5.979ns (65.840%)  route 3.102ns (34.160%))
  Logic Levels:           6  (CARRY4=4 DSP48E1=1 LUT2=1)
  Clock Path Skew:        -0.145ns (DCD - SCD + CPR)
    Destination Clock Delay (DCD):    2.079ns = ( 12.079 - 10.000 ) 
    Source Clock Delay      (SCD):    2.402ns
    Clock Pessimism Removal (CPR):    0.178ns
  Clock Uncertainty:      0.035ns  ((TSJ^2 + TIJ^2)^1/2 + DJ) / 2 + PE
    Total System Jitter     (TSJ):    0.071ns
    Total Input Jitter      (TIJ):    0.000ns
    Discrete Jitter          (DJ):    0.000ns
    Phase Error              (PE):    0.000ns

    Location             Delay type                Incr(ns)  Path(ns)    Netlist Resource(s)
  -------------------------------------------------------------------    -------------------
                         (clock clk rise edge)        0.000     0.000 r  
                         propagated clock network latency
                                                      2.402     2.402    
                         FDCE                         0.000     2.402 r  u_system_core/u_config_loader/image_width_reg[0]/C
                         FDCE (Prop_fdce_C_Q)         0.456     2.858 r  u_system_core/u_config_loader/image_width_reg[0]/Q
                         net (fo=5, unplaced)         0.694     3.552    u_system_core/u_streaming_core/image_width[0]
                         CARRY4 (Prop_carry4_S[0]_CO[3])
                                                      0.808     4.360 r  u_system_core/u_streaming_core/total_windows_calc1_i_8/CO[3]
                         net (fo=1, unplaced)         0.009     4.369    u_system_core/u_streaming_core/total_windows_calc1_i_8_n_0
                         CARRY4 (Prop_carry4_CI_CO[3])
                                                      0.117     4.486 r  u_system_core/u_streaming_core/total_windows_calc1_i_7/CO[3]
                         net (fo=1, unplaced)         0.000     4.486    u_system_core/u_streaming_core/total_windows_calc1_i_7_n_0
                         CARRY4 (Prop_carry4_CI_CO[3])
                                                      0.117     4.603 r  u_system_core/u_streaming_core/total_windows_calc1_i_6/CO[3]
                         net (fo=1, unplaced)         0.000     4.603    u_system_core/u_streaming_core/total_windows_calc1_i_6_n_0
                         CARRY4 (Prop_carry4_CI_O[1])
                                                      0.337     4.940 r  u_system_core/u_streaming_core/total_windows_calc1_i_5/O[1]
                         net (fo=1, unplaced)         0.800     5.740    u_system_core/u_streaming_core/A[13]
                         DSP48E1 (Prop_dsp48e1_A[13]_P[12])
                                                      4.020     9.760 r  u_system_core/u_streaming_core/total_windows_calc1/P[12]
                         net (fo=1, unplaced)         0.800    10.560    u_system_core/u_streaming_core/total_windows_calc1_n_93
                         LUT2 (Prop_lut2_I1_O)        0.124    10.684 r  u_system_core/u_streaming_core/total_windows_calc0_i_20/O
                         net (fo=1, unplaced)         0.800    11.483    u_system_core/u_streaming_core/total_windows_calc0_i_20_n_0
                         DSP48E1                                      r  u_system_core/u_streaming_core/total_windows_calc0/C[12]
  -------------------------------------------------------------------    -------------------

                         (clock clk rise edge)       10.000    10.000 r  
                         propagated clock network latency
                                                      2.079    12.079    
                         clock pessimism              0.178    12.257    
                         clock uncertainty           -0.035    12.222    
                         DSP48E1 (Setup_dsp48e1_CLK_C[12])
                                                     -1.701    10.521    u_system_core/u_streaming_core/total_windows_calc0
  -------------------------------------------------------------------
                         required time                         10.521    
                         arrival time                         -11.483    
  -------------------------------------------------------------------
                         slack                                 -0.962    

Slack (VIOLATED) :        -0.962ns  (required time - arrival time)
  Source:                 u_system_core/u_config_loader/image_width_reg[0]/C
                            (rising edge-triggered cell FDCE clocked by clk  {rise@0.000ns fall@5.000ns period=10.000ns})
  Destination:            u_system_core/u_streaming_core/total_windows_calc0/C[13]
                            (rising edge-triggered cell DSP48E1 clocked by clk  {rise@0.000ns fall@5.000ns period=10.000ns})
  Path Group:             clk
  Path Type:              Setup (Max at Slow Process Corner)
  Requirement:            10.000ns  (clk rise@10.000ns - clk rise@0.000ns)
  Data Path Delay:        9.081ns  (logic 5.979ns (65.840%)  route 3.102ns (34.160%))
  Logic Levels:           6  (CARRY4=4 DSP48E1=1 LUT2=1)
  Clock Path Skew:        -0.145ns (DCD - SCD + CPR)
    Destination Clock Delay (DCD):    2.079ns = ( 12.079 - 10.000 ) 
    Source Clock Delay      (SCD):    2.402ns
    Clock Pessimism Removal (CPR):    0.178ns
  Clock Uncertainty:      0.035ns  ((TSJ^2 + TIJ^2)^1/2 + DJ) / 2 + PE
    Total System Jitter     (TSJ):    0.071ns
    Total Input Jitter      (TIJ):    0.000ns
    Discrete Jitter          (DJ):    0.000ns
    Phase Error              (PE):    0.000ns

    Location             Delay type                Incr(ns)  Path(ns)    Netlist Resource(s)
  -------------------------------------------------------------------    -------------------
                         (clock clk rise edge)        0.000     0.000 r  
                         propagated clock network latency
                                                      2.402     2.402    
                         FDCE                         0.000     2.402 r  u_system_core/u_config_loader/image_width_reg[0]/C
                         FDCE (Prop_fdce_C_Q)         0.456     2.858 r  u_system_core/u_config_loader/image_width_reg[0]/Q
                         net (fo=5, unplaced)         0.694     3.552    u_system_core/u_streaming_core/image_width[0]
                         CARRY4 (Prop_carry4_S[0]_CO[3])
                                                      0.808     4.360 r  u_system_core/u_streaming_core/total_windows_calc1_i_8/CO[3]
                         net (fo=1, unplaced)         0.009     4.369    u_system_core/u_streaming_core/total_windows_calc1_i_8_n_0
                         CARRY4 (Prop_carry4_CI_CO[3])
                                                      0.117     4.486 r  u_system_core/u_streaming_core/total_windows_calc1_i_7/CO[3]
                         net (fo=1, unplaced)         0.000     4.486    u_system_core/u_streaming_core/total_windows_calc1_i_7_n_0
                         CARRY4 (Prop_carry4_CI_CO[3])
                                                      0.117     4.603 r  u_system_core/u_streaming_core/total_windows_calc1_i_6/CO[3]
                         net (fo=1, unplaced)         0.000     4.603    u_system_core/u_streaming_core/total_windows_calc1_i_6_n_0
                         CARRY4 (Prop_carry4_CI_O[1])
                                                      0.337     4.940 r  u_system_core/u_streaming_core/total_windows_calc1_i_5/O[1]
                         net (fo=1, unplaced)         0.800     5.740    u_system_core/u_streaming_core/A[13]
                         DSP48E1 (Prop_dsp48e1_A[13]_P[13])
                                                      4.020     9.760 r  u_system_core/u_streaming_core/total_windows_calc1/P[13]
                         net (fo=1, unplaced)         0.800    10.560    u_system_core/u_streaming_core/total_windows_calc1_n_92
                         LUT2 (Prop_lut2_I1_O)        0.124    10.684 r  u_system_core/u_streaming_core/total_windows_calc0_i_19/O
                         net (fo=1, unplaced)         0.800    11.483    u_system_core/u_streaming_core/total_windows_calc0_i_19_n_0
                         DSP48E1                                      r  u_system_core/u_streaming_core/total_windows_calc0/C[13]
  -------------------------------------------------------------------    -------------------

                         (clock clk rise edge)       10.000    10.000 r  
                         propagated clock network latency
                                                      2.079    12.079    
                         clock pessimism              0.178    12.257    
                         clock uncertainty           -0.035    12.222    
                         DSP48E1 (Setup_dsp48e1_CLK_C[13])
                                                     -1.701    10.521    u_system_core/u_streaming_core/total_windows_calc0
  -------------------------------------------------------------------
                         required time                         10.521    
                         arrival time                         -11.483    
  -------------------------------------------------------------------
                         slack                                 -0.962    

Slack (VIOLATED) :        -0.962ns  (required time - arrival time)
  Source:                 u_system_core/u_config_loader/image_width_reg[0]/C
                            (rising edge-triggered cell FDCE clocked by clk  {rise@0.000ns fall@5.000ns period=10.000ns})
  Destination:            u_system_core/u_streaming_core/total_windows_calc0/C[14]
                            (rising edge-triggered cell DSP48E1 clocked by clk  {rise@0.000ns fall@5.000ns period=10.000ns})
  Path Group:             clk
  Path Type:              Setup (Max at Slow Process Corner)
  Requirement:            10.000ns  (clk rise@10.000ns - clk rise@0.000ns)
  Data Path Delay:        9.081ns  (logic 5.979ns (65.840%)  route 3.102ns (34.160%))
  Logic Levels:           6  (CARRY4=4 DSP48E1=1 LUT2=1)
  Clock Path Skew:        -0.145ns (DCD - SCD + CPR)
    Destination Clock Delay (DCD):    2.079ns = ( 12.079 - 10.000 ) 
    Source Clock Delay      (SCD):    2.402ns
    Clock Pessimism Removal (CPR):    0.178ns
  Clock Uncertainty:      0.035ns  ((TSJ^2 + TIJ^2)^1/2 + DJ) / 2 + PE
    Total System Jitter     (TSJ):    0.071ns
    Total Input Jitter      (TIJ):    0.000ns
    Discrete Jitter          (DJ):    0.000ns
    Phase Error              (PE):    0.000ns

    Location             Delay type                Incr(ns)  Path(ns)    Netlist Resource(s)
  -------------------------------------------------------------------    -------------------
                         (clock clk rise edge)        0.000     0.000 r  
                         propagated clock network latency
                                                      2.402     2.402    
                         FDCE                         0.000     2.402 r  u_system_core/u_config_loader/image_width_reg[0]/C
                         FDCE (Prop_fdce_C_Q)         0.456     2.858 r  u_system_core/u_config_loader/image_width_reg[0]/Q
                         net (fo=5, unplaced)         0.694     3.552    u_system_core/u_streaming_core/image_width[0]
                         CARRY4 (Prop_carry4_S[0]_CO[3])
                                                      0.808     4.360 r  u_system_core/u_streaming_core/total_windows_calc1_i_8/CO[3]
                         net (fo=1, unplaced)         0.009     4.369    u_system_core/u_streaming_core/total_windows_calc1_i_8_n_0
                         CARRY4 (Prop_carry4_CI_CO[3])
                                                      0.117     4.486 r  u_system_core/u_streaming_core/total_windows_calc1_i_7/CO[3]
                         net (fo=1, unplaced)         0.000     4.486    u_system_core/u_streaming_core/total_windows_calc1_i_7_n_0
                         CARRY4 (Prop_carry4_CI_CO[3])
                                                      0.117     4.603 r  u_system_core/u_streaming_core/total_windows_calc1_i_6/CO[3]
                         net (fo=1, unplaced)         0.000     4.603    u_system_core/u_streaming_core/total_windows_calc1_i_6_n_0
                         CARRY4 (Prop_carry4_CI_O[1])
                                                      0.337     4.940 r  u_system_core/u_streaming_core/total_windows_calc1_i_5/O[1]
                         net (fo=1, unplaced)         0.800     5.740    u_system_core/u_streaming_core/A[13]
                         DSP48E1 (Prop_dsp48e1_A[13]_P[14])
                                                      4.020     9.760 r  u_system_core/u_streaming_core/total_windows_calc1/P[14]
                         net (fo=1, unplaced)         0.800    10.560    u_system_core/u_streaming_core/total_windows_calc1_n_91
                         LUT2 (Prop_lut2_I1_O)        0.124    10.684 r  u_system_core/u_streaming_core/total_windows_calc0_i_18/O
                         net (fo=1, unplaced)         0.800    11.483    u_system_core/u_streaming_core/total_windows_calc0_i_18_n_0
                         DSP48E1                                      r  u_system_core/u_streaming_core/total_windows_calc0/C[14]
  -------------------------------------------------------------------    -------------------

                         (clock clk rise edge)       10.000    10.000 r  
                         propagated clock network latency
                                                      2.079    12.079    
                         clock pessimism              0.178    12.257    
                         clock uncertainty           -0.035    12.222    
                         DSP48E1 (Setup_dsp48e1_CLK_C[14])
                                                     -1.701    10.521    u_system_core/u_streaming_core/total_windows_calc0
  -------------------------------------------------------------------
                         required time                         10.521    
                         arrival time                         -11.483    
  -------------------------------------------------------------------
                         slack                                 -0.962    

Slack (VIOLATED) :        -0.962ns  (required time - arrival time)
  Source:                 u_system_core/u_config_loader/image_width_reg[0]/C
                            (rising edge-triggered cell FDCE clocked by clk  {rise@0.000ns fall@5.000ns period=10.000ns})
  Destination:            u_system_core/u_streaming_core/total_windows_calc0/C[15]
                            (rising edge-triggered cell DSP48E1 clocked by clk  {rise@0.000ns fall@5.000ns period=10.000ns})
  Path Group:             clk
  Path Type:              Setup (Max at Slow Process Corner)
  Requirement:            10.000ns  (clk rise@10.000ns - clk rise@0.000ns)
  Data Path Delay:        9.081ns  (logic 5.979ns (65.840%)  route 3.102ns (34.160%))
  Logic Levels:           6  (CARRY4=4 DSP48E1=1 LUT2=1)
  Clock Path Skew:        -0.145ns (DCD - SCD + CPR)
    Destination Clock Delay (DCD):    2.079ns = ( 12.079 - 10.000 ) 
    Source Clock Delay      (SCD):    2.402ns
    Clock Pessimism Removal (CPR):    0.178ns
  Clock Uncertainty:      0.035ns  ((TSJ^2 + TIJ^2)^1/2 + DJ) / 2 + PE
    Total System Jitter     (TSJ):    0.071ns
    Total Input Jitter      (TIJ):    0.000ns
    Discrete Jitter          (DJ):    0.000ns
    Phase Error              (PE):    0.000ns

    Location             Delay type                Incr(ns)  Path(ns)    Netlist Resource(s)
  -------------------------------------------------------------------    -------------------
                         (clock clk rise edge)        0.000     0.000 r  
                         propagated clock network latency
                                                      2.402     2.402    
                         FDCE                         0.000     2.402 r  u_system_core/u_config_loader/image_width_reg[0]/C
                         FDCE (Prop_fdce_C_Q)         0.456     2.858 r  u_system_core/u_config_loader/image_width_reg[0]/Q
                         net (fo=5, unplaced)         0.694     3.552    u_system_core/u_streaming_core/image_width[0]
                         CARRY4 (Prop_carry4_S[0]_CO[3])
                                                      0.808     4.360 r  u_system_core/u_streaming_core/total_windows_calc1_i_8/CO[3]
                         net (fo=1, unplaced)         0.009     4.369    u_system_core/u_streaming_core/total_windows_calc1_i_8_n_0
                         CARRY4 (Prop_carry4_CI_CO[3])
                                                      0.117     4.486 r  u_system_core/u_streaming_core/total_windows_calc1_i_7/CO[3]
                         net (fo=1, unplaced)         0.000     4.486    u_system_core/u_streaming_core/total_windows_calc1_i_7_n_0
                         CARRY4 (Prop_carry4_CI_CO[3])
                                                      0.117     4.603 r  u_system_core/u_streaming_core/total_windows_calc1_i_6/CO[3]
                         net (fo=1, unplaced)         0.000     4.603    u_system_core/u_streaming_core/total_windows_calc1_i_6_n_0
                         CARRY4 (Prop_carry4_CI_O[1])
                                                      0.337     4.940 r  u_system_core/u_streaming_core/total_windows_calc1_i_5/O[1]
                         net (fo=1, unplaced)         0.800     5.740    u_system_core/u_streaming_core/A[13]
                         DSP48E1 (Prop_dsp48e1_A[13]_P[15])
                                                      4.020     9.760 r  u_system_core/u_streaming_core/total_windows_calc1/P[15]
                         net (fo=1, unplaced)         0.800    10.560    u_system_core/u_streaming_core/total_windows_calc1_n_90
                         LUT2 (Prop_lut2_I1_O)        0.124    10.684 r  u_system_core/u_streaming_core/total_windows_calc0_i_17/O
                         net (fo=1, unplaced)         0.800    11.483    u_system_core/u_streaming_core/total_windows_calc0_i_17_n_0
                         DSP48E1                                      r  u_system_core/u_streaming_core/total_windows_calc0/C[15]
  -------------------------------------------------------------------    -------------------

                         (clock clk rise edge)       10.000    10.000 r  
                         propagated clock network latency
                                                      2.079    12.079    
                         clock pessimism              0.178    12.257    
                         clock uncertainty           -0.035    12.222    
                         DSP48E1 (Setup_dsp48e1_CLK_C[15])
                                                     -1.701    10.521    u_system_core/u_streaming_core/total_windows_calc0
  -------------------------------------------------------------------
                         required time                         10.521    
                         arrival time                         -11.483    
  -------------------------------------------------------------------
                         slack                                 -0.962    

Slack (VIOLATED) :        -0.962ns  (required time - arrival time)
  Source:                 u_system_core/u_config_loader/image_width_reg[0]/C
                            (rising edge-triggered cell FDCE clocked by clk  {rise@0.000ns fall@5.000ns period=10.000ns})
  Destination:            u_system_core/u_streaming_core/total_windows_calc0/C[16]
                            (rising edge-triggered cell DSP48E1 clocked by clk  {rise@0.000ns fall@5.000ns period=10.000ns})
  Path Group:             clk
  Path Type:              Setup (Max at Slow Process Corner)
  Requirement:            10.000ns  (clk rise@10.000ns - clk rise@0.000ns)
  Data Path Delay:        9.081ns  (logic 5.979ns (65.840%)  route 3.102ns (34.160%))
  Logic Levels:           6  (CARRY4=4 DSP48E1=1 LUT2=1)
  Clock Path Skew:        -0.145ns (DCD - SCD + CPR)
    Destination Clock Delay (DCD):    2.079ns = ( 12.079 - 10.000 ) 
    Source Clock Delay      (SCD):    2.402ns
    Clock Pessimism Removal (CPR):    0.178ns
  Clock Uncertainty:      0.035ns  ((TSJ^2 + TIJ^2)^1/2 + DJ) / 2 + PE
    Total System Jitter     (TSJ):    0.071ns
    Total Input Jitter      (TIJ):    0.000ns
    Discrete Jitter          (DJ):    0.000ns
    Phase Error              (PE):    0.000ns

    Location             Delay type                Incr(ns)  Path(ns)    Netlist Resource(s)
  -------------------------------------------------------------------    -------------------
                         (clock clk rise edge)        0.000     0.000 r  
                         propagated clock network latency
                                                      2.402     2.402    
                         FDCE                         0.000     2.402 r  u_system_core/u_config_loader/image_width_reg[0]/C
                         FDCE (Prop_fdce_C_Q)         0.456     2.858 r  u_system_core/u_config_loader/image_width_reg[0]/Q
                         net (fo=5, unplaced)         0.694     3.552    u_system_core/u_streaming_core/image_width[0]
                         CARRY4 (Prop_carry4_S[0]_CO[3])
                                                      0.808     4.360 r  u_system_core/u_streaming_core/total_windows_calc1_i_8/CO[3]
                         net (fo=1, unplaced)         0.009     4.369    u_system_core/u_streaming_core/total_windows_calc1_i_8_n_0
                         CARRY4 (Prop_carry4_CI_CO[3])
                                                      0.117     4.486 r  u_system_core/u_streaming_core/total_windows_calc1_i_7/CO[3]
                         net (fo=1, unplaced)         0.000     4.486    u_system_core/u_streaming_core/total_windows_calc1_i_7_n_0
                         CARRY4 (Prop_carry4_CI_CO[3])
                                                      0.117     4.603 r  u_system_core/u_streaming_core/total_windows_calc1_i_6/CO[3]
                         net (fo=1, unplaced)         0.000     4.603    u_system_core/u_streaming_core/total_windows_calc1_i_6_n_0
                         CARRY4 (Prop_carry4_CI_O[1])
                                                      0.337     4.940 r  u_system_core/u_streaming_core/total_windows_calc1_i_5/O[1]
                         net (fo=1, unplaced)         0.800     5.740    u_system_core/u_streaming_core/A[13]
                         DSP48E1 (Prop_dsp48e1_A[13]_P[16])
                                                      4.020     9.760 r  u_system_core/u_streaming_core/total_windows_calc1/P[16]
                         net (fo=1, unplaced)         0.800    10.560    u_system_core/u_streaming_core/total_windows_calc1_n_89
                         LUT2 (Prop_lut2_I1_O)        0.124    10.684 r  u_system_core/u_streaming_core/total_windows_calc0_i_16/O
                         net (fo=1, unplaced)         0.800    11.483    u_system_core/u_streaming_core/total_windows_calc0_i_16_n_0
                         DSP48E1                                      r  u_system_core/u_streaming_core/total_windows_calc0/C[16]
  -------------------------------------------------------------------    -------------------

                         (clock clk rise edge)       10.000    10.000 r  
                         propagated clock network latency
                                                      2.079    12.079    
                         clock pessimism              0.178    12.257    
                         clock uncertainty           -0.035    12.222    
                         DSP48E1 (Setup_dsp48e1_CLK_C[16])
                                                     -1.701    10.521    u_system_core/u_streaming_core/total_windows_calc0
  -------------------------------------------------------------------
                         required time                         10.521    
                         arrival time                         -11.483    
  -------------------------------------------------------------------
                         slack                                 -0.962    

Slack (VIOLATED) :        -0.962ns  (required time - arrival time)
  Source:                 u_system_core/u_config_loader/image_width_reg[0]/C
                            (rising edge-triggered cell FDCE clocked by clk  {rise@0.000ns fall@5.000ns period=10.000ns})
  Destination:            u_system_core/u_streaming_core/total_windows_calc0/C[17]
                            (rising edge-triggered cell DSP48E1 clocked by clk  {rise@0.000ns fall@5.000ns period=10.000ns})
  Path Group:             clk
  Path Type:              Setup (Max at Slow Process Corner)
  Requirement:            10.000ns  (clk rise@10.000ns - clk rise@0.000ns)
  Data Path Delay:        9.081ns  (logic 5.979ns (65.840%)  route 3.102ns (34.160%))
  Logic Levels:           6  (CARRY4=4 DSP48E1=1 LUT2=1)
  Clock Path Skew:        -0.145ns (DCD - SCD + CPR)
    Destination Clock Delay (DCD):    2.079ns = ( 12.079 - 10.000 ) 
    Source Clock Delay      (SCD):    2.402ns
    Clock Pessimism Removal (CPR):    0.178ns
  Clock Uncertainty:      0.035ns  ((TSJ^2 + TIJ^2)^1/2 + DJ) / 2 + PE
    Total System Jitter     (TSJ):    0.071ns
    Total Input Jitter      (TIJ):    0.000ns
    Discrete Jitter          (DJ):    0.000ns
    Phase Error              (PE):    0.000ns

    Location             Delay type                Incr(ns)  Path(ns)    Netlist Resource(s)
  -------------------------------------------------------------------    -------------------
                         (clock clk rise edge)        0.000     0.000 r  
                         propagated clock network latency
                                                      2.402     2.402    
                         FDCE                         0.000     2.402 r  u_system_core/u_config_loader/image_width_reg[0]/C
                         FDCE (Prop_fdce_C_Q)         0.456     2.858 r  u_system_core/u_config_loader/image_width_reg[0]/Q
                         net (fo=5, unplaced)         0.694     3.552    u_system_core/u_streaming_core/image_width[0]
                         CARRY4 (Prop_carry4_S[0]_CO[3])
                                                      0.808     4.360 r  u_system_core/u_streaming_core/total_windows_calc1_i_8/CO[3]
                         net (fo=1, unplaced)         0.009     4.369    u_system_core/u_streaming_core/total_windows_calc1_i_8_n_0
                         CARRY4 (Prop_carry4_CI_CO[3])
                                                      0.117     4.486 r  u_system_core/u_streaming_core/total_windows_calc1_i_7/CO[3]
                         net (fo=1, unplaced)         0.000     4.486    u_system_core/u_streaming_core/total_windows_calc1_i_7_n_0
                         CARRY4 (Prop_carry4_CI_CO[3])
                                                      0.117     4.603 r  u_system_core/u_streaming_core/total_windows_calc1_i_6/CO[3]
                         net (fo=1, unplaced)         0.000     4.603    u_system_core/u_streaming_core/total_windows_calc1_i_6_n_0
                         CARRY4 (Prop_carry4_CI_O[1])
                                                      0.337     4.940 r  u_system_core/u_streaming_core/total_windows_calc1_i_5/O[1]
                         net (fo=1, unplaced)         0.800     5.740    u_system_core/u_streaming_core/A[13]
                         DSP48E1 (Prop_dsp48e1_A[13]_P[17])
                                                      4.020     9.760 r  u_system_core/u_streaming_core/total_windows_calc1/P[17]
                         net (fo=1, unplaced)         0.800    10.560    u_system_core/u_streaming_core/total_windows_calc1_n_88
                         LUT2 (Prop_lut2_I1_O)        0.124    10.684 r  u_system_core/u_streaming_core/total_windows_calc0_i_15/O
                         net (fo=1, unplaced)         0.800    11.483    u_system_core/u_streaming_core/total_windows_calc0_i_15_n_0
                         DSP48E1                                      r  u_system_core/u_streaming_core/total_windows_calc0/C[17]
  -------------------------------------------------------------------    -------------------

                         (clock clk rise edge)       10.000    10.000 r  
                         propagated clock network latency
                                                      2.079    12.079    
                         clock pessimism              0.178    12.257    
                         clock uncertainty           -0.035    12.222    
                         DSP48E1 (Setup_dsp48e1_CLK_C[17])
                                                     -1.701    10.521    u_system_core/u_streaming_core/total_windows_calc0
  -------------------------------------------------------------------
                         required time                         10.521    
                         arrival time                         -11.483    
  -------------------------------------------------------------------
                         slack                                 -0.962    

Slack (VIOLATED) :        -0.962ns  (required time - arrival time)
  Source:                 u_system_core/u_config_loader/image_width_reg[0]/C
                            (rising edge-triggered cell FDCE clocked by clk  {rise@0.000ns fall@5.000ns period=10.000ns})
  Destination:            u_system_core/u_streaming_core/total_windows_calc0/C[18]
                            (rising edge-triggered cell DSP48E1 clocked by clk  {rise@0.000ns fall@5.000ns period=10.000ns})
  Path Group:             clk
  Path Type:              Setup (Max at Slow Process Corner)
  Requirement:            10.000ns  (clk rise@10.000ns - clk rise@0.000ns)
  Data Path Delay:        9.081ns  (logic 5.979ns (65.840%)  route 3.102ns (34.160%))
  Logic Levels:           6  (CARRY4=4 DSP48E1=1 LUT2=1)
  Clock Path Skew:        -0.145ns (DCD - SCD + CPR)
    Destination Clock Delay (DCD):    2.079ns = ( 12.079 - 10.000 ) 
    Source Clock Delay      (SCD):    2.402ns
    Clock Pessimism Removal (CPR):    0.178ns
  Clock Uncertainty:      0.035ns  ((TSJ^2 + TIJ^2)^1/2 + DJ) / 2 + PE
    Total System Jitter     (TSJ):    0.071ns
    Total Input Jitter      (TIJ):    0.000ns
    Discrete Jitter          (DJ):    0.000ns
    Phase Error              (PE):    0.000ns

    Location             Delay type                Incr(ns)  Path(ns)    Netlist Resource(s)
  -------------------------------------------------------------------    -------------------
                         (clock clk rise edge)        0.000     0.000 r  
                         propagated clock network latency
                                                      2.402     2.402    
                         FDCE                         0.000     2.402 r  u_system_core/u_config_loader/image_width_reg[0]/C
                         FDCE (Prop_fdce_C_Q)         0.456     2.858 r  u_system_core/u_config_loader/image_width_reg[0]/Q
                         net (fo=5, unplaced)         0.694     3.552    u_system_core/u_streaming_core/image_width[0]
                         CARRY4 (Prop_carry4_S[0]_CO[3])
                                                      0.808     4.360 r  u_system_core/u_streaming_core/total_windows_calc1_i_8/CO[3]
                         net (fo=1, unplaced)         0.009     4.369    u_system_core/u_streaming_core/total_windows_calc1_i_8_n_0
                         CARRY4 (Prop_carry4_CI_CO[3])
                                                      0.117     4.486 r  u_system_core/u_streaming_core/total_windows_calc1_i_7/CO[3]
                         net (fo=1, unplaced)         0.000     4.486    u_system_core/u_streaming_core/total_windows_calc1_i_7_n_0
                         CARRY4 (Prop_carry4_CI_CO[3])
                                                      0.117     4.603 r  u_system_core/u_streaming_core/total_windows_calc1_i_6/CO[3]
                         net (fo=1, unplaced)         0.000     4.603    u_system_core/u_streaming_core/total_windows_calc1_i_6_n_0
                         CARRY4 (Prop_carry4_CI_O[1])
                                                      0.337     4.940 r  u_system_core/u_streaming_core/total_windows_calc1_i_5/O[1]
                         net (fo=1, unplaced)         0.800     5.740    u_system_core/u_streaming_core/A[13]
                         DSP48E1 (Prop_dsp48e1_A[13]_P[18])
                                                      4.020     9.760 r  u_system_core/u_streaming_core/total_windows_calc1/P[18]
                         net (fo=1, unplaced)         0.800    10.560    u_system_core/u_streaming_core/total_windows_calc1_n_87
                         LUT2 (Prop_lut2_I1_O)        0.124    10.684 r  u_system_core/u_streaming_core/total_windows_calc0_i_14/O
                         net (fo=1, unplaced)         0.800    11.483    u_system_core/u_streaming_core/total_windows_calc0_i_14_n_0
                         DSP48E1                                      r  u_system_core/u_streaming_core/total_windows_calc0/C[18]
  -------------------------------------------------------------------    -------------------

                         (clock clk rise edge)       10.000    10.000 r  
                         propagated clock network latency
                                                      2.079    12.079    
                         clock pessimism              0.178    12.257    
                         clock uncertainty           -0.035    12.222    
                         DSP48E1 (Setup_dsp48e1_CLK_C[18])
                                                     -1.701    10.521    u_system_core/u_streaming_core/total_windows_calc0
  -------------------------------------------------------------------
                         required time                         10.521    
                         arrival time                         -11.483    
  -------------------------------------------------------------------
                         slack                                 -0.962    




