Copyright 1986-2022 Xilinx, Inc. All Rights Reserved. Copyright 2022-2025 Advanced Micro Devices, Inc. All Rights Reserved.
---------------------------------------------------------------------------------------------------------------------------------------------
| Tool Version : Vivado v.2025.2 (lin64) Build 6299465 Fri Nov 14 12:34:56 MST 2025
| Date         : Fri Jun 26 04:38:01 2026
| Host         : WIN-DREFJD030RN running 64-bit Ubuntu 26.04 LTS
| Command      : report_drc -file system_wrapper_drc_routed.rpt -pb system_wrapper_drc_routed.pb -rpx system_wrapper_drc_routed.rpx
| Design       : system_wrapper
| Device       : xc7z020clg400-1
| Speed File   : -1
| Design State : Fully Routed
---------------------------------------------------------------------------------------------------------------------------------------------

Report DRC

Table of Contents
-----------------
1. REPORT SUMMARY
2. REPORT DETAILS

1. REPORT SUMMARY
-----------------
            Netlist: netlist
          Floorplan: design_1
      Design limits: <entire design considered>
           Ruledeck: default
             Max checks: <unlimited>
             Checks found: 37
+-----------+----------+----------------------------+--------+
| Rule      | Severity | Description                | Checks |
+-----------+----------+----------------------------+--------+
| CHECK-3   | Warning  | Report rule limit reached  | 1      |
| DPIP-1    | Warning  | Input pipelining           | 3      |
| DPOP-1    | Warning  | PREG Output pipelining     | 3      |
| DPOP-2    | Warning  | MREG Output pipelining     | 3      |
| REQP-1839 | Warning  | RAMB36 async control check | 20     |
| REQP-1840 | Warning  | RAMB18 async control check | 7      |
+-----------+----------+----------------------------+--------+

2. REPORT DETAILS
-----------------
CHECK-3#1 Warning
Report rule limit reached  
REQP-1839 rule limit reached: 20 violations have been found.
Related violations: <none>

DPIP-1#1 Warning
Input pipelining  
DSP system_i/cnn_axi_0/inst/u_cnn_axi_system_top/u_streaming_core/total_windows_calc input system_i/cnn_axi_0/inst/u_cnn_axi_system_top/u_streaming_core/total_windows_calc/A[29:0] is not pipelined. Pipelining DSP48 input will improve performance.
Related violations: <none>

DPIP-1#2 Warning
Input pipelining  
DSP system_i/cnn_axi_0/inst/u_cnn_axi_system_top/u_streaming_core/total_windows_calc input system_i/cnn_axi_0/inst/u_cnn_axi_system_top/u_streaming_core/total_windows_calc/B[17:0] is not pipelined. Pipelining DSP48 input will improve performance.
Related violations: <none>

DPIP-1#3 Warning
Input pipelining  
DSP system_i/cnn_axi_0/inst/u_cnn_axi_system_top/u_streaming_core/total_windows_calc__1 input system_i/cnn_axi_0/inst/u_cnn_axi_system_top/u_streaming_core/total_windows_calc__1/A[29:0] is not pipelined. Pipelining DSP48 input will improve performance.
Related violations: <none>

DPOP-1#1 Warning
PREG Output pipelining  
DSP system_i/cnn_axi_0/inst/u_cnn_axi_system_top/u_streaming_core/total_windows_calc output system_i/cnn_axi_0/inst/u_cnn_axi_system_top/u_streaming_core/total_windows_calc/P[47:0] is not pipelined (PREG=0). Pipelining the DSP48 output will improve performance and often saves power so it is suggested whenever possible to fully pipeline this function.  If this DSP48 function was inferred, it is suggested to describe an additional register stage after this function.  If the DSP48 was instantiated in the design, it is suggested to set the PREG attribute to 1.
Related violations: <none>

DPOP-1#2 Warning
PREG Output pipelining  
DSP system_i/cnn_axi_0/inst/u_cnn_axi_system_top/u_streaming_core/total_windows_calc__0 output system_i/cnn_axi_0/inst/u_cnn_axi_system_top/u_streaming_core/total_windows_calc__0/P[47:0] is not pipelined (PREG=0). Pipelining the DSP48 output will improve performance and often saves power so it is suggested whenever possible to fully pipeline this function.  If this DSP48 function was inferred, it is suggested to describe an additional register stage after this function.  If the DSP48 was instantiated in the design, it is suggested to set the PREG attribute to 1.
Related violations: <none>

DPOP-1#3 Warning
PREG Output pipelining  
DSP system_i/cnn_axi_0/inst/u_cnn_axi_system_top/u_streaming_core/total_windows_calc__1 output system_i/cnn_axi_0/inst/u_cnn_axi_system_top/u_streaming_core/total_windows_calc__1/P[47:0] is not pipelined (PREG=0). Pipelining the DSP48 output will improve performance and often saves power so it is suggested whenever possible to fully pipeline this function.  If this DSP48 function was inferred, it is suggested to describe an additional register stage after this function.  If the DSP48 was instantiated in the design, it is suggested to set the PREG attribute to 1.
Related violations: <none>

DPOP-2#1 Warning
MREG Output pipelining  
DSP system_i/cnn_axi_0/inst/u_cnn_axi_system_top/u_streaming_core/total_windows_calc multiplier stage system_i/cnn_axi_0/inst/u_cnn_axi_system_top/u_streaming_core/total_windows_calc/P[47:0] is not pipelined (MREG=0). Pipelining the multiplier function will improve performance and will save significant power so it is suggested whenever possible to fully pipeline this function.  If this multiplier was inferred, it is suggested to describe an additional register stage after this function.  If there is no registered adder/accumulator following the multiply function, two pipeline stages are suggested to allow both the MREG and PREG registers to be used.  If the DSP48 was instantiated in the design, it is suggested to set both the MREG and PREG attributes to 1 when performing multiply functions.
Related violations: <none>

DPOP-2#2 Warning
MREG Output pipelining  
DSP system_i/cnn_axi_0/inst/u_cnn_axi_system_top/u_streaming_core/total_windows_calc__0 multiplier stage system_i/cnn_axi_0/inst/u_cnn_axi_system_top/u_streaming_core/total_windows_calc__0/P[47:0] is not pipelined (MREG=0). Pipelining the multiplier function will improve performance and will save significant power so it is suggested whenever possible to fully pipeline this function.  If this multiplier was inferred, it is suggested to describe an additional register stage after this function.  If there is no registered adder/accumulator following the multiply function, two pipeline stages are suggested to allow both the MREG and PREG registers to be used.  If the DSP48 was instantiated in the design, it is suggested to set both the MREG and PREG attributes to 1 when performing multiply functions.
Related violations: <none>

DPOP-2#3 Warning
MREG Output pipelining  
DSP system_i/cnn_axi_0/inst/u_cnn_axi_system_top/u_streaming_core/total_windows_calc__1 multiplier stage system_i/cnn_axi_0/inst/u_cnn_axi_system_top/u_streaming_core/total_windows_calc__1/P[47:0] is not pipelined (MREG=0). Pipelining the multiplier function will improve performance and will save significant power so it is suggested whenever possible to fully pipeline this function.  If this multiplier was inferred, it is suggested to describe an additional register stage after this function.  If there is no registered adder/accumulator following the multiply function, two pipeline stages are suggested to allow both the MREG and PREG registers to be used.  If the DSP48 was instantiated in the design, it is suggested to set both the MREG and PREG attributes to 1 when performing multiply functions.
Related violations: <none>

REQP-1839#1 Warning
RAMB36 async control check  
The RAMB36E1 system_i/cnn_axi_0/inst/u_cnn_axi_system_top/u_result_buffer/ram_reg_0 has an input control pin system_i/cnn_axi_0/inst/u_cnn_axi_system_top/u_result_buffer/ram_reg_0/ENARDEN (net: system_i/cnn_axi_0/inst/u_cnn_axi_system_top/u_result_buffer/ram_reg_0_ENARDEN_cooolgate_en_sig_1) which is driven by a register (system_i/cnn_axi_0/inst/u_cnn_axi_system_top/u_streaming_core/out_fifo_count_reg[0]) that has an active asychronous set or reset. This may cause corruption of the memory contents and/or read values when the set/reset is asserted and is not analyzed by the default static timing analysis. It is suggested to eliminate the use of a set/reset to registers driving this RAMB pin or else use a synchronous reset in which the assertion of the reset is timed by default.
Related violations: <none>

REQP-1839#2 Warning
RAMB36 async control check  
The RAMB36E1 system_i/cnn_axi_0/inst/u_cnn_axi_system_top/u_result_buffer/ram_reg_0 has an input control pin system_i/cnn_axi_0/inst/u_cnn_axi_system_top/u_result_buffer/ram_reg_0/ENARDEN (net: system_i/cnn_axi_0/inst/u_cnn_axi_system_top/u_result_buffer/ram_reg_0_ENARDEN_cooolgate_en_sig_1) which is driven by a register (system_i/cnn_axi_0/inst/u_cnn_axi_system_top/u_streaming_core/out_fifo_count_reg[1]) that has an active asychronous set or reset. This may cause corruption of the memory contents and/or read values when the set/reset is asserted and is not analyzed by the default static timing analysis. It is suggested to eliminate the use of a set/reset to registers driving this RAMB pin or else use a synchronous reset in which the assertion of the reset is timed by default.
Related violations: <none>

REQP-1839#3 Warning
RAMB36 async control check  
The RAMB36E1 system_i/cnn_axi_0/inst/u_cnn_axi_system_top/u_result_buffer/ram_reg_0 has an input control pin system_i/cnn_axi_0/inst/u_cnn_axi_system_top/u_result_buffer/ram_reg_0/ENARDEN (net: system_i/cnn_axi_0/inst/u_cnn_axi_system_top/u_result_buffer/ram_reg_0_ENARDEN_cooolgate_en_sig_1) which is driven by a register (system_i/cnn_axi_0/inst/u_cnn_axi_system_top/u_streaming_core/out_fifo_count_reg[2]) that has an active asychronous set or reset. This may cause corruption of the memory contents and/or read values when the set/reset is asserted and is not analyzed by the default static timing analysis. It is suggested to eliminate the use of a set/reset to registers driving this RAMB pin or else use a synchronous reset in which the assertion of the reset is timed by default.
Related violations: <none>

REQP-1839#4 Warning
RAMB36 async control check  
The RAMB36E1 system_i/cnn_axi_0/inst/u_cnn_axi_system_top/u_result_buffer/ram_reg_0 has an input control pin system_i/cnn_axi_0/inst/u_cnn_axi_system_top/u_result_buffer/ram_reg_0/ENARDEN (net: system_i/cnn_axi_0/inst/u_cnn_axi_system_top/u_result_buffer/ram_reg_0_ENARDEN_cooolgate_en_sig_1) which is driven by a register (system_i/cnn_axi_0/inst/u_cnn_axi_system_top/u_streaming_core/out_fifo_count_reg[3]) that has an active asychronous set or reset. This may cause corruption of the memory contents and/or read values when the set/reset is asserted and is not analyzed by the default static timing analysis. It is suggested to eliminate the use of a set/reset to registers driving this RAMB pin or else use a synchronous reset in which the assertion of the reset is timed by default.
Related violations: <none>

REQP-1839#5 Warning
RAMB36 async control check  
The RAMB36E1 system_i/cnn_axi_0/inst/u_cnn_axi_system_top/u_result_buffer/ram_reg_0 has an input control pin system_i/cnn_axi_0/inst/u_cnn_axi_system_top/u_result_buffer/ram_reg_0/ENARDEN (net: system_i/cnn_axi_0/inst/u_cnn_axi_system_top/u_result_buffer/ram_reg_0_ENARDEN_cooolgate_en_sig_1) which is driven by a register (system_i/cnn_axi_0/inst/u_cnn_axi_system_top/u_streaming_core/out_fifo_count_reg[4]) that has an active asychronous set or reset. This may cause corruption of the memory contents and/or read values when the set/reset is asserted and is not analyzed by the default static timing analysis. It is suggested to eliminate the use of a set/reset to registers driving this RAMB pin or else use a synchronous reset in which the assertion of the reset is timed by default.
Related violations: <none>

REQP-1839#6 Warning
RAMB36 async control check  
The RAMB36E1 system_i/cnn_axi_0/inst/u_cnn_axi_system_top/u_result_buffer/ram_reg_0 has an input control pin system_i/cnn_axi_0/inst/u_cnn_axi_system_top/u_result_buffer/ram_reg_0/ENARDEN (net: system_i/cnn_axi_0/inst/u_cnn_axi_system_top/u_result_buffer/ram_reg_0_ENARDEN_cooolgate_en_sig_1) which is driven by a register (system_i/cnn_axi_0/inst/u_cnn_axi_system_top/u_streaming_core/out_fifo_count_reg[5]) that has an active asychronous set or reset. This may cause corruption of the memory contents and/or read values when the set/reset is asserted and is not analyzed by the default static timing analysis. It is suggested to eliminate the use of a set/reset to registers driving this RAMB pin or else use a synchronous reset in which the assertion of the reset is timed by default.
Related violations: <none>

REQP-1839#7 Warning
RAMB36 async control check  
The RAMB36E1 system_i/cnn_axi_0/inst/u_cnn_axi_system_top/u_result_buffer/ram_reg_0 has an input control pin system_i/cnn_axi_0/inst/u_cnn_axi_system_top/u_result_buffer/ram_reg_0/ENBWREN (net: system_i/cnn_axi_0/inst/u_cnn_axi_system_top/u_result_buffer/ram_reg_0_i_2_n_0) which is driven by a register (system_i/cnn_axi_0/inst/u_cnn_axi_system_top/u_axi_slave/s_axi_rvalid_reg) that has an active asychronous set or reset. This may cause corruption of the memory contents and/or read values when the set/reset is asserted and is not analyzed by the default static timing analysis. It is suggested to eliminate the use of a set/reset to registers driving this RAMB pin or else use a synchronous reset in which the assertion of the reset is timed by default.
Related violations: <none>

REQP-1839#8 Warning
RAMB36 async control check  
The RAMB36E1 system_i/cnn_axi_0/inst/u_cnn_axi_system_top/u_result_buffer/ram_reg_1 has an input control pin system_i/cnn_axi_0/inst/u_cnn_axi_system_top/u_result_buffer/ram_reg_1/ENARDEN (net: system_i/cnn_axi_0/inst/u_cnn_axi_system_top/u_result_buffer/ram_reg_1_ENARDEN_cooolgate_en_sig_2) which is driven by a register (system_i/cnn_axi_0/inst/u_cnn_axi_system_top/u_streaming_core/out_fifo_count_reg[0]) that has an active asychronous set or reset. This may cause corruption of the memory contents and/or read values when the set/reset is asserted and is not analyzed by the default static timing analysis. It is suggested to eliminate the use of a set/reset to registers driving this RAMB pin or else use a synchronous reset in which the assertion of the reset is timed by default.
Related violations: <none>

REQP-1839#9 Warning
RAMB36 async control check  
The RAMB36E1 system_i/cnn_axi_0/inst/u_cnn_axi_system_top/u_result_buffer/ram_reg_1 has an input control pin system_i/cnn_axi_0/inst/u_cnn_axi_system_top/u_result_buffer/ram_reg_1/ENARDEN (net: system_i/cnn_axi_0/inst/u_cnn_axi_system_top/u_result_buffer/ram_reg_1_ENARDEN_cooolgate_en_sig_2) which is driven by a register (system_i/cnn_axi_0/inst/u_cnn_axi_system_top/u_streaming_core/out_fifo_count_reg[1]) that has an active asychronous set or reset. This may cause corruption of the memory contents and/or read values when the set/reset is asserted and is not analyzed by the default static timing analysis. It is suggested to eliminate the use of a set/reset to registers driving this RAMB pin or else use a synchronous reset in which the assertion of the reset is timed by default.
Related violations: <none>

REQP-1839#10 Warning
RAMB36 async control check  
The RAMB36E1 system_i/cnn_axi_0/inst/u_cnn_axi_system_top/u_result_buffer/ram_reg_1 has an input control pin system_i/cnn_axi_0/inst/u_cnn_axi_system_top/u_result_buffer/ram_reg_1/ENARDEN (net: system_i/cnn_axi_0/inst/u_cnn_axi_system_top/u_result_buffer/ram_reg_1_ENARDEN_cooolgate_en_sig_2) which is driven by a register (system_i/cnn_axi_0/inst/u_cnn_axi_system_top/u_streaming_core/out_fifo_count_reg[2]) that has an active asychronous set or reset. This may cause corruption of the memory contents and/or read values when the set/reset is asserted and is not analyzed by the default static timing analysis. It is suggested to eliminate the use of a set/reset to registers driving this RAMB pin or else use a synchronous reset in which the assertion of the reset is timed by default.
Related violations: <none>

REQP-1839#11 Warning
RAMB36 async control check  
The RAMB36E1 system_i/cnn_axi_0/inst/u_cnn_axi_system_top/u_result_buffer/ram_reg_1 has an input control pin system_i/cnn_axi_0/inst/u_cnn_axi_system_top/u_result_buffer/ram_reg_1/ENARDEN (net: system_i/cnn_axi_0/inst/u_cnn_axi_system_top/u_result_buffer/ram_reg_1_ENARDEN_cooolgate_en_sig_2) which is driven by a register (system_i/cnn_axi_0/inst/u_cnn_axi_system_top/u_streaming_core/out_fifo_count_reg[3]) that has an active asychronous set or reset. This may cause corruption of the memory contents and/or read values when the set/reset is asserted and is not analyzed by the default static timing analysis. It is suggested to eliminate the use of a set/reset to registers driving this RAMB pin or else use a synchronous reset in which the assertion of the reset is timed by default.
Related violations: <none>

REQP-1839#12 Warning
RAMB36 async control check  
The RAMB36E1 system_i/cnn_axi_0/inst/u_cnn_axi_system_top/u_result_buffer/ram_reg_1 has an input control pin system_i/cnn_axi_0/inst/u_cnn_axi_system_top/u_result_buffer/ram_reg_1/ENARDEN (net: system_i/cnn_axi_0/inst/u_cnn_axi_system_top/u_result_buffer/ram_reg_1_ENARDEN_cooolgate_en_sig_2) which is driven by a register (system_i/cnn_axi_0/inst/u_cnn_axi_system_top/u_streaming_core/out_fifo_count_reg[4]) that has an active asychronous set or reset. This may cause corruption of the memory contents and/or read values when the set/reset is asserted and is not analyzed by the default static timing analysis. It is suggested to eliminate the use of a set/reset to registers driving this RAMB pin or else use a synchronous reset in which the assertion of the reset is timed by default.
Related violations: <none>

REQP-1839#13 Warning
RAMB36 async control check  
The RAMB36E1 system_i/cnn_axi_0/inst/u_cnn_axi_system_top/u_result_buffer/ram_reg_1 has an input control pin system_i/cnn_axi_0/inst/u_cnn_axi_system_top/u_result_buffer/ram_reg_1/ENARDEN (net: system_i/cnn_axi_0/inst/u_cnn_axi_system_top/u_result_buffer/ram_reg_1_ENARDEN_cooolgate_en_sig_2) which is driven by a register (system_i/cnn_axi_0/inst/u_cnn_axi_system_top/u_streaming_core/out_fifo_count_reg[5]) that has an active asychronous set or reset. This may cause corruption of the memory contents and/or read values when the set/reset is asserted and is not analyzed by the default static timing analysis. It is suggested to eliminate the use of a set/reset to registers driving this RAMB pin or else use a synchronous reset in which the assertion of the reset is timed by default.
Related violations: <none>

REQP-1839#14 Warning
RAMB36 async control check  
The RAMB36E1 system_i/cnn_axi_0/inst/u_cnn_axi_system_top/u_result_buffer/ram_reg_1 has an input control pin system_i/cnn_axi_0/inst/u_cnn_axi_system_top/u_result_buffer/ram_reg_1/ENBWREN (net: system_i/cnn_axi_0/inst/u_cnn_axi_system_top/u_result_buffer/ram_reg_0_i_2_n_0) which is driven by a register (system_i/cnn_axi_0/inst/u_cnn_axi_system_top/u_axi_slave/s_axi_rvalid_reg) that has an active asychronous set or reset. This may cause corruption of the memory contents and/or read values when the set/reset is asserted and is not analyzed by the default static timing analysis. It is suggested to eliminate the use of a set/reset to registers driving this RAMB pin or else use a synchronous reset in which the assertion of the reset is timed by default.
Related violations: <none>

REQP-1839#15 Warning
RAMB36 async control check  
The RAMB36E1 system_i/cnn_axi_0/inst/u_cnn_axi_system_top/u_result_buffer/ram_reg_2 has an input control pin system_i/cnn_axi_0/inst/u_cnn_axi_system_top/u_result_buffer/ram_reg_2/ENARDEN (net: system_i/cnn_axi_0/inst/u_cnn_axi_system_top/u_result_buffer/ram_reg_2_ENARDEN_cooolgate_en_sig_3) which is driven by a register (system_i/cnn_axi_0/inst/u_cnn_axi_system_top/u_streaming_core/out_fifo_count_reg[0]) that has an active asychronous set or reset. This may cause corruption of the memory contents and/or read values when the set/reset is asserted and is not analyzed by the default static timing analysis. It is suggested to eliminate the use of a set/reset to registers driving this RAMB pin or else use a synchronous reset in which the assertion of the reset is timed by default.
Related violations: <none>

REQP-1839#16 Warning
RAMB36 async control check  
The RAMB36E1 system_i/cnn_axi_0/inst/u_cnn_axi_system_top/u_result_buffer/ram_reg_2 has an input control pin system_i/cnn_axi_0/inst/u_cnn_axi_system_top/u_result_buffer/ram_reg_2/ENARDEN (net: system_i/cnn_axi_0/inst/u_cnn_axi_system_top/u_result_buffer/ram_reg_2_ENARDEN_cooolgate_en_sig_3) which is driven by a register (system_i/cnn_axi_0/inst/u_cnn_axi_system_top/u_streaming_core/out_fifo_count_reg[1]) that has an active asychronous set or reset. This may cause corruption of the memory contents and/or read values when the set/reset is asserted and is not analyzed by the default static timing analysis. It is suggested to eliminate the use of a set/reset to registers driving this RAMB pin or else use a synchronous reset in which the assertion of the reset is timed by default.
Related violations: <none>

REQP-1839#17 Warning
RAMB36 async control check  
The RAMB36E1 system_i/cnn_axi_0/inst/u_cnn_axi_system_top/u_result_buffer/ram_reg_2 has an input control pin system_i/cnn_axi_0/inst/u_cnn_axi_system_top/u_result_buffer/ram_reg_2/ENARDEN (net: system_i/cnn_axi_0/inst/u_cnn_axi_system_top/u_result_buffer/ram_reg_2_ENARDEN_cooolgate_en_sig_3) which is driven by a register (system_i/cnn_axi_0/inst/u_cnn_axi_system_top/u_streaming_core/out_fifo_count_reg[2]) that has an active asychronous set or reset. This may cause corruption of the memory contents and/or read values when the set/reset is asserted and is not analyzed by the default static timing analysis. It is suggested to eliminate the use of a set/reset to registers driving this RAMB pin or else use a synchronous reset in which the assertion of the reset is timed by default.
Related violations: <none>

REQP-1839#18 Warning
RAMB36 async control check  
The RAMB36E1 system_i/cnn_axi_0/inst/u_cnn_axi_system_top/u_result_buffer/ram_reg_2 has an input control pin system_i/cnn_axi_0/inst/u_cnn_axi_system_top/u_result_buffer/ram_reg_2/ENARDEN (net: system_i/cnn_axi_0/inst/u_cnn_axi_system_top/u_result_buffer/ram_reg_2_ENARDEN_cooolgate_en_sig_3) which is driven by a register (system_i/cnn_axi_0/inst/u_cnn_axi_system_top/u_streaming_core/out_fifo_count_reg[3]) that has an active asychronous set or reset. This may cause corruption of the memory contents and/or read values when the set/reset is asserted and is not analyzed by the default static timing analysis. It is suggested to eliminate the use of a set/reset to registers driving this RAMB pin or else use a synchronous reset in which the assertion of the reset is timed by default.
Related violations: <none>

REQP-1839#19 Warning
RAMB36 async control check  
The RAMB36E1 system_i/cnn_axi_0/inst/u_cnn_axi_system_top/u_result_buffer/ram_reg_2 has an input control pin system_i/cnn_axi_0/inst/u_cnn_axi_system_top/u_result_buffer/ram_reg_2/ENARDEN (net: system_i/cnn_axi_0/inst/u_cnn_axi_system_top/u_result_buffer/ram_reg_2_ENARDEN_cooolgate_en_sig_3) which is driven by a register (system_i/cnn_axi_0/inst/u_cnn_axi_system_top/u_streaming_core/out_fifo_count_reg[4]) that has an active asychronous set or reset. This may cause corruption of the memory contents and/or read values when the set/reset is asserted and is not analyzed by the default static timing analysis. It is suggested to eliminate the use of a set/reset to registers driving this RAMB pin or else use a synchronous reset in which the assertion of the reset is timed by default.
Related violations: <none>

REQP-1839#20 Warning
RAMB36 async control check  
The RAMB36E1 system_i/cnn_axi_0/inst/u_cnn_axi_system_top/u_result_buffer/ram_reg_2 has an input control pin system_i/cnn_axi_0/inst/u_cnn_axi_system_top/u_result_buffer/ram_reg_2/ENARDEN (net: system_i/cnn_axi_0/inst/u_cnn_axi_system_top/u_result_buffer/ram_reg_2_ENARDEN_cooolgate_en_sig_3) which is driven by a register (system_i/cnn_axi_0/inst/u_cnn_axi_system_top/u_streaming_core/out_fifo_count_reg[5]) that has an active asychronous set or reset. This may cause corruption of the memory contents and/or read values when the set/reset is asserted and is not analyzed by the default static timing analysis. It is suggested to eliminate the use of a set/reset to registers driving this RAMB pin or else use a synchronous reset in which the assertion of the reset is timed by default.
Related violations: <none>

REQP-1840#1 Warning
RAMB18 async control check  
The RAMB18E1 system_i/cnn_axi_0/inst/u_cnn_axi_system_top/u_result_buffer/ram_reg_4 has an input control pin system_i/cnn_axi_0/inst/u_cnn_axi_system_top/u_result_buffer/ram_reg_4/ENARDEN (net: system_i/cnn_axi_0/inst/u_cnn_axi_system_top/u_result_buffer/ram_reg_4_ENARDEN_cooolgate_en_sig_5) which is driven by a register (system_i/cnn_axi_0/inst/u_cnn_axi_system_top/u_streaming_core/out_fifo_count_reg[0]) that has an active asychronous set or reset. This may cause corruption of the memory contents and/or read values when the set/reset is asserted and is not analyzed by the default static timing analysis. It is suggested to eliminate the use of a set/reset to registers driving this RAMB pin or else use a synchronous reset in which the assertion of the reset is timed by default.
Related violations: <none>

REQP-1840#2 Warning
RAMB18 async control check  
The RAMB18E1 system_i/cnn_axi_0/inst/u_cnn_axi_system_top/u_result_buffer/ram_reg_4 has an input control pin system_i/cnn_axi_0/inst/u_cnn_axi_system_top/u_result_buffer/ram_reg_4/ENARDEN (net: system_i/cnn_axi_0/inst/u_cnn_axi_system_top/u_result_buffer/ram_reg_4_ENARDEN_cooolgate_en_sig_5) which is driven by a register (system_i/cnn_axi_0/inst/u_cnn_axi_system_top/u_streaming_core/out_fifo_count_reg[1]) that has an active asychronous set or reset. This may cause corruption of the memory contents and/or read values when the set/reset is asserted and is not analyzed by the default static timing analysis. It is suggested to eliminate the use of a set/reset to registers driving this RAMB pin or else use a synchronous reset in which the assertion of the reset is timed by default.
Related violations: <none>

REQP-1840#3 Warning
RAMB18 async control check  
The RAMB18E1 system_i/cnn_axi_0/inst/u_cnn_axi_system_top/u_result_buffer/ram_reg_4 has an input control pin system_i/cnn_axi_0/inst/u_cnn_axi_system_top/u_result_buffer/ram_reg_4/ENARDEN (net: system_i/cnn_axi_0/inst/u_cnn_axi_system_top/u_result_buffer/ram_reg_4_ENARDEN_cooolgate_en_sig_5) which is driven by a register (system_i/cnn_axi_0/inst/u_cnn_axi_system_top/u_streaming_core/out_fifo_count_reg[2]) that has an active asychronous set or reset. This may cause corruption of the memory contents and/or read values when the set/reset is asserted and is not analyzed by the default static timing analysis. It is suggested to eliminate the use of a set/reset to registers driving this RAMB pin or else use a synchronous reset in which the assertion of the reset is timed by default.
Related violations: <none>

REQP-1840#4 Warning
RAMB18 async control check  
The RAMB18E1 system_i/cnn_axi_0/inst/u_cnn_axi_system_top/u_result_buffer/ram_reg_4 has an input control pin system_i/cnn_axi_0/inst/u_cnn_axi_system_top/u_result_buffer/ram_reg_4/ENARDEN (net: system_i/cnn_axi_0/inst/u_cnn_axi_system_top/u_result_buffer/ram_reg_4_ENARDEN_cooolgate_en_sig_5) which is driven by a register (system_i/cnn_axi_0/inst/u_cnn_axi_system_top/u_streaming_core/out_fifo_count_reg[3]) that has an active asychronous set or reset. This may cause corruption of the memory contents and/or read values when the set/reset is asserted and is not analyzed by the default static timing analysis. It is suggested to eliminate the use of a set/reset to registers driving this RAMB pin or else use a synchronous reset in which the assertion of the reset is timed by default.
Related violations: <none>

REQP-1840#5 Warning
RAMB18 async control check  
The RAMB18E1 system_i/cnn_axi_0/inst/u_cnn_axi_system_top/u_result_buffer/ram_reg_4 has an input control pin system_i/cnn_axi_0/inst/u_cnn_axi_system_top/u_result_buffer/ram_reg_4/ENARDEN (net: system_i/cnn_axi_0/inst/u_cnn_axi_system_top/u_result_buffer/ram_reg_4_ENARDEN_cooolgate_en_sig_5) which is driven by a register (system_i/cnn_axi_0/inst/u_cnn_axi_system_top/u_streaming_core/out_fifo_count_reg[4]) that has an active asychronous set or reset. This may cause corruption of the memory contents and/or read values when the set/reset is asserted and is not analyzed by the default static timing analysis. It is suggested to eliminate the use of a set/reset to registers driving this RAMB pin or else use a synchronous reset in which the assertion of the reset is timed by default.
Related violations: <none>

REQP-1840#6 Warning
RAMB18 async control check  
The RAMB18E1 system_i/cnn_axi_0/inst/u_cnn_axi_system_top/u_result_buffer/ram_reg_4 has an input control pin system_i/cnn_axi_0/inst/u_cnn_axi_system_top/u_result_buffer/ram_reg_4/ENARDEN (net: system_i/cnn_axi_0/inst/u_cnn_axi_system_top/u_result_buffer/ram_reg_4_ENARDEN_cooolgate_en_sig_5) which is driven by a register (system_i/cnn_axi_0/inst/u_cnn_axi_system_top/u_streaming_core/out_fifo_count_reg[5]) that has an active asychronous set or reset. This may cause corruption of the memory contents and/or read values when the set/reset is asserted and is not analyzed by the default static timing analysis. It is suggested to eliminate the use of a set/reset to registers driving this RAMB pin or else use a synchronous reset in which the assertion of the reset is timed by default.
Related violations: <none>

REQP-1840#7 Warning
RAMB18 async control check  
The RAMB18E1 system_i/cnn_axi_0/inst/u_cnn_axi_system_top/u_result_buffer/ram_reg_4 has an input control pin system_i/cnn_axi_0/inst/u_cnn_axi_system_top/u_result_buffer/ram_reg_4/ENBWREN (net: system_i/cnn_axi_0/inst/u_cnn_axi_system_top/u_result_buffer/ram_reg_0_i_2_n_0) which is driven by a register (system_i/cnn_axi_0/inst/u_cnn_axi_system_top/u_axi_slave/s_axi_rvalid_reg) that has an active asychronous set or reset. This may cause corruption of the memory contents and/or read values when the set/reset is asserted and is not analyzed by the default static timing analysis. It is suggested to eliminate the use of a set/reset to registers driving this RAMB pin or else use a synchronous reset in which the assertion of the reset is timed by default.
Related violations: <none>


