Copyright 1986-2022 Xilinx, Inc. All Rights Reserved. Copyright 2022-2025 Advanced Micro Devices, Inc. All Rights Reserved.
--------------------------------------------------------------------------------------------------------------------------------------------------------------------------------
| Tool Version : Vivado v.2025.2 (lin64) Build 6299465 Fri Nov 14 12:34:56 MST 2025
| Date         : Fri Jun 26 04:38:05 2026
| Host         : WIN-DREFJD030RN running 64-bit Ubuntu 26.04 LTS
| Command      : report_methodology -file system_wrapper_methodology_drc_routed.rpt -pb system_wrapper_methodology_drc_routed.pb -rpx system_wrapper_methodology_drc_routed.rpx
| Design       : system_wrapper
| Device       : xc7z020clg400-1
| Speed File   : -1
| Design State : Fully Routed
--------------------------------------------------------------------------------------------------------------------------------------------------------------------------------

Report Methodology

Table of Contents
-----------------
1. REPORT SUMMARY
2. REPORT DETAILS

1. REPORT SUMMARY
-----------------
            Netlist: netlist
          Floorplan: design_1
      Design limits: <entire design considered>
             Max checks: <unlimited>
             Checks found: 48
+--------+----------+---------------------------+--------+
| Rule   | Severity | Description               | Checks |
+--------+----------+---------------------------+--------+
| DPIR-1 | Warning  | Asynchronous driver check | 48     |
+--------+----------+---------------------------+--------+

2. REPORT DETAILS
-----------------
DPIR-1#1 Warning
Asynchronous driver check  
DSP system_i/cnn_axi_0/inst/u_cnn_axi_system_top/u_streaming_core/total_windows_calc input pin system_i/cnn_axi_0/inst/u_cnn_axi_system_top/u_streaming_core/total_windows_calc/A[0] is connected to registers with an asynchronous reset. This is preventing the possibility of merging these registers in to the DSP Block since the DSP block registers only possess synchronous reset capability.  It is suggested to recode or change these registers to remove the reset or use a synchronous reset to get the best optimization for performance, power and area.
Related violations: <none>

DPIR-1#2 Warning
Asynchronous driver check  
DSP system_i/cnn_axi_0/inst/u_cnn_axi_system_top/u_streaming_core/total_windows_calc input pin system_i/cnn_axi_0/inst/u_cnn_axi_system_top/u_streaming_core/total_windows_calc/A[10] is connected to registers with an asynchronous reset. This is preventing the possibility of merging these registers in to the DSP Block since the DSP block registers only possess synchronous reset capability.  It is suggested to recode or change these registers to remove the reset or use a synchronous reset to get the best optimization for performance, power and area.
Related violations: <none>

DPIR-1#3 Warning
Asynchronous driver check  
DSP system_i/cnn_axi_0/inst/u_cnn_axi_system_top/u_streaming_core/total_windows_calc input pin system_i/cnn_axi_0/inst/u_cnn_axi_system_top/u_streaming_core/total_windows_calc/A[11] is connected to registers with an asynchronous reset. This is preventing the possibility of merging these registers in to the DSP Block since the DSP block registers only possess synchronous reset capability.  It is suggested to recode or change these registers to remove the reset or use a synchronous reset to get the best optimization for performance, power and area.
Related violations: <none>

DPIR-1#4 Warning
Asynchronous driver check  
DSP system_i/cnn_axi_0/inst/u_cnn_axi_system_top/u_streaming_core/total_windows_calc input pin system_i/cnn_axi_0/inst/u_cnn_axi_system_top/u_streaming_core/total_windows_calc/A[12] is connected to registers with an asynchronous reset. This is preventing the possibility of merging these registers in to the DSP Block since the DSP block registers only possess synchronous reset capability.  It is suggested to recode or change these registers to remove the reset or use a synchronous reset to get the best optimization for performance, power and area.
Related violations: <none>

DPIR-1#5 Warning
Asynchronous driver check  
DSP system_i/cnn_axi_0/inst/u_cnn_axi_system_top/u_streaming_core/total_windows_calc input pin system_i/cnn_axi_0/inst/u_cnn_axi_system_top/u_streaming_core/total_windows_calc/A[13] is connected to registers with an asynchronous reset. This is preventing the possibility of merging these registers in to the DSP Block since the DSP block registers only possess synchronous reset capability.  It is suggested to recode or change these registers to remove the reset or use a synchronous reset to get the best optimization for performance, power and area.
Related violations: <none>

DPIR-1#6 Warning
Asynchronous driver check  
DSP system_i/cnn_axi_0/inst/u_cnn_axi_system_top/u_streaming_core/total_windows_calc input pin system_i/cnn_axi_0/inst/u_cnn_axi_system_top/u_streaming_core/total_windows_calc/A[14] is connected to registers with an asynchronous reset. This is preventing the possibility of merging these registers in to the DSP Block since the DSP block registers only possess synchronous reset capability.  It is suggested to recode or change these registers to remove the reset or use a synchronous reset to get the best optimization for performance, power and area.
Related violations: <none>

DPIR-1#7 Warning
Asynchronous driver check  
DSP system_i/cnn_axi_0/inst/u_cnn_axi_system_top/u_streaming_core/total_windows_calc input pin system_i/cnn_axi_0/inst/u_cnn_axi_system_top/u_streaming_core/total_windows_calc/A[15] is connected to registers with an asynchronous reset. This is preventing the possibility of merging these registers in to the DSP Block since the DSP block registers only possess synchronous reset capability.  It is suggested to recode or change these registers to remove the reset or use a synchronous reset to get the best optimization for performance, power and area.
Related violations: <none>

DPIR-1#8 Warning
Asynchronous driver check  
DSP system_i/cnn_axi_0/inst/u_cnn_axi_system_top/u_streaming_core/total_windows_calc input pin system_i/cnn_axi_0/inst/u_cnn_axi_system_top/u_streaming_core/total_windows_calc/A[1] is connected to registers with an asynchronous reset. This is preventing the possibility of merging these registers in to the DSP Block since the DSP block registers only possess synchronous reset capability.  It is suggested to recode or change these registers to remove the reset or use a synchronous reset to get the best optimization for performance, power and area.
Related violations: <none>

DPIR-1#9 Warning
Asynchronous driver check  
DSP system_i/cnn_axi_0/inst/u_cnn_axi_system_top/u_streaming_core/total_windows_calc input pin system_i/cnn_axi_0/inst/u_cnn_axi_system_top/u_streaming_core/total_windows_calc/A[2] is connected to registers with an asynchronous reset. This is preventing the possibility of merging these registers in to the DSP Block since the DSP block registers only possess synchronous reset capability.  It is suggested to recode or change these registers to remove the reset or use a synchronous reset to get the best optimization for performance, power and area.
Related violations: <none>

DPIR-1#10 Warning
Asynchronous driver check  
DSP system_i/cnn_axi_0/inst/u_cnn_axi_system_top/u_streaming_core/total_windows_calc input pin system_i/cnn_axi_0/inst/u_cnn_axi_system_top/u_streaming_core/total_windows_calc/A[3] is connected to registers with an asynchronous reset. This is preventing the possibility of merging these registers in to the DSP Block since the DSP block registers only possess synchronous reset capability.  It is suggested to recode or change these registers to remove the reset or use a synchronous reset to get the best optimization for performance, power and area.
Related violations: <none>

DPIR-1#11 Warning
Asynchronous driver check  
DSP system_i/cnn_axi_0/inst/u_cnn_axi_system_top/u_streaming_core/total_windows_calc input pin system_i/cnn_axi_0/inst/u_cnn_axi_system_top/u_streaming_core/total_windows_calc/A[4] is connected to registers with an asynchronous reset. This is preventing the possibility of merging these registers in to the DSP Block since the DSP block registers only possess synchronous reset capability.  It is suggested to recode or change these registers to remove the reset or use a synchronous reset to get the best optimization for performance, power and area.
Related violations: <none>

DPIR-1#12 Warning
Asynchronous driver check  
DSP system_i/cnn_axi_0/inst/u_cnn_axi_system_top/u_streaming_core/total_windows_calc input pin system_i/cnn_axi_0/inst/u_cnn_axi_system_top/u_streaming_core/total_windows_calc/A[5] is connected to registers with an asynchronous reset. This is preventing the possibility of merging these registers in to the DSP Block since the DSP block registers only possess synchronous reset capability.  It is suggested to recode or change these registers to remove the reset or use a synchronous reset to get the best optimization for performance, power and area.
Related violations: <none>

DPIR-1#13 Warning
Asynchronous driver check  
DSP system_i/cnn_axi_0/inst/u_cnn_axi_system_top/u_streaming_core/total_windows_calc input pin system_i/cnn_axi_0/inst/u_cnn_axi_system_top/u_streaming_core/total_windows_calc/A[6] is connected to registers with an asynchronous reset. This is preventing the possibility of merging these registers in to the DSP Block since the DSP block registers only possess synchronous reset capability.  It is suggested to recode or change these registers to remove the reset or use a synchronous reset to get the best optimization for performance, power and area.
Related violations: <none>

DPIR-1#14 Warning
Asynchronous driver check  
DSP system_i/cnn_axi_0/inst/u_cnn_axi_system_top/u_streaming_core/total_windows_calc input pin system_i/cnn_axi_0/inst/u_cnn_axi_system_top/u_streaming_core/total_windows_calc/A[7] is connected to registers with an asynchronous reset. This is preventing the possibility of merging these registers in to the DSP Block since the DSP block registers only possess synchronous reset capability.  It is suggested to recode or change these registers to remove the reset or use a synchronous reset to get the best optimization for performance, power and area.
Related violations: <none>

DPIR-1#15 Warning
Asynchronous driver check  
DSP system_i/cnn_axi_0/inst/u_cnn_axi_system_top/u_streaming_core/total_windows_calc input pin system_i/cnn_axi_0/inst/u_cnn_axi_system_top/u_streaming_core/total_windows_calc/A[8] is connected to registers with an asynchronous reset. This is preventing the possibility of merging these registers in to the DSP Block since the DSP block registers only possess synchronous reset capability.  It is suggested to recode or change these registers to remove the reset or use a synchronous reset to get the best optimization for performance, power and area.
Related violations: <none>

DPIR-1#16 Warning
Asynchronous driver check  
DSP system_i/cnn_axi_0/inst/u_cnn_axi_system_top/u_streaming_core/total_windows_calc input pin system_i/cnn_axi_0/inst/u_cnn_axi_system_top/u_streaming_core/total_windows_calc/A[9] is connected to registers with an asynchronous reset. This is preventing the possibility of merging these registers in to the DSP Block since the DSP block registers only possess synchronous reset capability.  It is suggested to recode or change these registers to remove the reset or use a synchronous reset to get the best optimization for performance, power and area.
Related violations: <none>

DPIR-1#17 Warning
Asynchronous driver check  
DSP system_i/cnn_axi_0/inst/u_cnn_axi_system_top/u_streaming_core/total_windows_calc input pin system_i/cnn_axi_0/inst/u_cnn_axi_system_top/u_streaming_core/total_windows_calc/B[0] is connected to registers with an asynchronous reset. This is preventing the possibility of merging these registers in to the DSP Block since the DSP block registers only possess synchronous reset capability.  It is suggested to recode or change these registers to remove the reset or use a synchronous reset to get the best optimization for performance, power and area.
Related violations: <none>

DPIR-1#18 Warning
Asynchronous driver check  
DSP system_i/cnn_axi_0/inst/u_cnn_axi_system_top/u_streaming_core/total_windows_calc input pin system_i/cnn_axi_0/inst/u_cnn_axi_system_top/u_streaming_core/total_windows_calc/B[10] is connected to registers with an asynchronous reset. This is preventing the possibility of merging these registers in to the DSP Block since the DSP block registers only possess synchronous reset capability.  It is suggested to recode or change these registers to remove the reset or use a synchronous reset to get the best optimization for performance, power and area.
Related violations: <none>

DPIR-1#19 Warning
Asynchronous driver check  
DSP system_i/cnn_axi_0/inst/u_cnn_axi_system_top/u_streaming_core/total_windows_calc input pin system_i/cnn_axi_0/inst/u_cnn_axi_system_top/u_streaming_core/total_windows_calc/B[11] is connected to registers with an asynchronous reset. This is preventing the possibility of merging these registers in to the DSP Block since the DSP block registers only possess synchronous reset capability.  It is suggested to recode or change these registers to remove the reset or use a synchronous reset to get the best optimization for performance, power and area.
Related violations: <none>

DPIR-1#20 Warning
Asynchronous driver check  
DSP system_i/cnn_axi_0/inst/u_cnn_axi_system_top/u_streaming_core/total_windows_calc input pin system_i/cnn_axi_0/inst/u_cnn_axi_system_top/u_streaming_core/total_windows_calc/B[12] is connected to registers with an asynchronous reset. This is preventing the possibility of merging these registers in to the DSP Block since the DSP block registers only possess synchronous reset capability.  It is suggested to recode or change these registers to remove the reset or use a synchronous reset to get the best optimization for performance, power and area.
Related violations: <none>

DPIR-1#21 Warning
Asynchronous driver check  
DSP system_i/cnn_axi_0/inst/u_cnn_axi_system_top/u_streaming_core/total_windows_calc input pin system_i/cnn_axi_0/inst/u_cnn_axi_system_top/u_streaming_core/total_windows_calc/B[13] is connected to registers with an asynchronous reset. This is preventing the possibility of merging these registers in to the DSP Block since the DSP block registers only possess synchronous reset capability.  It is suggested to recode or change these registers to remove the reset or use a synchronous reset to get the best optimization for performance, power and area.
Related violations: <none>

DPIR-1#22 Warning
Asynchronous driver check  
DSP system_i/cnn_axi_0/inst/u_cnn_axi_system_top/u_streaming_core/total_windows_calc input pin system_i/cnn_axi_0/inst/u_cnn_axi_system_top/u_streaming_core/total_windows_calc/B[14] is connected to registers with an asynchronous reset. This is preventing the possibility of merging these registers in to the DSP Block since the DSP block registers only possess synchronous reset capability.  It is suggested to recode or change these registers to remove the reset or use a synchronous reset to get the best optimization for performance, power and area.
Related violations: <none>

DPIR-1#23 Warning
Asynchronous driver check  
DSP system_i/cnn_axi_0/inst/u_cnn_axi_system_top/u_streaming_core/total_windows_calc input pin system_i/cnn_axi_0/inst/u_cnn_axi_system_top/u_streaming_core/total_windows_calc/B[15] is connected to registers with an asynchronous reset. This is preventing the possibility of merging these registers in to the DSP Block since the DSP block registers only possess synchronous reset capability.  It is suggested to recode or change these registers to remove the reset or use a synchronous reset to get the best optimization for performance, power and area.
Related violations: <none>

DPIR-1#24 Warning
Asynchronous driver check  
DSP system_i/cnn_axi_0/inst/u_cnn_axi_system_top/u_streaming_core/total_windows_calc input pin system_i/cnn_axi_0/inst/u_cnn_axi_system_top/u_streaming_core/total_windows_calc/B[1] is connected to registers with an asynchronous reset. This is preventing the possibility of merging these registers in to the DSP Block since the DSP block registers only possess synchronous reset capability.  It is suggested to recode or change these registers to remove the reset or use a synchronous reset to get the best optimization for performance, power and area.
Related violations: <none>

DPIR-1#25 Warning
Asynchronous driver check  
DSP system_i/cnn_axi_0/inst/u_cnn_axi_system_top/u_streaming_core/total_windows_calc input pin system_i/cnn_axi_0/inst/u_cnn_axi_system_top/u_streaming_core/total_windows_calc/B[2] is connected to registers with an asynchronous reset. This is preventing the possibility of merging these registers in to the DSP Block since the DSP block registers only possess synchronous reset capability.  It is suggested to recode or change these registers to remove the reset or use a synchronous reset to get the best optimization for performance, power and area.
Related violations: <none>

DPIR-1#26 Warning
Asynchronous driver check  
DSP system_i/cnn_axi_0/inst/u_cnn_axi_system_top/u_streaming_core/total_windows_calc input pin system_i/cnn_axi_0/inst/u_cnn_axi_system_top/u_streaming_core/total_windows_calc/B[3] is connected to registers with an asynchronous reset. This is preventing the possibility of merging these registers in to the DSP Block since the DSP block registers only possess synchronous reset capability.  It is suggested to recode or change these registers to remove the reset or use a synchronous reset to get the best optimization for performance, power and area.
Related violations: <none>

DPIR-1#27 Warning
Asynchronous driver check  
DSP system_i/cnn_axi_0/inst/u_cnn_axi_system_top/u_streaming_core/total_windows_calc input pin system_i/cnn_axi_0/inst/u_cnn_axi_system_top/u_streaming_core/total_windows_calc/B[4] is connected to registers with an asynchronous reset. This is preventing the possibility of merging these registers in to the DSP Block since the DSP block registers only possess synchronous reset capability.  It is suggested to recode or change these registers to remove the reset or use a synchronous reset to get the best optimization for performance, power and area.
Related violations: <none>

DPIR-1#28 Warning
Asynchronous driver check  
DSP system_i/cnn_axi_0/inst/u_cnn_axi_system_top/u_streaming_core/total_windows_calc input pin system_i/cnn_axi_0/inst/u_cnn_axi_system_top/u_streaming_core/total_windows_calc/B[5] is connected to registers with an asynchronous reset. This is preventing the possibility of merging these registers in to the DSP Block since the DSP block registers only possess synchronous reset capability.  It is suggested to recode or change these registers to remove the reset or use a synchronous reset to get the best optimization for performance, power and area.
Related violations: <none>

DPIR-1#29 Warning
Asynchronous driver check  
DSP system_i/cnn_axi_0/inst/u_cnn_axi_system_top/u_streaming_core/total_windows_calc input pin system_i/cnn_axi_0/inst/u_cnn_axi_system_top/u_streaming_core/total_windows_calc/B[6] is connected to registers with an asynchronous reset. This is preventing the possibility of merging these registers in to the DSP Block since the DSP block registers only possess synchronous reset capability.  It is suggested to recode or change these registers to remove the reset or use a synchronous reset to get the best optimization for performance, power and area.
Related violations: <none>

DPIR-1#30 Warning
Asynchronous driver check  
DSP system_i/cnn_axi_0/inst/u_cnn_axi_system_top/u_streaming_core/total_windows_calc input pin system_i/cnn_axi_0/inst/u_cnn_axi_system_top/u_streaming_core/total_windows_calc/B[7] is connected to registers with an asynchronous reset. This is preventing the possibility of merging these registers in to the DSP Block since the DSP block registers only possess synchronous reset capability.  It is suggested to recode or change these registers to remove the reset or use a synchronous reset to get the best optimization for performance, power and area.
Related violations: <none>

DPIR-1#31 Warning
Asynchronous driver check  
DSP system_i/cnn_axi_0/inst/u_cnn_axi_system_top/u_streaming_core/total_windows_calc input pin system_i/cnn_axi_0/inst/u_cnn_axi_system_top/u_streaming_core/total_windows_calc/B[8] is connected to registers with an asynchronous reset. This is preventing the possibility of merging these registers in to the DSP Block since the DSP block registers only possess synchronous reset capability.  It is suggested to recode or change these registers to remove the reset or use a synchronous reset to get the best optimization for performance, power and area.
Related violations: <none>

DPIR-1#32 Warning
Asynchronous driver check  
DSP system_i/cnn_axi_0/inst/u_cnn_axi_system_top/u_streaming_core/total_windows_calc input pin system_i/cnn_axi_0/inst/u_cnn_axi_system_top/u_streaming_core/total_windows_calc/B[9] is connected to registers with an asynchronous reset. This is preventing the possibility of merging these registers in to the DSP Block since the DSP block registers only possess synchronous reset capability.  It is suggested to recode or change these registers to remove the reset or use a synchronous reset to get the best optimization for performance, power and area.
Related violations: <none>

DPIR-1#33 Warning
Asynchronous driver check  
DSP system_i/cnn_axi_0/inst/u_cnn_axi_system_top/u_streaming_core/total_windows_calc__1 input pin system_i/cnn_axi_0/inst/u_cnn_axi_system_top/u_streaming_core/total_windows_calc__1/A[0] is connected to registers with an asynchronous reset. This is preventing the possibility of merging these registers in to the DSP Block since the DSP block registers only possess synchronous reset capability.  It is suggested to recode or change these registers to remove the reset or use a synchronous reset to get the best optimization for performance, power and area.
Related violations: <none>

DPIR-1#34 Warning
Asynchronous driver check  
DSP system_i/cnn_axi_0/inst/u_cnn_axi_system_top/u_streaming_core/total_windows_calc__1 input pin system_i/cnn_axi_0/inst/u_cnn_axi_system_top/u_streaming_core/total_windows_calc__1/A[10] is connected to registers with an asynchronous reset. This is preventing the possibility of merging these registers in to the DSP Block since the DSP block registers only possess synchronous reset capability.  It is suggested to recode or change these registers to remove the reset or use a synchronous reset to get the best optimization for performance, power and area.
Related violations: <none>

DPIR-1#35 Warning
Asynchronous driver check  
DSP system_i/cnn_axi_0/inst/u_cnn_axi_system_top/u_streaming_core/total_windows_calc__1 input pin system_i/cnn_axi_0/inst/u_cnn_axi_system_top/u_streaming_core/total_windows_calc__1/A[11] is connected to registers with an asynchronous reset. This is preventing the possibility of merging these registers in to the DSP Block since the DSP block registers only possess synchronous reset capability.  It is suggested to recode or change these registers to remove the reset or use a synchronous reset to get the best optimization for performance, power and area.
Related violations: <none>

DPIR-1#36 Warning
Asynchronous driver check  
DSP system_i/cnn_axi_0/inst/u_cnn_axi_system_top/u_streaming_core/total_windows_calc__1 input pin system_i/cnn_axi_0/inst/u_cnn_axi_system_top/u_streaming_core/total_windows_calc__1/A[12] is connected to registers with an asynchronous reset. This is preventing the possibility of merging these registers in to the DSP Block since the DSP block registers only possess synchronous reset capability.  It is suggested to recode or change these registers to remove the reset or use a synchronous reset to get the best optimization for performance, power and area.
Related violations: <none>

DPIR-1#37 Warning
Asynchronous driver check  
DSP system_i/cnn_axi_0/inst/u_cnn_axi_system_top/u_streaming_core/total_windows_calc__1 input pin system_i/cnn_axi_0/inst/u_cnn_axi_system_top/u_streaming_core/total_windows_calc__1/A[13] is connected to registers with an asynchronous reset. This is preventing the possibility of merging these registers in to the DSP Block since the DSP block registers only possess synchronous reset capability.  It is suggested to recode or change these registers to remove the reset or use a synchronous reset to get the best optimization for performance, power and area.
Related violations: <none>

DPIR-1#38 Warning
Asynchronous driver check  
DSP system_i/cnn_axi_0/inst/u_cnn_axi_system_top/u_streaming_core/total_windows_calc__1 input pin system_i/cnn_axi_0/inst/u_cnn_axi_system_top/u_streaming_core/total_windows_calc__1/A[14] is connected to registers with an asynchronous reset. This is preventing the possibility of merging these registers in to the DSP Block since the DSP block registers only possess synchronous reset capability.  It is suggested to recode or change these registers to remove the reset or use a synchronous reset to get the best optimization for performance, power and area.
Related violations: <none>

DPIR-1#39 Warning
Asynchronous driver check  
DSP system_i/cnn_axi_0/inst/u_cnn_axi_system_top/u_streaming_core/total_windows_calc__1 input pin system_i/cnn_axi_0/inst/u_cnn_axi_system_top/u_streaming_core/total_windows_calc__1/A[15] is connected to registers with an asynchronous reset. This is preventing the possibility of merging these registers in to the DSP Block since the DSP block registers only possess synchronous reset capability.  It is suggested to recode or change these registers to remove the reset or use a synchronous reset to get the best optimization for performance, power and area.
Related violations: <none>

DPIR-1#40 Warning
Asynchronous driver check  
DSP system_i/cnn_axi_0/inst/u_cnn_axi_system_top/u_streaming_core/total_windows_calc__1 input pin system_i/cnn_axi_0/inst/u_cnn_axi_system_top/u_streaming_core/total_windows_calc__1/A[1] is connected to registers with an asynchronous reset. This is preventing the possibility of merging these registers in to the DSP Block since the DSP block registers only possess synchronous reset capability.  It is suggested to recode or change these registers to remove the reset or use a synchronous reset to get the best optimization for performance, power and area.
Related violations: <none>

DPIR-1#41 Warning
Asynchronous driver check  
DSP system_i/cnn_axi_0/inst/u_cnn_axi_system_top/u_streaming_core/total_windows_calc__1 input pin system_i/cnn_axi_0/inst/u_cnn_axi_system_top/u_streaming_core/total_windows_calc__1/A[2] is connected to registers with an asynchronous reset. This is preventing the possibility of merging these registers in to the DSP Block since the DSP block registers only possess synchronous reset capability.  It is suggested to recode or change these registers to remove the reset or use a synchronous reset to get the best optimization for performance, power and area.
Related violations: <none>

DPIR-1#42 Warning
Asynchronous driver check  
DSP system_i/cnn_axi_0/inst/u_cnn_axi_system_top/u_streaming_core/total_windows_calc__1 input pin system_i/cnn_axi_0/inst/u_cnn_axi_system_top/u_streaming_core/total_windows_calc__1/A[3] is connected to registers with an asynchronous reset. This is preventing the possibility of merging these registers in to the DSP Block since the DSP block registers only possess synchronous reset capability.  It is suggested to recode or change these registers to remove the reset or use a synchronous reset to get the best optimization for performance, power and area.
Related violations: <none>

DPIR-1#43 Warning
Asynchronous driver check  
DSP system_i/cnn_axi_0/inst/u_cnn_axi_system_top/u_streaming_core/total_windows_calc__1 input pin system_i/cnn_axi_0/inst/u_cnn_axi_system_top/u_streaming_core/total_windows_calc__1/A[4] is connected to registers with an asynchronous reset. This is preventing the possibility of merging these registers in to the DSP Block since the DSP block registers only possess synchronous reset capability.  It is suggested to recode or change these registers to remove the reset or use a synchronous reset to get the best optimization for performance, power and area.
Related violations: <none>

DPIR-1#44 Warning
Asynchronous driver check  
DSP system_i/cnn_axi_0/inst/u_cnn_axi_system_top/u_streaming_core/total_windows_calc__1 input pin system_i/cnn_axi_0/inst/u_cnn_axi_system_top/u_streaming_core/total_windows_calc__1/A[5] is connected to registers with an asynchronous reset. This is preventing the possibility of merging these registers in to the DSP Block since the DSP block registers only possess synchronous reset capability.  It is suggested to recode or change these registers to remove the reset or use a synchronous reset to get the best optimization for performance, power and area.
Related violations: <none>

DPIR-1#45 Warning
Asynchronous driver check  
DSP system_i/cnn_axi_0/inst/u_cnn_axi_system_top/u_streaming_core/total_windows_calc__1 input pin system_i/cnn_axi_0/inst/u_cnn_axi_system_top/u_streaming_core/total_windows_calc__1/A[6] is connected to registers with an asynchronous reset. This is preventing the possibility of merging these registers in to the DSP Block since the DSP block registers only possess synchronous reset capability.  It is suggested to recode or change these registers to remove the reset or use a synchronous reset to get the best optimization for performance, power and area.
Related violations: <none>

DPIR-1#46 Warning
Asynchronous driver check  
DSP system_i/cnn_axi_0/inst/u_cnn_axi_system_top/u_streaming_core/total_windows_calc__1 input pin system_i/cnn_axi_0/inst/u_cnn_axi_system_top/u_streaming_core/total_windows_calc__1/A[7] is connected to registers with an asynchronous reset. This is preventing the possibility of merging these registers in to the DSP Block since the DSP block registers only possess synchronous reset capability.  It is suggested to recode or change these registers to remove the reset or use a synchronous reset to get the best optimization for performance, power and area.
Related violations: <none>

DPIR-1#47 Warning
Asynchronous driver check  
DSP system_i/cnn_axi_0/inst/u_cnn_axi_system_top/u_streaming_core/total_windows_calc__1 input pin system_i/cnn_axi_0/inst/u_cnn_axi_system_top/u_streaming_core/total_windows_calc__1/A[8] is connected to registers with an asynchronous reset. This is preventing the possibility of merging these registers in to the DSP Block since the DSP block registers only possess synchronous reset capability.  It is suggested to recode or change these registers to remove the reset or use a synchronous reset to get the best optimization for performance, power and area.
Related violations: <none>

DPIR-1#48 Warning
Asynchronous driver check  
DSP system_i/cnn_axi_0/inst/u_cnn_axi_system_top/u_streaming_core/total_windows_calc__1 input pin system_i/cnn_axi_0/inst/u_cnn_axi_system_top/u_streaming_core/total_windows_calc__1/A[9] is connected to registers with an asynchronous reset. This is preventing the possibility of merging these registers in to the DSP Block since the DSP block registers only possess synchronous reset capability.  It is suggested to recode or change these registers to remove the reset or use a synchronous reset to get the best optimization for performance, power and area.
Related violations: <none>


