Copyright 1986-2022 Xilinx, Inc. All Rights Reserved. Copyright 2022-2025 Advanced Micro Devices, Inc. All Rights Reserved.
---------------------------------------------------------------------------------------------------------------------------------------------
| Tool Version : Vivado v.2025.2 (lin64) Build 6299465 Fri Nov 14 12:34:56 MST 2025
| Date         : Tue Jun 23 21:22:16 2026
| Host         : WIN-DREFJD030RN running 64-bit Ubuntu 26.04 LTS
| Command      : report_utilization -hierarchical -file synth_out/utilization_hier.rpt
| Design       : cnn_accel_top
| Device       : xc7a35tcpg236-1
| Speed File   : -1
| Design State : Synthesized
---------------------------------------------------------------------------------------------------------------------------------------------

Utilization Design Information

Table of Contents
-----------------
1. Utilization by Hierarchy

1. Utilization by Hierarchy
---------------------------

+--------------------------+-------------------+------------+------------+---------+------+-------+--------+--------+------------+
|         Instance         |       Module      | Total LUTs | Logic LUTs | LUTRAMs | SRLs |  FFs  | RAMB36 | RAMB18 | DSP Blocks |
+--------------------------+-------------------+------------+------------+---------+------+-------+--------+--------+------------+
| cnn_accel_top            |             (top) |      66715 |      66715 |       0 |    0 | 27977 |      0 |      0 |          2 |
|   (cnn_accel_top)        |             (top) |          0 |          0 |       0 |    0 |  1228 |      0 |      0 |          0 |
|   u_act_buf              | activation_buffer |      59076 |      59076 |       0 |    0 | 24576 |      0 |      0 |          0 |
|   u_cfg                  |       config_regs |       1145 |       1145 |       0 |    0 |  1034 |      0 |      0 |          0 |
|   u_conv_engine_selected |       conv_engine |       2378 |       2378 |       0 |    0 |   695 |      0 |      0 |          0 |
|   u_ctrl                 |  accel_controller |       3934 |       3934 |       0 |    0 |   244 |      0 |      0 |          2 |
|   u_perf                 |     perf_counters |        186 |        186 |       0 |    0 |   190 |      0 |      0 |          0 |
+--------------------------+-------------------+------------+------------+---------+------+-------+--------+--------+------------+


