INFO: [VRFC 10-2263] Analyzing SystemVerilog file "/home/leech/cnn_accelerator/rtl/zynq/cnn_axi_lite_slave.sv" into library work
INFO: [VRFC 10-311] analyzing module cnn_axi_lite_slave
INFO: [VRFC 10-2263] Analyzing SystemVerilog file "/home/leech/cnn_accelerator/rtl/fpga/cnn_config_loader.sv" into library work
INFO: [VRFC 10-311] analyzing module cnn_config_loader
INFO: [VRFC 10-2263] Analyzing SystemVerilog file "/home/leech/cnn_accelerator/rtl/stream/axis_rgb_to_channels.sv" into library work
INFO: [VRFC 10-311] analyzing module axis_rgb_to_channels
INFO: [VRFC 10-2263] Analyzing SystemVerilog file "/home/leech/cnn_accelerator/rtl/stream/axis_output_widen.sv" into library work
INFO: [VRFC 10-311] analyzing module axis_output_widen
INFO: [VRFC 10-2263] Analyzing SystemVerilog file "/home/leech/cnn_accelerator/rtl/buffer/line_buffer_3x3.sv" into library work
INFO: [VRFC 10-311] analyzing module line_buffer_3x3
INFO: [VRFC 10-2263] Analyzing SystemVerilog file "/home/leech/cnn_accelerator/rtl/buffer/window_generator_3x3.sv" into library work
INFO: [VRFC 10-311] analyzing module window_generator_3x3
INFO: [VRFC 10-2263] Analyzing SystemVerilog file "/home/leech/cnn_accelerator/rtl/compute/conv_engine.sv" into library work
INFO: [VRFC 10-311] analyzing module conv_engine
INFO: [VRFC 10-2263] Analyzing SystemVerilog file "/home/leech/cnn_accelerator/rtl/fpga/streaming_window_buffer.sv" into library work
INFO: [VRFC 10-311] analyzing module streaming_window_buffer
INFO: [VRFC 10-2263] Analyzing SystemVerilog file "/home/leech/cnn_accelerator/rtl/fpga/streaming_cnn_core.sv" into library work
INFO: [VRFC 10-311] analyzing module streaming_cnn_core
INFO: [VRFC 10-2263] Analyzing SystemVerilog file "/home/leech/cnn_accelerator/rtl/zynq/cnn_dma_system_top.sv" into library work
INFO: [VRFC 10-311] analyzing module cnn_dma_system_top
INFO: [VRFC 10-2263] Analyzing SystemVerilog file "/home/leech/cnn_accelerator/tb/stream/tb_cnn_dma_system_top.sv" into library work
INFO: [VRFC 10-311] analyzing module tb_cnn_dma_system_top
Vivado Simulator v2025.2
Copyright 1986-2022 Xilinx, Inc. All Rights Reserved.
Copyright 2022-2025 Advanced Micro Devices, Inc. All Rights Reserved.
Running: /home/leech/Xilinx/2025.2/Vivado/bin/unwrapped/lnx64.o/xelab tb_cnn_dma_system_top -s tb_cnn_dma_system_top_sim 
Multi-threading is on. Using 20 slave threads.
WARNING: [XSIM 43-3431] One or more environment variables have been detected which affect the operation of the C compiler. These are typically not set in standard installations and are not tested by AMD, however they may be appropriate for your system, so the flow will attempt to continue.  If errors occur, try running xelab with the "-mt off -v 1" switches to see more information from the C compiler. The following environment variables have been detected:
    LIBRARY_PATH
Starting static elaboration
Pass Through NonSizing Optimizer
Completed static elaboration
Starting simulation data flow analysis
Completed simulation data flow analysis
Time Resolution for simulation is 1ps
Compiling module work.cnn_axi_lite_slave_default
Compiling module work.cnn_config_loader_default
Compiling module work.axis_rgb_to_channels
Compiling module work.streaming_window_buffer_default
Compiling module work.conv_engine_default
Compiling module work.streaming_cnn_core_default
Compiling module work.axis_output_widen
Compiling module work.cnn_dma_system_top_default
Compiling module work.tb_cnn_dma_system_top
Built simulation snapshot tb_cnn_dma_system_top_sim

****** xsim v2025.2 (64-bit)
  **** SW Build 6299465 on Fri Nov 14 12:34:56 MST 2025
  **** IP Build 6300035 on Fri Nov 14 10:48:45 MST 2025
  **** SharedData Build 6298862 on Thu Nov 13 04:50:51 MST 2025
  **** Start of session at: Tue Jun 30 03:29:33 2026
    ** Copyright 1986-2022 Xilinx, Inc. All Rights Reserved.
    ** Copyright 2022-2025 Advanced Micro Devices, Inc. All Rights Reserved.

source xsim.dir/tb_cnn_dma_system_top_sim/xsim_script.tcl
# xsim {tb_cnn_dma_system_top_sim} -autoloadwcfg -runall
Time resolution is 1 ps
run -all
[TEST] DMA top 3x3 mode
[TEST] DMA top 1x1 mode
[PASS] tb_cnn_dma_system_top tests=80
$finish called at time : 13095 ns : File "/home/leech/cnn_accelerator/tb/stream/tb_cnn_dma_system_top.sv" Line 447
exit
INFO: xsimkernel Simulation Memory Usage: 273940 KB (Peak: 335116 KB), Simulation CPU Usage: 2260 ms
INFO: [Common 17-206] Exiting xsim at Tue Jun 30 03:29:39 2026...
