/tmp/cnn_xsa_check/system.bda:204:                "MX": "/axi_dma_0",
/tmp/cnn_xsa_check/system.bda:207:                "MV": "xilinx.com:ip:axi_dma:7.1",
/tmp/cnn_xsa_check/system.bda:222:                "MX": "/axi_dma_0",
/tmp/cnn_xsa_check/system.bda:225:                "MV": "xilinx.com:ip:axi_dma:7.1",
/tmp/cnn_xsa_check/system.bda:235:                "BA": "0x40400000",
/tmp/cnn_xsa_check/system.bda:242:                "MS": "SEG_axi_dma_0_Reg",
/tmp/cnn_xsa_check/system.bda:244:                "SX": "/axi_dma_0",
/tmp/cnn_xsa_check/system.bda:247:                "SV": "xilinx.com:ip:axi_dma:7.1",
/tmp/cnn_xsa_check/system.bda:253:                "BA": "0x43C00000",
/tmp/cnn_xsa_check/system.bda:260:                "MS": "SEG_cnn_axi_0_reg0",
/tmp/cnn_xsa_check/system.bda:262:                "SX": "/cnn_axi_0",
/tmp/cnn_xsa_check/system.hwh:162:    <MODULE COREREVISION="37" FULLNAME="/axi_dma_0" HWVERSION="7.1" INSTANCE="axi_dma_0" IPTYPE="PERIPHERAL" IS_ENABLE="1" MODCLASS="PERIPHERAL" MODTYPE="axi_dma" VLNV="xilinx.com:ip:axi_dma:7.1">
/tmp/cnn_xsa_check/system.hwh:164:        <DOCUMENT SOURCE="http://www.xilinx.com/cgi-bin/docs/ipdoc?c=axi_dma;v=v7_1;d=pg021_axi_dma.pdf"/>
/tmp/cnn_xsa_check/system.hwh:1015:        <PARAMETER NAME="Component_Name" VALUE="system_axi_dma_0_0"/>
/tmp/cnn_xsa_check/system.hwh:1042:        <PARAMETER NAME="C_BASEADDR" VALUE="0x40400000"/>
/tmp/cnn_xsa_check/system.hwh:1056:        <PORT DIR="O" LEFT="31" NAME="m_axi_mm2s_araddr" RIGHT="0" SIGIS="undef" SIGNAME="axi_dma_0_m_axi_mm2s_araddr">
/tmp/cnn_xsa_check/system.hwh:1061:        <PORT DIR="O" LEFT="1" NAME="m_axi_mm2s_arburst" RIGHT="0" SIGIS="undef" SIGNAME="axi_dma_0_m_axi_mm2s_arburst">
/tmp/cnn_xsa_check/system.hwh:1066:        <PORT DIR="O" LEFT="3" NAME="m_axi_mm2s_arcache" RIGHT="0" SIGIS="undef" SIGNAME="axi_dma_0_m_axi_mm2s_arcache">
/tmp/cnn_xsa_check/system.hwh:1071:        <PORT DIR="O" LEFT="7" NAME="m_axi_mm2s_arlen" RIGHT="0" SIGIS="undef" SIGNAME="axi_dma_0_m_axi_mm2s_arlen">
/tmp/cnn_xsa_check/system.hwh:1076:        <PORT DIR="O" LEFT="2" NAME="m_axi_mm2s_arprot" RIGHT="0" SIGIS="undef" SIGNAME="axi_dma_0_m_axi_mm2s_arprot">
/tmp/cnn_xsa_check/system.hwh:1081:        <PORT DIR="I" NAME="m_axi_mm2s_arready" SIGIS="undef" SIGNAME="axi_dma_0_m_axi_mm2s_arready">
/tmp/cnn_xsa_check/system.hwh:1086:        <PORT DIR="O" LEFT="2" NAME="m_axi_mm2s_arsize" RIGHT="0" SIGIS="undef" SIGNAME="axi_dma_0_m_axi_mm2s_arsize">
/tmp/cnn_xsa_check/system.hwh:1091:        <PORT DIR="O" NAME="m_axi_mm2s_arvalid" SIGIS="undef" SIGNAME="axi_dma_0_m_axi_mm2s_arvalid">
/tmp/cnn_xsa_check/system.hwh:1096:        <PORT DIR="I" LEFT="31" NAME="m_axi_mm2s_rdata" RIGHT="0" SIGIS="undef" SIGNAME="axi_dma_0_m_axi_mm2s_rdata">
/tmp/cnn_xsa_check/system.hwh:1101:        <PORT DIR="I" NAME="m_axi_mm2s_rlast" SIGIS="undef" SIGNAME="axi_dma_0_m_axi_mm2s_rlast">
/tmp/cnn_xsa_check/system.hwh:1106:        <PORT DIR="O" NAME="m_axi_mm2s_rready" SIGIS="undef" SIGNAME="axi_dma_0_m_axi_mm2s_rready">
/tmp/cnn_xsa_check/system.hwh:1111:        <PORT DIR="I" LEFT="1" NAME="m_axi_mm2s_rresp" RIGHT="0" SIGIS="undef" SIGNAME="axi_dma_0_m_axi_mm2s_rresp">
/tmp/cnn_xsa_check/system.hwh:1116:        <PORT DIR="I" NAME="m_axi_mm2s_rvalid" SIGIS="undef" SIGNAME="axi_dma_0_m_axi_mm2s_rvalid">
/tmp/cnn_xsa_check/system.hwh:1126:        <PORT DIR="O" LEFT="31" NAME="m_axi_s2mm_awaddr" RIGHT="0" SIGIS="undef" SIGNAME="axi_dma_0_m_axi_s2mm_awaddr">
/tmp/cnn_xsa_check/system.hwh:1131:        <PORT DIR="O" LEFT="1" NAME="m_axi_s2mm_awburst" RIGHT="0" SIGIS="undef" SIGNAME="axi_dma_0_m_axi_s2mm_awburst">
/tmp/cnn_xsa_check/system.hwh:1136:        <PORT DIR="O" LEFT="3" NAME="m_axi_s2mm_awcache" RIGHT="0" SIGIS="undef" SIGNAME="axi_dma_0_m_axi_s2mm_awcache">
/tmp/cnn_xsa_check/system.hwh:1141:        <PORT DIR="O" LEFT="7" NAME="m_axi_s2mm_awlen" RIGHT="0" SIGIS="undef" SIGNAME="axi_dma_0_m_axi_s2mm_awlen">
/tmp/cnn_xsa_check/system.hwh:1146:        <PORT DIR="O" LEFT="2" NAME="m_axi_s2mm_awprot" RIGHT="0" SIGIS="undef" SIGNAME="axi_dma_0_m_axi_s2mm_awprot">
/tmp/cnn_xsa_check/system.hwh:1151:        <PORT DIR="I" NAME="m_axi_s2mm_awready" SIGIS="undef" SIGNAME="axi_dma_0_m_axi_s2mm_awready">
/tmp/cnn_xsa_check/system.hwh:1156:        <PORT DIR="O" LEFT="2" NAME="m_axi_s2mm_awsize" RIGHT="0" SIGIS="undef" SIGNAME="axi_dma_0_m_axi_s2mm_awsize">
/tmp/cnn_xsa_check/system.hwh:1161:        <PORT DIR="O" NAME="m_axi_s2mm_awvalid" SIGIS="undef" SIGNAME="axi_dma_0_m_axi_s2mm_awvalid">
/tmp/cnn_xsa_check/system.hwh:1166:        <PORT DIR="O" NAME="m_axi_s2mm_bready" SIGIS="undef" SIGNAME="axi_dma_0_m_axi_s2mm_bready">
/tmp/cnn_xsa_check/system.hwh:1171:        <PORT DIR="I" LEFT="1" NAME="m_axi_s2mm_bresp" RIGHT="0" SIGIS="undef" SIGNAME="axi_dma_0_m_axi_s2mm_bresp">
/tmp/cnn_xsa_check/system.hwh:1176:        <PORT DIR="I" NAME="m_axi_s2mm_bvalid" SIGIS="undef" SIGNAME="axi_dma_0_m_axi_s2mm_bvalid">
/tmp/cnn_xsa_check/system.hwh:1181:        <PORT DIR="O" LEFT="31" NAME="m_axi_s2mm_wdata" RIGHT="0" SIGIS="undef" SIGNAME="axi_dma_0_m_axi_s2mm_wdata">
/tmp/cnn_xsa_check/system.hwh:1186:        <PORT DIR="O" NAME="m_axi_s2mm_wlast" SIGIS="undef" SIGNAME="axi_dma_0_m_axi_s2mm_wlast">
/tmp/cnn_xsa_check/system.hwh:1191:        <PORT DIR="I" NAME="m_axi_s2mm_wready" SIGIS="undef" SIGNAME="axi_dma_0_m_axi_s2mm_wready">
/tmp/cnn_xsa_check/system.hwh:1196:        <PORT DIR="O" LEFT="3" NAME="m_axi_s2mm_wstrb" RIGHT="0" SIGIS="undef" SIGNAME="axi_dma_0_m_axi_s2mm_wstrb">
/tmp/cnn_xsa_check/system.hwh:1201:        <PORT DIR="O" NAME="m_axi_s2mm_wvalid" SIGIS="undef" SIGNAME="axi_dma_0_m_axi_s2mm_wvalid">
/tmp/cnn_xsa_check/system.hwh:1206:        <PORT DIR="O" LEFT="31" NAME="m_axis_mm2s_tdata" RIGHT="0" SIGIS="undef" SIGNAME="axi_dma_0_m_axis_mm2s_tdata">
/tmp/cnn_xsa_check/system.hwh:1208:            <CONNECTION INSTANCE="cnn_axi_0" PORT="s_axis_tdata"/>
/tmp/cnn_xsa_check/system.hwh:1211:        <PORT DIR="O" NAME="m_axis_mm2s_tlast" SIGIS="undef" SIGNAME="axi_dma_0_m_axis_mm2s_tlast">
/tmp/cnn_xsa_check/system.hwh:1213:            <CONNECTION INSTANCE="cnn_axi_0" PORT="s_axis_tlast"/>
/tmp/cnn_xsa_check/system.hwh:1216:        <PORT DIR="I" NAME="m_axis_mm2s_tready" SIGIS="undef" SIGNAME="axi_dma_0_m_axis_mm2s_tready">
/tmp/cnn_xsa_check/system.hwh:1218:            <CONNECTION INSTANCE="cnn_axi_0" PORT="s_axis_tready"/>
/tmp/cnn_xsa_check/system.hwh:1221:        <PORT DIR="O" NAME="m_axis_mm2s_tvalid" SIGIS="undef" SIGNAME="axi_dma_0_m_axis_mm2s_tvalid">
/tmp/cnn_xsa_check/system.hwh:1223:            <CONNECTION INSTANCE="cnn_axi_0" PORT="s_axis_tvalid"/>
/tmp/cnn_xsa_check/system.hwh:1235:        <PORT DIR="I" LEFT="9" NAME="s_axi_lite_araddr" RIGHT="0" SIGIS="undef" SIGNAME="axi_dma_0_s_axi_lite_araddr">
/tmp/cnn_xsa_check/system.hwh:1240:        <PORT DIR="O" NAME="s_axi_lite_arready" SIGIS="undef" SIGNAME="axi_dma_0_s_axi_lite_arready">
/tmp/cnn_xsa_check/system.hwh:1245:        <PORT DIR="I" NAME="s_axi_lite_arvalid" SIGIS="undef" SIGNAME="axi_dma_0_s_axi_lite_arvalid">
/tmp/cnn_xsa_check/system.hwh:1250:        <PORT DIR="I" LEFT="9" NAME="s_axi_lite_awaddr" RIGHT="0" SIGIS="undef" SIGNAME="axi_dma_0_s_axi_lite_awaddr">
/tmp/cnn_xsa_check/system.hwh:1255:        <PORT DIR="O" NAME="s_axi_lite_awready" SIGIS="undef" SIGNAME="axi_dma_0_s_axi_lite_awready">
/tmp/cnn_xsa_check/system.hwh:1260:        <PORT DIR="I" NAME="s_axi_lite_awvalid" SIGIS="undef" SIGNAME="axi_dma_0_s_axi_lite_awvalid">
/tmp/cnn_xsa_check/system.hwh:1265:        <PORT DIR="I" NAME="s_axi_lite_bready" SIGIS="undef" SIGNAME="axi_dma_0_s_axi_lite_bready">
/tmp/cnn_xsa_check/system.hwh:1270:        <PORT DIR="O" LEFT="1" NAME="s_axi_lite_bresp" RIGHT="0" SIGIS="undef" SIGNAME="axi_dma_0_s_axi_lite_bresp">
/tmp/cnn_xsa_check/system.hwh:1275:        <PORT DIR="O" NAME="s_axi_lite_bvalid" SIGIS="undef" SIGNAME="axi_dma_0_s_axi_lite_bvalid">
/tmp/cnn_xsa_check/system.hwh:1280:        <PORT DIR="O" LEFT="31" NAME="s_axi_lite_rdata" RIGHT="0" SIGIS="undef" SIGNAME="axi_dma_0_s_axi_lite_rdata">
/tmp/cnn_xsa_check/system.hwh:1285:        <PORT DIR="I" NAME="s_axi_lite_rready" SIGIS="undef" SIGNAME="axi_dma_0_s_axi_lite_rready">
/tmp/cnn_xsa_check/system.hwh:1290:        <PORT DIR="O" LEFT="1" NAME="s_axi_lite_rresp" RIGHT="0" SIGIS="undef" SIGNAME="axi_dma_0_s_axi_lite_rresp">
/tmp/cnn_xsa_check/system.hwh:1295:        <PORT DIR="O" NAME="s_axi_lite_rvalid" SIGIS="undef" SIGNAME="axi_dma_0_s_axi_lite_rvalid">
/tmp/cnn_xsa_check/system.hwh:1300:        <PORT DIR="I" LEFT="31" NAME="s_axi_lite_wdata" RIGHT="0" SIGIS="undef" SIGNAME="axi_dma_0_s_axi_lite_wdata">
/tmp/cnn_xsa_check/system.hwh:1305:        <PORT DIR="O" NAME="s_axi_lite_wready" SIGIS="undef" SIGNAME="axi_dma_0_s_axi_lite_wready">
/tmp/cnn_xsa_check/system.hwh:1310:        <PORT DIR="I" NAME="s_axi_lite_wvalid" SIGIS="undef" SIGNAME="axi_dma_0_s_axi_lite_wvalid">
/tmp/cnn_xsa_check/system.hwh:1315:        <PORT DIR="I" LEFT="31" NAME="s_axis_s2mm_tdata" RIGHT="0" SIGIS="undef" SIGNAME="axi_dma_0_s_axis_s2mm_tdata">
/tmp/cnn_xsa_check/system.hwh:1317:            <CONNECTION INSTANCE="cnn_axi_0" PORT="m_axis_tdata"/>
/tmp/cnn_xsa_check/system.hwh:1320:        <PORT DIR="I" NAME="s_axis_s2mm_tlast" SIGIS="undef" SIGNAME="axi_dma_0_s_axis_s2mm_tlast">
/tmp/cnn_xsa_check/system.hwh:1322:            <CONNECTION INSTANCE="cnn_axi_0" PORT="m_axis_tlast"/>
/tmp/cnn_xsa_check/system.hwh:1325:        <PORT DIR="O" NAME="s_axis_s2mm_tready" SIGIS="undef" SIGNAME="axi_dma_0_s_axis_s2mm_tready">
/tmp/cnn_xsa_check/system.hwh:1327:            <CONNECTION INSTANCE="cnn_axi_0" PORT="m_axis_tready"/>
/tmp/cnn_xsa_check/system.hwh:1330:        <PORT DIR="I" NAME="s_axis_s2mm_tvalid" SIGIS="undef" SIGNAME="axi_dma_0_s_axis_s2mm_tvalid">
/tmp/cnn_xsa_check/system.hwh:1332:            <CONNECTION INSTANCE="cnn_axi_0" PORT="m_axis_tvalid"/>
/tmp/cnn_xsa_check/system.hwh:1388:        <BUSINTERFACE BUSNAME="axi_dma_0_M_AXI_MM2S" DATAWIDTH="32" NAME="M_AXI_MM2S" TYPE="MASTER" VLNV="xilinx.com:interface:aximm:1.0">
/tmp/cnn_xsa_check/system.hwh:1436:        <BUSINTERFACE BUSNAME="axi_dma_0_M_AXI_S2MM" DATAWIDTH="32" NAME="M_AXI_S2MM" TYPE="MASTER" VLNV="xilinx.com:interface:aximm:1.0">
/tmp/cnn_xsa_check/system.hwh:1487:        <BUSINTERFACE BUSNAME="axi_dma_0_M_AXIS_MM2S" NAME="M_AXIS_MM2S" TYPE="INITIATOR" VLNV="xilinx.com:interface:axis:1.0">
/tmp/cnn_xsa_check/system.hwh:1508:        <BUSINTERFACE BUSNAME="cnn_axi_0_m_axis" NAME="S_AXIS_S2MM" TYPE="TARGET" VLNV="xilinx.com:interface:axis:1.0">
/tmp/cnn_xsa_check/system.hwh:1536:        <PERIPHERAL INSTANCE="cnn_axi_0"/>
/tmp/cnn_xsa_check/system.hwh:1884:            <CONNECTION INSTANCE="cnn_axi_0" PORT="s_axi_araddr"/>
/tmp/cnn_xsa_check/system.hwh:1889:            <CONNECTION INSTANCE="cnn_axi_0" PORT="s_axi_arready"/>
/tmp/cnn_xsa_check/system.hwh:1894:            <CONNECTION INSTANCE="cnn_axi_0" PORT="s_axi_arvalid"/>
/tmp/cnn_xsa_check/system.hwh:1899:            <CONNECTION INSTANCE="cnn_axi_0" PORT="s_axi_awaddr"/>
/tmp/cnn_xsa_check/system.hwh:1904:            <CONNECTION INSTANCE="cnn_axi_0" PORT="s_axi_awready"/>
/tmp/cnn_xsa_check/system.hwh:1909:            <CONNECTION INSTANCE="cnn_axi_0" PORT="s_axi_awvalid"/>
/tmp/cnn_xsa_check/system.hwh:1914:            <CONNECTION INSTANCE="cnn_axi_0" PORT="s_axi_bready"/>
/tmp/cnn_xsa_check/system.hwh:1919:            <CONNECTION INSTANCE="cnn_axi_0" PORT="s_axi_bresp"/>
/tmp/cnn_xsa_check/system.hwh:1924:            <CONNECTION INSTANCE="cnn_axi_0" PORT="s_axi_bvalid"/>
/tmp/cnn_xsa_check/system.hwh:1929:            <CONNECTION INSTANCE="cnn_axi_0" PORT="s_axi_rdata"/>
/tmp/cnn_xsa_check/system.hwh:1934:            <CONNECTION INSTANCE="cnn_axi_0" PORT="s_axi_rready"/>
/tmp/cnn_xsa_check/system.hwh:1939:            <CONNECTION INSTANCE="cnn_axi_0" PORT="s_axi_rresp"/>
/tmp/cnn_xsa_check/system.hwh:1944:            <CONNECTION INSTANCE="cnn_axi_0" PORT="s_axi_rvalid"/>
/tmp/cnn_xsa_check/system.hwh:1949:            <CONNECTION INSTANCE="cnn_axi_0" PORT="s_axi_wdata"/>
/tmp/cnn_xsa_check/system.hwh:1954:            <CONNECTION INSTANCE="cnn_axi_0" PORT="s_axi_wready"/>
/tmp/cnn_xsa_check/system.hwh:1959:            <CONNECTION INSTANCE="cnn_axi_0" PORT="s_axi_wstrb"/>
/tmp/cnn_xsa_check/system.hwh:1964:            <CONNECTION INSTANCE="cnn_axi_0" PORT="s_axi_wvalid"/>
/tmp/cnn_xsa_check/system.hwh:1977:        <PORT DIR="O" LEFT="31" NAME="M01_AXI_araddr" RIGHT="0" SIGIS="undef" SIGNAME="axi_dma_0_s_axi_lite_araddr">
/tmp/cnn_xsa_check/system.hwh:1979:            <CONNECTION INSTANCE="axi_dma_0" PORT="s_axi_lite_araddr"/>
/tmp/cnn_xsa_check/system.hwh:1982:        <PORT DIR="I" NAME="M01_AXI_arready" SIGIS="undef" SIGNAME="axi_dma_0_s_axi_lite_arready">
/tmp/cnn_xsa_check/system.hwh:1984:            <CONNECTION INSTANCE="axi_dma_0" PORT="s_axi_lite_arready"/>
/tmp/cnn_xsa_check/system.hwh:1987:        <PORT DIR="O" NAME="M01_AXI_arvalid" SIGIS="undef" SIGNAME="axi_dma_0_s_axi_lite_arvalid">
/tmp/cnn_xsa_check/system.hwh:1989:            <CONNECTION INSTANCE="axi_dma_0" PORT="s_axi_lite_arvalid"/>
/tmp/cnn_xsa_check/system.hwh:1992:        <PORT DIR="O" LEFT="31" NAME="M01_AXI_awaddr" RIGHT="0" SIGIS="undef" SIGNAME="axi_dma_0_s_axi_lite_awaddr">
/tmp/cnn_xsa_check/system.hwh:1994:            <CONNECTION INSTANCE="axi_dma_0" PORT="s_axi_lite_awaddr"/>
/tmp/cnn_xsa_check/system.hwh:1997:        <PORT DIR="I" NAME="M01_AXI_awready" SIGIS="undef" SIGNAME="axi_dma_0_s_axi_lite_awready">
/tmp/cnn_xsa_check/system.hwh:1999:            <CONNECTION INSTANCE="axi_dma_0" PORT="s_axi_lite_awready"/>
/tmp/cnn_xsa_check/system.hwh:2002:        <PORT DIR="O" NAME="M01_AXI_awvalid" SIGIS="undef" SIGNAME="axi_dma_0_s_axi_lite_awvalid">
/tmp/cnn_xsa_check/system.hwh:2004:            <CONNECTION INSTANCE="axi_dma_0" PORT="s_axi_lite_awvalid"/>
/tmp/cnn_xsa_check/system.hwh:2007:        <PORT DIR="O" NAME="M01_AXI_bready" SIGIS="undef" SIGNAME="axi_dma_0_s_axi_lite_bready">
/tmp/cnn_xsa_check/system.hwh:2009:            <CONNECTION INSTANCE="axi_dma_0" PORT="s_axi_lite_bready"/>
/tmp/cnn_xsa_check/system.hwh:2012:        <PORT DIR="I" LEFT="1" NAME="M01_AXI_bresp" RIGHT="0" SIGIS="undef" SIGNAME="axi_dma_0_s_axi_lite_bresp">
/tmp/cnn_xsa_check/system.hwh:2014:            <CONNECTION INSTANCE="axi_dma_0" PORT="s_axi_lite_bresp"/>
/tmp/cnn_xsa_check/system.hwh:2017:        <PORT DIR="I" NAME="M01_AXI_bvalid" SIGIS="undef" SIGNAME="axi_dma_0_s_axi_lite_bvalid">
/tmp/cnn_xsa_check/system.hwh:2019:            <CONNECTION INSTANCE="axi_dma_0" PORT="s_axi_lite_bvalid"/>
/tmp/cnn_xsa_check/system.hwh:2022:        <PORT DIR="I" LEFT="31" NAME="M01_AXI_rdata" RIGHT="0" SIGIS="undef" SIGNAME="axi_dma_0_s_axi_lite_rdata">
/tmp/cnn_xsa_check/system.hwh:2024:            <CONNECTION INSTANCE="axi_dma_0" PORT="s_axi_lite_rdata"/>
/tmp/cnn_xsa_check/system.hwh:2027:        <PORT DIR="O" NAME="M01_AXI_rready" SIGIS="undef" SIGNAME="axi_dma_0_s_axi_lite_rready">
/tmp/cnn_xsa_check/system.hwh:2029:            <CONNECTION INSTANCE="axi_dma_0" PORT="s_axi_lite_rready"/>
