Copyright 1986-2022 Xilinx, Inc. All Rights Reserved. Copyright 2022-2025 Advanced Micro Devices, Inc. All Rights Reserved.
---------------------------------------------------------------------------------------------------------------------------------------------
| Tool Version : Vivado v.2025.2 (lin64) Build 6299465 Fri Nov 14 12:34:56 MST 2025
| Date         : Fri Jun 26 04:39:03 2026
| Host         : WIN-DREFJD030RN running 64-bit Ubuntu 26.04 LTS
| Command      : report_timing_summary -file build/arty_z7_20_bitstream_timing.rpt
| Design       : system_wrapper
| Device       : 7z020-clg400
| Speed File   : -1  PRODUCTION 1.12 2019-11-22
| Design State : Routed
---------------------------------------------------------------------------------------------------------------------------------------------

Timing Summary Report

------------------------------------------------------------------------------------------------
| Timer Settings
| --------------
------------------------------------------------------------------------------------------------

  Enable Multi Corner Analysis               :  Yes
  Enable Pessimism Removal                   :  Yes
  Pessimism Removal Resolution               :  Nearest Common Node
  Enable Input Delay Default Clock           :  No
  Enable Preset / Clear Arcs                 :  No
  Disable Flight Delays                      :  No
  Ignore I/O Paths                           :  No
  Timing Early Launch at Borrowing Latches   :  No
  Borrow Time for Max Delay Exceptions       :  Yes
  Merge Timing Exceptions                    :  Yes
  Inter-SLR Compensation                     :  Conservative

  Corner  Analyze    Analyze    
  Name    Max Paths  Min Paths  
  ------  ---------  ---------  
  Slow    Yes        Yes        
  Fast    Yes        Yes        


------------------------------------------------------------------------------------------------
| Report Methodology
| ------------------
------------------------------------------------------------------------------------------------

Rule    Severity  Description                Violations  
------  --------  -------------------------  ----------  
DPIR-1  Warning   Asynchronous driver check  48          

Note: This report is based on the most recent report_methodology run and may not be up-to-date. Run report_methodology on the current design for the latest report.



check_timing report

Table of Contents
-----------------
1. checking no_clock (0)
2. checking constant_clock (0)
3. checking pulse_width_clock (0)
4. checking unconstrained_internal_endpoints (0)
5. checking no_input_delay (0)
6. checking no_output_delay (0)
7. checking multiple_clock (0)
8. checking generated_clocks (0)
9. checking loops (0)
10. checking partial_input_delay (0)
11. checking partial_output_delay (0)
12. checking latch_loops (0)

1. checking no_clock (0)
------------------------
 There are 0 register/latch pins with no clock.


2. checking constant_clock (0)
------------------------------
 There are 0 register/latch pins with constant_clock.


3. checking pulse_width_clock (0)
---------------------------------
 There are 0 register/latch pins which need pulse_width check


4. checking unconstrained_internal_endpoints (0)
------------------------------------------------
 There are 0 pins that are not constrained for maximum delay.

 There are 0 pins that are not constrained for maximum delay due to constant clock.


5. checking no_input_delay (0)
------------------------------
 There are 0 input ports with no input delay specified.

 There are 0 input ports with no input delay but user has a false path constraint.


6. checking no_output_delay (0)
-------------------------------
 There are 0 ports with no output delay specified.

 There are 0 ports with no output delay but user has a false path constraint

 There are 0 ports with no output delay but with a timing clock defined on it or propagating through it


7. checking multiple_clock (0)
------------------------------
 There are 0 register/latch pins with multiple clocks.


8. checking generated_clocks (0)
--------------------------------
 There are 0 generated clocks that are not connected to a clock source.


9. checking loops (0)
---------------------
 There are 0 combinational loops in the design.


10. checking partial_input_delay (0)
------------------------------------
 There are 0 input ports with partial input delay specified.


11. checking partial_output_delay (0)
-------------------------------------
 There are 0 ports with partial output delay specified.


12. checking latch_loops (0)
----------------------------
 There are 0 combinational latch loops in the design through latch input



------------------------------------------------------------------------------------------------
| Design Timing Summary
| ---------------------
------------------------------------------------------------------------------------------------

    WNS(ns)      TNS(ns)  TNS Failing Endpoints  TNS Total Endpoints      WHS(ns)      THS(ns)  THS Failing Endpoints  THS Total Endpoints     WPWS(ns)     TPWS(ns)  TPWS Failing Endpoints  TPWS Total Endpoints  
    -------      -------  ---------------------  -------------------      -------      -------  ---------------------  -------------------     --------     --------  ----------------------  --------------------  
      0.122        0.000                      0                19846        0.037        0.000                      0                19846        4.020        0.000                       0                  7824  


All user specified timing constraints are met.


------------------------------------------------------------------------------------------------
| Clock Summary
| -------------
------------------------------------------------------------------------------------------------

Clock       Waveform(ns)       Period(ns)      Frequency(MHz)
-----       ------------       ----------      --------------
clk_fpga_0  {0.000 5.000}      10.000          100.000         


------------------------------------------------------------------------------------------------
| Intra Clock Table
| -----------------
------------------------------------------------------------------------------------------------

Clock             WNS(ns)      TNS(ns)  TNS Failing Endpoints  TNS Total Endpoints      WHS(ns)      THS(ns)  THS Failing Endpoints  THS Total Endpoints     WPWS(ns)     TPWS(ns)  TPWS Failing Endpoints  TPWS Total Endpoints  
-----             -------      -------  ---------------------  -------------------      -------      -------  ---------------------  -------------------     --------     --------  ----------------------  --------------------  
clk_fpga_0          0.122        0.000                      0                15727        0.037        0.000                      0                15727        4.020        0.000                       0                  7824  


------------------------------------------------------------------------------------------------
| Inter Clock Table
| -----------------
------------------------------------------------------------------------------------------------

From Clock    To Clock          WNS(ns)      TNS(ns)  TNS Failing Endpoints  TNS Total Endpoints      WHS(ns)      THS(ns)  THS Failing Endpoints  THS Total Endpoints  
----------    --------          -------      -------  ---------------------  -------------------      -------      -------  ---------------------  -------------------  


------------------------------------------------------------------------------------------------
| Other Path Groups Table
| -----------------------
------------------------------------------------------------------------------------------------

Path Group         From Clock         To Clock               WNS(ns)      TNS(ns)  TNS Failing Endpoints  TNS Total Endpoints      WHS(ns)      THS(ns)  THS Failing Endpoints  THS Total Endpoints  
----------         ----------         --------               -------      -------  ---------------------  -------------------      -------      -------  ---------------------  -------------------  
**async_default**  clk_fpga_0         clk_fpga_0               1.466        0.000                      0                 4119        1.617        0.000                      0                 4119  


------------------------------------------------------------------------------------------------
| Timing Details
| --------------
------------------------------------------------------------------------------------------------


---------------------------------------------------------------------------------------------------
From Clock:  clk_fpga_0
  To Clock:  clk_fpga_0

Setup :            0  Failing Endpoints,  Worst Slack        0.122ns,  Total Violation        0.000ns
Hold  :            0  Failing Endpoints,  Worst Slack        0.037ns,  Total Violation        0.000ns
PW    :            0  Failing Endpoints,  Worst Slack        4.020ns,  Total Violation        0.000ns
---------------------------------------------------------------------------------------------------


Max Delay Paths
--------------------------------------------------------------------------------------
Slack (MET) :             0.122ns  (required time - arrival time)
  Source:                 system_i/cnn_axi_0/inst/u_cnn_axi_system_top/u_axi_slave/weight_index_reg[4]/C
                            (rising edge-triggered cell FDCE clocked by clk_fpga_0  {rise@0.000ns fall@5.000ns period=10.000ns})
  Destination:            system_i/cnn_axi_0/inst/u_cnn_axi_system_top/u_config_loader/weights_reg[1][1][3][0]/CE
                            (rising edge-triggered cell FDCE clocked by clk_fpga_0  {rise@0.000ns fall@5.000ns period=10.000ns})
  Path Group:             clk_fpga_0
  Path Type:              Setup (Max at Slow Process Corner)
  Requirement:            10.000ns  (clk_fpga_0 rise@10.000ns - clk_fpga_0 rise@0.000ns)
  Data Path Delay:        9.494ns  (logic 3.662ns (38.572%)  route 5.832ns (61.428%))
  Logic Levels:           12  (CARRY4=5 LUT2=2 LUT3=1 LUT4=1 LUT5=2 LUT6=1)
  Clock Path Skew:        -0.025ns (DCD - SCD + CPR)
    Destination Clock Delay (DCD):    2.645ns = ( 12.645 - 10.000 ) 
    Source Clock Delay      (SCD):    2.933ns
    Clock Pessimism Removal (CPR):    0.263ns
  Clock Uncertainty:      0.154ns  ((TSJ^2 + TIJ^2)^1/2 + DJ) / 2 + PE
    Total System Jitter     (TSJ):    0.071ns
    Total Input Jitter      (TIJ):    0.300ns
    Discrete Jitter          (DJ):    0.000ns
    Phase Error              (PE):    0.000ns

    Location             Delay type                Incr(ns)  Path(ns)    Netlist Resource(s)
  -------------------------------------------------------------------    -------------------
                         (clock clk_fpga_0 rise edge)
                                                      0.000     0.000 r  
    PS7_X0Y0             PS7                          0.000     0.000 r  system_i/ps7/inst/PS7_i/FCLKCLK[0]
                         net (fo=1, routed)           1.193     1.193    system_i/ps7/inst/FCLK_CLK_unbuffered[0]
    BUFGCTRL_X0Y16       BUFG (Prop_bufg_I_O)         0.101     1.294 r  system_i/ps7/inst/buffer_fclk_clk_0.FCLK_CLK_0_BUFG/O
                         net (fo=7824, routed)        1.639     2.933    system_i/cnn_axi_0/inst/u_cnn_axi_system_top/u_axi_slave/s_axi_aclk
    SLICE_X50Y95         FDCE                                         r  system_i/cnn_axi_0/inst/u_cnn_axi_system_top/u_axi_slave/weight_index_reg[4]/C
  -------------------------------------------------------------------    -------------------
    SLICE_X50Y95         FDCE (Prop_fdce_C_Q)         0.518     3.451 r  system_i/cnn_axi_0/inst/u_cnn_axi_system_top/u_axi_slave/weight_index_reg[4]/Q
                         net (fo=13, routed)          0.872     4.323    system_i/cnn_axi_0/inst/u_cnn_axi_system_top/u_axi_slave/Q[4]
    SLICE_X51Y95         LUT2 (Prop_lut2_I0_O)        0.124     4.447 r  system_i/cnn_axi_0/inst/u_cnn_axi_system_top/u_axi_slave/i__carry_i_2/O
                         net (fo=1, routed)           0.000     4.447    system_i/cnn_axi_0/inst/u_cnn_axi_system_top/u_config_loader/_inferred__2/i__carry__0_0[1]
    SLICE_X51Y95         CARRY4 (Prop_carry4_S[2]_CO[3])
                                                      0.398     4.845 r  system_i/cnn_axi_0/inst/u_cnn_axi_system_top/u_config_loader/_inferred__2/i__carry/CO[3]
                         net (fo=1, routed)           0.000     4.845    system_i/cnn_axi_0/inst/u_cnn_axi_system_top/u_config_loader/_inferred__2/i__carry_n_0
    SLICE_X51Y96         CARRY4 (Prop_carry4_CI_O[2])
                                                      0.239     5.084 r  system_i/cnn_axi_0/inst/u_cnn_axi_system_top/u_config_loader/_inferred__2/i__carry__0/O[2]
                         net (fo=17, routed)          0.862     5.946    system_i/cnn_axi_0/inst/u_cnn_axi_system_top/u_axi_slave/weights_reg[1][2][2][7][0]
    SLICE_X52Y97         LUT2 (Prop_lut2_I0_O)        0.302     6.248 r  system_i/cnn_axi_0/inst/u_cnn_axi_system_top/u_axi_slave/i___13_carry_i_2/O
                         net (fo=1, routed)           0.000     6.248    system_i/cnn_axi_0/inst/u_cnn_axi_system_top/u_config_loader/i___32_carry_i_6[1]
    SLICE_X52Y97         CARRY4 (Prop_carry4_S[2]_CO[3])
                                                      0.398     6.646 r  system_i/cnn_axi_0/inst/u_cnn_axi_system_top/u_config_loader/_inferred__2/i___13_carry/CO[3]
                         net (fo=1, routed)           0.000     6.646    system_i/cnn_axi_0/inst/u_cnn_axi_system_top/u_config_loader/_inferred__2/i___13_carry_n_0
    SLICE_X52Y98         CARRY4 (Prop_carry4_CI_O[1])
                                                      0.334     6.980 r  system_i/cnn_axi_0/inst/u_cnn_axi_system_top/u_config_loader/_inferred__2/i___13_carry__0/O[1]
                         net (fo=3, routed)           0.664     7.644    system_i/cnn_axi_0/inst/u_cnn_axi_system_top/u_axi_slave/O[1]
    SLICE_X53Y97         LUT4 (Prop_lut4_I2_O)        0.303     7.947 r  system_i/cnn_axi_0/inst/u_cnn_axi_system_top/u_axi_slave/i___32_carry__0_i_7/O
                         net (fo=1, routed)           0.000     7.947    system_i/cnn_axi_0/inst/u_cnn_axi_system_top/u_config_loader/S[1]
    SLICE_X53Y97         CARRY4 (Prop_carry4_S[1]_CO[3])
                                                      0.550     8.497 r  system_i/cnn_axi_0/inst/u_cnn_axi_system_top/u_config_loader/_inferred__2/i___32_carry__0/CO[3]
                         net (fo=11, routed)          0.811     9.308    system_i/cnn_axi_0/inst/u_cnn_axi_system_top/u_axi_slave/weights_reg[1][2][2][7]_0[0]
    SLICE_X51Y98         LUT6 (Prop_lut6_I4_O)        0.124     9.432 r  system_i/cnn_axi_0/inst/u_cnn_axi_system_top/u_axi_slave/weights[1][0][0][7]_i_4/O
                         net (fo=3, routed)           0.513     9.945    system_i/cnn_axi_0/inst/u_cnn_axi_system_top/u_axi_slave/weights[1][0][0][7]_i_4_n_0
    SLICE_X50Y98         LUT5 (Prop_lut5_I4_O)        0.124    10.069 r  system_i/cnn_axi_0/inst/u_cnn_axi_system_top/u_axi_slave/weights[1][1][0][7]_i_3/O
                         net (fo=3, routed)           0.592    10.661    system_i/cnn_axi_0/inst/u_cnn_axi_system_top/u_axi_slave/weights[1][1][0][7]_i_3_n_0
    SLICE_X51Y98         LUT5 (Prop_lut5_I0_O)        0.124    10.785 r  system_i/cnn_axi_0/inst/u_cnn_axi_system_top/u_axi_slave/weights[1][1][0][7]_i_2/O
                         net (fo=9, routed)           0.906    11.691    system_i/cnn_axi_0/inst/u_cnn_axi_system_top/u_axi_slave/weights[1][1][0][7]_i_2_n_0
    SLICE_X53Y95         LUT3 (Prop_lut3_I1_O)        0.124    11.815 r  system_i/cnn_axi_0/inst/u_cnn_axi_system_top/u_axi_slave/weights[1][1][3][7]_i_1/O
                         net (fo=8, routed)           0.612    12.427    system_i/cnn_axi_0/inst/u_cnn_axi_system_top/u_config_loader/weights_reg[1][1][3][7]_1[0]
    SLICE_X53Y95         FDCE                                         r  system_i/cnn_axi_0/inst/u_cnn_axi_system_top/u_config_loader/weights_reg[1][1][3][0]/CE
  -------------------------------------------------------------------    -------------------

                         (clock clk_fpga_0 rise edge)
                                                     10.000    10.000 r  
    PS7_X0Y0             PS7                          0.000    10.000 r  system_i/ps7/inst/PS7_i/FCLKCLK[0]
                         net (fo=1, routed)           1.088    11.088    system_i/ps7/inst/FCLK_CLK_unbuffered[0]
    BUFGCTRL_X0Y16       BUFG (Prop_bufg_I_O)         0.091    11.179 r  system_i/ps7/inst/buffer_fclk_clk_0.FCLK_CLK_0_BUFG/O
                         net (fo=7824, routed)        1.466    12.645    system_i/cnn_axi_0/inst/u_cnn_axi_system_top/u_config_loader/s_axi_aclk
    SLICE_X53Y95         FDCE                                         r  system_i/cnn_axi_0/inst/u_cnn_axi_system_top/u_config_loader/weights_reg[1][1][3][0]/C
                         clock pessimism              0.263    12.908    
                         clock uncertainty           -0.154    12.754    
    SLICE_X53Y95         FDCE (Setup_fdce_C_CE)      -0.205    12.549    system_i/cnn_axi_0/inst/u_cnn_axi_system_top/u_config_loader/weights_reg[1][1][3][0]
  -------------------------------------------------------------------
                         required time                         12.549    
                         arrival time                         -12.427    
  -------------------------------------------------------------------
                         slack                                  0.122    





Min Delay Paths
--------------------------------------------------------------------------------------
Slack (MET) :             0.037ns  (arrival time - required time)
  Source:                 system_i/cnn_axi_0/inst/u_cnn_axi_system_top/u_streaming_core/u_window_buffer/top_s0_reg[0][7]/C
                            (rising edge-triggered cell FDCE clocked by clk_fpga_0  {rise@0.000ns fall@5.000ns period=10.000ns})
  Destination:            system_i/cnn_axi_0/inst/u_cnn_axi_system_top/u_streaming_core/u_window_buffer/window_data_reg[0][0][7]/D
                            (rising edge-triggered cell FDCE clocked by clk_fpga_0  {rise@0.000ns fall@5.000ns period=10.000ns})
  Path Group:             clk_fpga_0
  Path Type:              Hold (Min at Fast Process Corner)
  Requirement:            0.000ns  (clk_fpga_0 rise@0.000ns - clk_fpga_0 rise@0.000ns)
  Data Path Delay:        0.344ns  (logic 0.141ns (40.930%)  route 0.203ns (59.070%))
  Logic Levels:           0  
  Clock Path Skew:        0.261ns (DCD - SCD - CPR)
    Destination Clock Delay (DCD):    1.272ns
    Source Clock Delay      (SCD):    0.972ns
    Clock Pessimism Removal (CPR):    0.039ns

    Location             Delay type                Incr(ns)  Path(ns)    Netlist Resource(s)
  -------------------------------------------------------------------    -------------------
                         (clock clk_fpga_0 rise edge)
                                                      0.000     0.000 r  
    PS7_X0Y0             PS7                          0.000     0.000 r  system_i/ps7/inst/PS7_i/FCLKCLK[0]
                         net (fo=1, routed)           0.310     0.310    system_i/ps7/inst/FCLK_CLK_unbuffered[0]
    BUFGCTRL_X0Y16       BUFG (Prop_bufg_I_O)         0.026     0.336 r  system_i/ps7/inst/buffer_fclk_clk_0.FCLK_CLK_0_BUFG/O
                         net (fo=7824, routed)        0.636     0.972    system_i/cnn_axi_0/inst/u_cnn_axi_system_top/u_streaming_core/u_window_buffer/s_axi_aclk
    SLICE_X49Y108        FDCE                                         r  system_i/cnn_axi_0/inst/u_cnn_axi_system_top/u_streaming_core/u_window_buffer/top_s0_reg[0][7]/C
  -------------------------------------------------------------------    -------------------
    SLICE_X49Y108        FDCE (Prop_fdce_C_Q)         0.141     1.113 r  system_i/cnn_axi_0/inst/u_cnn_axi_system_top/u_streaming_core/u_window_buffer/top_s0_reg[0][7]/Q
                         net (fo=1, routed)           0.203     1.316    system_i/cnn_axi_0/inst/u_cnn_axi_system_top/u_streaming_core/u_window_buffer/top_s0_reg[0]_229[7]
    SLICE_X51Y106        FDCE                                         r  system_i/cnn_axi_0/inst/u_cnn_axi_system_top/u_streaming_core/u_window_buffer/window_data_reg[0][0][7]/D
  -------------------------------------------------------------------    -------------------

                         (clock clk_fpga_0 rise edge)
                                                      0.000     0.000 r  
    PS7_X0Y0             PS7                          0.000     0.000 r  system_i/ps7/inst/PS7_i/FCLKCLK[0]
                         net (fo=1, routed)           0.337     0.337    system_i/ps7/inst/FCLK_CLK_unbuffered[0]
    BUFGCTRL_X0Y16       BUFG (Prop_bufg_I_O)         0.029     0.366 r  system_i/ps7/inst/buffer_fclk_clk_0.FCLK_CLK_0_BUFG/O
                         net (fo=7824, routed)        0.906     1.272    system_i/cnn_axi_0/inst/u_cnn_axi_system_top/u_streaming_core/u_window_buffer/s_axi_aclk
    SLICE_X51Y106        FDCE                                         r  system_i/cnn_axi_0/inst/u_cnn_axi_system_top/u_streaming_core/u_window_buffer/window_data_reg[0][0][7]/C
                         clock pessimism             -0.039     1.233    
    SLICE_X51Y106        FDCE (Hold_fdce_C_D)         0.046     1.279    system_i/cnn_axi_0/inst/u_cnn_axi_system_top/u_streaming_core/u_window_buffer/window_data_reg[0][0][7]
  -------------------------------------------------------------------
                         required time                         -1.279    
                         arrival time                           1.316    
  -------------------------------------------------------------------
                         slack                                  0.037    





Pulse Width Checks
--------------------------------------------------------------------------------------
Clock Name:         clk_fpga_0
Waveform(ns):       { 0.000 5.000 }
Period(ns):         10.000
Sources:            { system_i/ps7/inst/PS7_i/FCLKCLK[0] }

Check Type        Corner  Lib Pin             Reference Pin  Required(ns)  Actual(ns)  Slack(ns)  Location      Pin
Min Period        n/a     RAMB36E1/CLKARDCLK  n/a            2.944         10.000      7.056      RAMB36_X2Y11  system_i/cnn_axi_0/inst/u_cnn_axi_system_top/u_result_buffer/ram_reg_0/CLKARDCLK
Low Pulse Width   Slow    SRLC32E/CLK         n/a            0.980         5.000       4.020      SLICE_X30Y80  system_i/axi_interconnect_0/s00_couplers/auto_pc/inst/gen_axilite.gen_b2s_conv.axilite_b2s/RD.r_channel_0/rd_data_fifo_0/memory_reg[31][0]_srl32/CLK
High Pulse Width  Slow    SRLC32E/CLK         n/a            0.980         5.000       4.020      SLICE_X30Y80  system_i/axi_interconnect_0/s00_couplers/auto_pc/inst/gen_axilite.gen_b2s_conv.axilite_b2s/RD.r_channel_0/rd_data_fifo_0/memory_reg[31][0]_srl32/CLK



---------------------------------------------------------------------------------------------------
Path Group:  **async_default**
From Clock:  clk_fpga_0
  To Clock:  clk_fpga_0

Setup :            0  Failing Endpoints,  Worst Slack        1.466ns,  Total Violation        0.000ns
Hold  :            0  Failing Endpoints,  Worst Slack        1.617ns,  Total Violation        0.000ns
---------------------------------------------------------------------------------------------------


Max Delay Paths
--------------------------------------------------------------------------------------
Slack (MET) :             1.466ns  (required time - arrival time)
  Source:                 system_i/rst_ps7_0/U0/ACTIVE_LOW_PR_OUT_DFF[0].FDRE_PER_N/C
                            (rising edge-triggered cell FDRE clocked by clk_fpga_0  {rise@0.000ns fall@5.000ns period=10.000ns})
  Destination:            system_i/cnn_axi_0/inst/u_cnn_axi_system_top/u_streaming_core/u_window_buffer/window_data_reg[0][8][7]/CLR
                            (recovery check against rising-edge clock clk_fpga_0  {rise@0.000ns fall@5.000ns period=10.000ns})
  Path Group:             **async_default**
  Path Type:              Recovery (Max at Slow Process Corner)
  Requirement:            10.000ns  (clk_fpga_0 rise@10.000ns - clk_fpga_0 rise@0.000ns)
  Data Path Delay:        7.838ns  (logic 0.642ns (8.191%)  route 7.196ns (91.809%))
  Logic Levels:           1  (LUT1=1)
  Clock Path Skew:        -0.137ns (DCD - SCD + CPR)
    Destination Clock Delay (DCD):    2.894ns = ( 12.894 - 10.000 ) 
    Source Clock Delay      (SCD):    3.178ns
    Clock Pessimism Removal (CPR):    0.147ns
  Clock Uncertainty:      0.154ns  ((TSJ^2 + TIJ^2)^1/2 + DJ) / 2 + PE
    Total System Jitter     (TSJ):    0.071ns
    Total Input Jitter      (TIJ):    0.300ns
    Discrete Jitter          (DJ):    0.000ns
    Phase Error              (PE):    0.000ns

    Location             Delay type                Incr(ns)  Path(ns)    Netlist Resource(s)
  -------------------------------------------------------------------    -------------------
                         (clock clk_fpga_0 rise edge)
                                                      0.000     0.000 r  
    PS7_X0Y0             PS7                          0.000     0.000 r  system_i/ps7/inst/PS7_i/FCLKCLK[0]
                         net (fo=1, routed)           1.193     1.193    system_i/ps7/inst/FCLK_CLK_unbuffered[0]
    BUFGCTRL_X0Y16       BUFG (Prop_bufg_I_O)         0.101     1.294 r  system_i/ps7/inst/buffer_fclk_clk_0.FCLK_CLK_0_BUFG/O
                         net (fo=7824, routed)        1.884     3.178    system_i/rst_ps7_0/U0/slowest_sync_clk
    SLICE_X30Y115        FDRE                                         r  system_i/rst_ps7_0/U0/ACTIVE_LOW_PR_OUT_DFF[0].FDRE_PER_N/C
  -------------------------------------------------------------------    -------------------
    SLICE_X30Y115        FDRE (Prop_fdre_C_Q)         0.518     3.696 r  system_i/rst_ps7_0/U0/ACTIVE_LOW_PR_OUT_DFF[0].FDRE_PER_N/Q
                         net (fo=7, routed)           2.929     6.625    system_i/cnn_axi_0/inst/u_cnn_axi_system_top/s_axi_aresetn
    SLICE_X30Y76         LUT1 (Prop_lut1_I0_O)        0.124     6.749 f  system_i/cnn_axi_0/inst/u_cnn_axi_system_top/s_axi_awready_i_2/O
                         net (fo=4119, routed)        4.266    11.016    system_i/cnn_axi_0/inst/u_cnn_axi_system_top/u_streaming_core/u_window_buffer/window_valid_reg_0
    SLICE_X67Y105        FDCE                                         f  system_i/cnn_axi_0/inst/u_cnn_axi_system_top/u_streaming_core/u_window_buffer/window_data_reg[0][8][7]/CLR
  -------------------------------------------------------------------    -------------------

                         (clock clk_fpga_0 rise edge)
                                                     10.000    10.000 r  
    PS7_X0Y0             PS7                          0.000    10.000 r  system_i/ps7/inst/PS7_i/FCLKCLK[0]
                         net (fo=1, routed)           1.088    11.088    system_i/ps7/inst/FCLK_CLK_unbuffered[0]
    BUFGCTRL_X0Y16       BUFG (Prop_bufg_I_O)         0.091    11.179 r  system_i/ps7/inst/buffer_fclk_clk_0.FCLK_CLK_0_BUFG/O
                         net (fo=7824, routed)        1.715    12.894    system_i/cnn_axi_0/inst/u_cnn_axi_system_top/u_streaming_core/u_window_buffer/s_axi_aclk
    SLICE_X67Y105        FDCE                                         r  system_i/cnn_axi_0/inst/u_cnn_axi_system_top/u_streaming_core/u_window_buffer/window_data_reg[0][8][7]/C
                         clock pessimism              0.147    13.041    
                         clock uncertainty           -0.154    12.887    
    SLICE_X67Y105        FDCE (Recov_fdce_C_CLR)     -0.405    12.482    system_i/cnn_axi_0/inst/u_cnn_axi_system_top/u_streaming_core/u_window_buffer/window_data_reg[0][8][7]
  -------------------------------------------------------------------
                         required time                         12.482    
                         arrival time                         -11.016    
  -------------------------------------------------------------------
                         slack                                  1.466    





Min Delay Paths
--------------------------------------------------------------------------------------
Slack (MET) :             1.617ns  (arrival time - required time)
  Source:                 system_i/rst_ps7_0/U0/ACTIVE_LOW_PR_OUT_DFF[0].FDRE_PER_N/C
                            (rising edge-triggered cell FDRE clocked by clk_fpga_0  {rise@0.000ns fall@5.000ns period=10.000ns})
  Destination:            system_i/cnn_axi_0/inst/u_cnn_axi_system_top/u_axi_slave/weight_mem_reg[12][0]/CLR
                            (removal check against rising-edge clock clk_fpga_0  {rise@0.000ns fall@5.000ns period=10.000ns})
  Path Group:             **async_default**
  Path Type:              Removal (Min at Fast Process Corner)
  Requirement:            0.000ns  (clk_fpga_0 rise@0.000ns - clk_fpga_0 rise@0.000ns)
  Data Path Delay:        1.719ns  (logic 0.209ns (12.157%)  route 1.510ns (87.843%))
  Logic Levels:           1  (LUT1=1)
  Clock Path Skew:        0.169ns (DCD - SCD - CPR)
    Destination Clock Delay (DCD):    1.194ns
    Source Clock Delay      (SCD):    0.990ns
    Clock Pessimism Removal (CPR):    0.035ns

    Location             Delay type                Incr(ns)  Path(ns)    Netlist Resource(s)
  -------------------------------------------------------------------    -------------------
                         (clock clk_fpga_0 rise edge)
                                                      0.000     0.000 r  
    PS7_X0Y0             PS7                          0.000     0.000 r  system_i/ps7/inst/PS7_i/FCLKCLK[0]
                         net (fo=1, routed)           0.310     0.310    system_i/ps7/inst/FCLK_CLK_unbuffered[0]
    BUFGCTRL_X0Y16       BUFG (Prop_bufg_I_O)         0.026     0.336 r  system_i/ps7/inst/buffer_fclk_clk_0.FCLK_CLK_0_BUFG/O
                         net (fo=7824, routed)        0.654     0.990    system_i/rst_ps7_0/U0/slowest_sync_clk
    SLICE_X30Y115        FDRE                                         r  system_i/rst_ps7_0/U0/ACTIVE_LOW_PR_OUT_DFF[0].FDRE_PER_N/C
  -------------------------------------------------------------------    -------------------
    SLICE_X30Y115        FDRE (Prop_fdre_C_Q)         0.164     1.154 r  system_i/rst_ps7_0/U0/ACTIVE_LOW_PR_OUT_DFF[0].FDRE_PER_N/Q
                         net (fo=7, routed)           1.324     2.478    system_i/cnn_axi_0/inst/u_cnn_axi_system_top/s_axi_aresetn
    SLICE_X30Y76         LUT1 (Prop_lut1_I0_O)        0.045     2.523 f  system_i/cnn_axi_0/inst/u_cnn_axi_system_top/s_axi_awready_i_2/O
                         net (fo=4119, routed)        0.186     2.709    system_i/cnn_axi_0/inst/u_cnn_axi_system_top/u_axi_slave/s_axi_awready_reg_0
    SLICE_X30Y75         FDCE                                         f  system_i/cnn_axi_0/inst/u_cnn_axi_system_top/u_axi_slave/weight_mem_reg[12][0]/CLR
  -------------------------------------------------------------------    -------------------

                         (clock clk_fpga_0 rise edge)
                                                      0.000     0.000 r  
    PS7_X0Y0             PS7                          0.000     0.000 r  system_i/ps7/inst/PS7_i/FCLKCLK[0]
                         net (fo=1, routed)           0.337     0.337    system_i/ps7/inst/FCLK_CLK_unbuffered[0]
    BUFGCTRL_X0Y16       BUFG (Prop_bufg_I_O)         0.029     0.366 r  system_i/ps7/inst/buffer_fclk_clk_0.FCLK_CLK_0_BUFG/O
                         net (fo=7824, routed)        0.828     1.194    system_i/cnn_axi_0/inst/u_cnn_axi_system_top/u_axi_slave/s_axi_aclk
    SLICE_X30Y75         FDCE                                         r  system_i/cnn_axi_0/inst/u_cnn_axi_system_top/u_axi_slave/weight_mem_reg[12][0]/C
                         clock pessimism             -0.035     1.159    
    SLICE_X30Y75         FDCE (Remov_fdce_C_CLR)     -0.067     1.092    system_i/cnn_axi_0/inst/u_cnn_axi_system_top/u_axi_slave/weight_mem_reg[12][0]
  -------------------------------------------------------------------
                         required time                         -1.092    
                         arrival time                           2.709    
  -------------------------------------------------------------------
                         slack                                  1.617    





