Copyright 1986-2022 Xilinx, Inc. All Rights Reserved. Copyright 2022-2025 Advanced Micro Devices, Inc. All Rights Reserved.
---------------------------------------------------------------------------------------------------------------------------------------------
| Tool Version : Vivado v.2025.2 (lin64) Build 6299465 Fri Nov 14 12:34:56 MST 2025
| Date         : Wed Jun 24 02:59:36 2026
| Host         : WIN-DREFJD030RN running 64-bit Ubuntu 26.04 LTS
| Command      : report_timing_summary -file synth_out/streaming_window_buffer/timing_summary.rpt
| Design       : streaming_window_buffer
| Device       : 7a35t-cpg236
| Speed File   : -1  PRODUCTION 1.23 2018-06-13
| Design State : Synthesized
---------------------------------------------------------------------------------------------------------------------------------------------

Timing Summary Report

------------------------------------------------------------------------------------------------
| Timer Settings
| --------------
------------------------------------------------------------------------------------------------

  Enable Multi Corner Analysis               :  Yes
  Enable Pessimism Removal                   :  Yes
  Pessimism Removal Resolution               :  Nearest Common Node
  Enable Input Delay Default Clock           :  No
  Enable Preset / Clear Arcs                 :  No
  Disable Flight Delays                      :  No
  Ignore I/O Paths                           :  No
  Timing Early Launch at Borrowing Latches   :  No
  Borrow Time for Max Delay Exceptions       :  Yes
  Merge Timing Exceptions                    :  Yes
  Inter-SLR Compensation                     :  Conservative

  Corner  Analyze    Analyze    
  Name    Max Paths  Min Paths  
  ------  ---------  ---------  
  Slow    Yes        Yes        
  Fast    Yes        Yes        


------------------------------------------------------------------------------------------------
| Report Methodology
| ------------------
------------------------------------------------------------------------------------------------

No report available as report_methodology has not been run prior. Run report_methodology on the current design for the summary of methodology violations.



check_timing report

Table of Contents
-----------------
1. checking no_clock (0)
2. checking constant_clock (0)
3. checking pulse_width_clock (0)
4. checking unconstrained_internal_endpoints (0)
5. checking no_input_delay (43)
6. checking no_output_delay (249)
7. checking multiple_clock (0)
8. checking generated_clocks (0)
9. checking loops (0)
10. checking partial_input_delay (0)
11. checking partial_output_delay (0)
12. checking latch_loops (0)

1. checking no_clock (0)
------------------------
 There are 0 register/latch pins with no clock.


2. checking constant_clock (0)
------------------------------
 There are 0 register/latch pins with constant_clock.


3. checking pulse_width_clock (0)
---------------------------------
 There are 0 register/latch pins which need pulse_width check


4. checking unconstrained_internal_endpoints (0)
------------------------------------------------
 There are 0 pins that are not constrained for maximum delay.

 There are 0 pins that are not constrained for maximum delay due to constant clock.


5. checking no_input_delay (43)
-------------------------------
 There are 43 input ports with no input delay specified. (HIGH)

 There are 0 input ports with no input delay but user has a false path constraint.


6. checking no_output_delay (249)
---------------------------------
 There are 249 ports with no output delay specified. (HIGH)

 There are 0 ports with no output delay but user has a false path constraint

 There are 0 ports with no output delay but with a timing clock defined on it or propagating through it


7. checking multiple_clock (0)
------------------------------
 There are 0 register/latch pins with multiple clocks.


8. checking generated_clocks (0)
--------------------------------
 There are 0 generated clocks that are not connected to a clock source.


9. checking loops (0)
---------------------
 There are 0 combinational loops in the design.


10. checking partial_input_delay (0)
------------------------------------
 There are 0 input ports with partial input delay specified.


11. checking partial_output_delay (0)
-------------------------------------
 There are 0 ports with partial output delay specified.


12. checking latch_loops (0)
----------------------------
 There are 0 combinational latch loops in the design through latch input



------------------------------------------------------------------------------------------------
| Design Timing Summary
| ---------------------
------------------------------------------------------------------------------------------------

    WNS(ns)      TNS(ns)  TNS Failing Endpoints  TNS Total Endpoints      WHS(ns)      THS(ns)  THS Failing Endpoints  THS Total Endpoints     WPWS(ns)     TPWS(ns)  TPWS Failing Endpoints  TPWS Total Endpoints  
    -------      -------  ---------------------  -------------------      -------      -------  ---------------------  -------------------     --------     --------  ----------------------  --------------------  
      4.595        0.000                      0                 5557        0.154        0.000                      0                 5557        4.500        0.000                       0                  3553  


All user specified timing constraints are met.


------------------------------------------------------------------------------------------------
| Clock Summary
| -------------
------------------------------------------------------------------------------------------------

Clock  Waveform(ns)       Period(ns)      Frequency(MHz)
-----  ------------       ----------      --------------
clk    {0.000 5.000}      10.000          100.000         


------------------------------------------------------------------------------------------------
| Intra Clock Table
| -----------------
------------------------------------------------------------------------------------------------

Clock             WNS(ns)      TNS(ns)  TNS Failing Endpoints  TNS Total Endpoints      WHS(ns)      THS(ns)  THS Failing Endpoints  THS Total Endpoints     WPWS(ns)     TPWS(ns)  TPWS Failing Endpoints  TPWS Total Endpoints  
-----             -------      -------  ---------------------  -------------------      -------      -------  ---------------------  -------------------     --------     --------  ----------------------  --------------------  
clk                 4.595        0.000                      0                 5557        0.154        0.000                      0                 5557        4.500        0.000                       0                  3553  


------------------------------------------------------------------------------------------------
| Inter Clock Table
| -----------------
------------------------------------------------------------------------------------------------

From Clock    To Clock          WNS(ns)      TNS(ns)  TNS Failing Endpoints  TNS Total Endpoints      WHS(ns)      THS(ns)  THS Failing Endpoints  THS Total Endpoints  
----------    --------          -------      -------  ---------------------  -------------------      -------      -------  ---------------------  -------------------  


------------------------------------------------------------------------------------------------
| Other Path Groups Table
| -----------------------
------------------------------------------------------------------------------------------------

Path Group    From Clock    To Clock          WNS(ns)      TNS(ns)  TNS Failing Endpoints  TNS Total Endpoints      WHS(ns)      THS(ns)  THS Failing Endpoints  THS Total Endpoints  
----------    ----------    --------          -------      -------  ---------------------  -------------------      -------      -------  ---------------------  -------------------  


------------------------------------------------------------------------------------------------
| Timing Details
| --------------
------------------------------------------------------------------------------------------------


---------------------------------------------------------------------------------------------------
From Clock:  clk
  To Clock:  clk

Setup :            0  Failing Endpoints,  Worst Slack        4.595ns,  Total Violation        0.000ns
Hold  :            0  Failing Endpoints,  Worst Slack        0.154ns,  Total Violation        0.000ns
PW    :            0  Failing Endpoints,  Worst Slack        4.500ns,  Total Violation        0.000ns
---------------------------------------------------------------------------------------------------


Max Delay Paths
--------------------------------------------------------------------------------------
Slack (MET) :             4.595ns  (required time - arrival time)
  Source:                 cur_ch_reg[0]/C
                            (rising edge-triggered cell FDCE clocked by clk  {rise@0.000ns fall@5.000ns period=10.000ns})
  Destination:            mid_s2_reg[0][1]/D
                            (rising edge-triggered cell FDCE clocked by clk  {rise@0.000ns fall@5.000ns period=10.000ns})
  Path Group:             clk
  Path Type:              Setup (Max at Slow Process Corner)
  Requirement:            10.000ns  (clk rise@10.000ns - clk rise@0.000ns)
  Data Path Delay:        5.254ns  (logic 2.229ns (42.425%)  route 3.025ns (57.575%))
  Logic Levels:           8  (LUT2=1 LUT4=1 LUT6=2 MUXF7=2 MUXF8=2)
  Clock Path Skew:        -0.145ns (DCD - SCD + CPR)
    Destination Clock Delay (DCD):    2.079ns = ( 12.079 - 10.000 ) 
    Source Clock Delay      (SCD):    2.402ns
    Clock Pessimism Removal (CPR):    0.178ns
  Clock Uncertainty:      0.035ns  ((TSJ^2 + TIJ^2)^1/2 + DJ) / 2 + PE
    Total System Jitter     (TSJ):    0.071ns
    Total Input Jitter      (TIJ):    0.000ns
    Discrete Jitter          (DJ):    0.000ns
    Phase Error              (PE):    0.000ns

    Location             Delay type                Incr(ns)  Path(ns)    Netlist Resource(s)
  -------------------------------------------------------------------    -------------------
                         (clock clk rise edge)        0.000     0.000 r  
                                                      0.000     0.000 r  clk (IN)
                         net (fo=0)                   0.000     0.000    clk
                         IBUF (Prop_ibuf_I_O)         0.923     0.923 r  clk_IBUF_inst/O
                         net (fo=1, unplaced)         0.800     1.722    clk_IBUF
                         BUFG (Prop_bufg_I_O)         0.096     1.818 r  clk_IBUF_BUFG_inst/O
                         net (fo=3552, unplaced)      0.584     2.402    clk_IBUF_BUFG
                         FDCE                                         r  cur_ch_reg[0]/C
  -------------------------------------------------------------------    -------------------
                         FDCE (Prop_fdce_C_Q)         0.456     2.858 f  cur_ch_reg[0]/Q
                         net (fo=232, unplaced)       0.591     3.449    cur_ch[0]
                         LUT2 (Prop_lut2_I0_O)        0.295     3.744 r  row_m2[2][0][1]_i_120/O
                         net (fo=64, unplaced)        0.990     4.734    row_m2[2][0][1]_i_120_n_0
                         LUT6 (Prop_lut6_I0_O)        0.124     4.858 r  row_m2[2][0][1]_i_73/O
                         net (fo=1, unplaced)         0.000     4.858    row_m2[2][0][1]_i_73_n_0
                         MUXF7 (Prop_muxf7_I1_O)      0.247     5.105 r  row_m2_reg[2][0][1]_i_32/O
                         net (fo=1, unplaced)         0.000     5.105    row_m2_reg[2][0][1]_i_32_n_0
                         MUXF8 (Prop_muxf8_I0_O)      0.098     5.203 r  row_m2_reg[2][0][1]_i_12/O
                         net (fo=1, unplaced)         0.717     5.920    row_m2_reg[2][0][1]_i_12_n_0
                         LUT6 (Prop_lut6_I0_O)        0.319     6.239 r  row_m2[2][0][1]_i_5/O
                         net (fo=1, unplaced)         0.000     6.239    row_m2[2][0][1]_i_5_n_0
                         MUXF7 (Prop_muxf7_I1_O)      0.247     6.486 r  row_m2_reg[2][0][1]_i_2/O
                         net (fo=1, unplaced)         0.000     6.486    row_m2_reg[2][0][1]_i_2_n_0
                         MUXF8 (Prop_muxf8_I0_O)      0.098     6.584 r  row_m2_reg[2][0][1]_i_1/O
                         net (fo=194, unplaced)       0.727     7.311    row_m1[1]
                         LUT4 (Prop_lut4_I0_O)        0.345     7.656 r  mid_s2[2][1]_i_1/O
                         net (fo=3, unplaced)         0.000     7.656    mid_s2[2][1]_i_1_n_0
                         FDCE                                         r  mid_s2_reg[0][1]/D
  -------------------------------------------------------------------    -------------------

                         (clock clk rise edge)       10.000    10.000 r  
                                                      0.000    10.000 r  clk (IN)
                         net (fo=0)                   0.000    10.000    clk
                         IBUF (Prop_ibuf_I_O)         0.789    10.789 r  clk_IBUF_inst/O
                         net (fo=1, unplaced)         0.760    11.549    clk_IBUF
                         BUFG (Prop_bufg_I_O)         0.091    11.640 r  clk_IBUF_BUFG_inst/O
                         net (fo=3552, unplaced)      0.439    12.079    clk_IBUF_BUFG
                         FDCE                                         r  mid_s2_reg[0][1]/C
                         clock pessimism              0.178    12.257    
                         clock uncertainty           -0.035    12.222    
                         FDCE (Setup_fdce_C_D)        0.029    12.251    mid_s2_reg[0][1]
  -------------------------------------------------------------------
                         required time                         12.251    
                         arrival time                          -7.656    
  -------------------------------------------------------------------
                         slack                                  4.595    





Min Delay Paths
--------------------------------------------------------------------------------------
Slack (MET) :             0.154ns  (arrival time - required time)
  Source:                 top_s0_reg[0][0]/C
                            (rising edge-triggered cell FDCE clocked by clk  {rise@0.000ns fall@5.000ns period=10.000ns})
  Destination:            window_data_reg[0][0][0]/D
                            (rising edge-triggered cell FDCE clocked by clk  {rise@0.000ns fall@5.000ns period=10.000ns})
  Path Group:             clk
  Path Type:              Hold (Min at Fast Process Corner)
  Requirement:            0.000ns  (clk rise@0.000ns - clk rise@0.000ns)
  Data Path Delay:        0.282ns  (logic 0.141ns (50.038%)  route 0.141ns (49.962%))
  Logic Levels:           0  
  Clock Path Skew:        0.145ns (DCD - SCD - CPR)
    Destination Clock Delay (DCD):    0.983ns
    Source Clock Delay      (SCD):    0.629ns
    Clock Pessimism Removal (CPR):    0.209ns

    Location             Delay type                Incr(ns)  Path(ns)    Netlist Resource(s)
  -------------------------------------------------------------------    -------------------
                         (clock clk rise edge)        0.000     0.000 r  
                                                      0.000     0.000 r  clk (IN)
                         net (fo=0)                   0.000     0.000    clk
                         IBUF (Prop_ibuf_I_O)         0.152     0.152 r  clk_IBUF_inst/O
                         net (fo=1, unplaced)         0.337     0.489    clk_IBUF
                         BUFG (Prop_bufg_I_O)         0.026     0.515 r  clk_IBUF_BUFG_inst/O
                         net (fo=3552, unplaced)      0.114     0.629    clk_IBUF_BUFG
                         FDCE                                         r  top_s0_reg[0][0]/C
  -------------------------------------------------------------------    -------------------
                         FDCE (Prop_fdce_C_Q)         0.141     0.770 r  top_s0_reg[0][0]/Q
                         net (fo=1, unplaced)         0.141     0.911    top_s0_reg[0][0]
                         FDCE                                         r  window_data_reg[0][0][0]/D
  -------------------------------------------------------------------    -------------------

                         (clock clk rise edge)        0.000     0.000 r  
                                                      0.000     0.000 r  clk (IN)
                         net (fo=0)                   0.000     0.000    clk
                         IBUF (Prop_ibuf_I_O)         0.340     0.340 r  clk_IBUF_inst/O
                         net (fo=1, unplaced)         0.355     0.695    clk_IBUF
                         BUFG (Prop_bufg_I_O)         0.029     0.724 r  clk_IBUF_BUFG_inst/O
                         net (fo=3552, unplaced)      0.259     0.983    clk_IBUF_BUFG
                         FDCE                                         r  window_data_reg[0][0][0]/C
                         clock pessimism             -0.209     0.774    
                         FDCE (Hold_fdce_C_D)        -0.017     0.757    window_data_reg[0][0][0]
  -------------------------------------------------------------------
                         required time                         -0.757    
                         arrival time                           0.911    
  -------------------------------------------------------------------
                         slack                                  0.154    





Pulse Width Checks
--------------------------------------------------------------------------------------
Clock Name:         clk
Waveform(ns):       { 0.000 5.000 }
Period(ns):         10.000
Sources:            { clk }

Check Type        Corner  Lib Pin  Reference Pin  Required(ns)  Actual(ns)  Slack(ns)  Location  Pin
Min Period        n/a     BUFG/I   n/a            2.155         10.000      7.845                clk_IBUF_BUFG_inst/I
Low Pulse Width   Slow    FDCE/C   n/a            0.500         5.000       4.500                bot_s0_reg[0][0]/C
High Pulse Width  Slow    FDCE/C   n/a            0.500         5.000       4.500                bot_s0_reg[0][0]/C



